Change Component Designator: Old Designator=C32 New Designator=C33
Change Component Designator: Old Designator=C33 New Designator=C34
Change Component Designator: Old Designator=C34 New Designator=C35
Change Component Designator: Old Designator=C35 New Designator=C36
Change Component Designator: Old Designator=C36 New Designator=C37
Change Component Designator: Old Designator=C? New Designator=C32
Change Component Designator: Old Designator=J? New Designator=J13
Change Component Designator: Old Designator=R37 New Designator=R40
Change Component Designator: Old Designator=R38 New Designator=R41
Change Component Designator: Old Designator=R39 New Designator=R42
Change Component Designator: Old Designator=R40 New Designator=R43
Change Component Designator: Old Designator=R41 New Designator=R44
Change Component Designator: Old Designator=R42 New Designator=R45
Change Component Designator: Old Designator=R? New Designator=R37
Change Component Designator: Old Designator=R? New Designator=R38
Change Component Designator: Old Designator=R? New Designator=R39
Change Component Designator: Old Designator=VD? New Designator=VD5
Change Component Designator: Old Designator=VD? New Designator=VD6
Change Component Designator: Old Designator=X6 New Designator=X12
Change Component Designator: Old Designator=X7 New Designator=X6
Change Component Designator: Old Designator=X8 New Designator=X7
Change Component Designator: Old Designator=X9 New Designator=X8
Change Component Designator: Old Designator=X10 New Designator=X9
Change Component Designator: Old Designator=X11 New Designator=X10
Change Component Designator: Old Designator=X12 New Designator=X11
