Removed Member From Class: ClassName=Step_Driver Member=R?
Change Component Designator: OldDesignator=C16 NewDesignator=C20
Change Component Designator: OldDesignator=C17 NewDesignator=C18
Change Component Designator: OldDesignator=C18 NewDesignator=C22
Change Component Designator: OldDesignator=C19 NewDesignator=C27
Change Component Designator: OldDesignator=C20 NewDesignator=C17
Change Component Designator: OldDesignator=C? NewDesignator=C25
Change Component Designator: OldDesignator=D? NewDesignator=D3
Change Component Designator: OldDesignator=J1 NewDesignator=J3
Change Component Designator: OldDesignator=J2 NewDesignator=J4
Change Component Designator: OldDesignator=J4 NewDesignator=J1
Change Component Designator: OldDesignator=R4 NewDesignator=R8
Change Component Designator: OldDesignator=R5 NewDesignator=R9
Change Component Designator: OldDesignator=R6 NewDesignator=R4
Change Component Designator: OldDesignator=R7 NewDesignator=R12
Change Component Designator: OldDesignator=R8 NewDesignator=R14
Change Component Designator: OldDesignator=R9 NewDesignator=R15
Change Component Designator: OldDesignator=R10 NewDesignator=R25
Change Component Designator: OldDesignator=R11 NewDesignator=R26
Change Component Designator: OldDesignator=R12 NewDesignator=R27
Change Component Designator: OldDesignator=R13 NewDesignator=R28
Change Component Designator: OldDesignator=R14 NewDesignator=R29
Change Component Designator: OldDesignator=R15 NewDesignator=R30
Change Component Designator: OldDesignator=R16 NewDesignator=R31
Change Component Designator: OldDesignator=R17 NewDesignator=R32
Change Component Designator: OldDesignator=R18 NewDesignator=R33
Change Component Designator: OldDesignator=R19 NewDesignator=R34
Change Component Designator: OldDesignator=R20 NewDesignator=R35
Change Component Designator: OldDesignator=R21 NewDesignator=R36
Change Component Designator: OldDesignator=R22 NewDesignator=R37
Change Component Designator: OldDesignator=R23 NewDesignator=R38
Change Component Designator: OldDesignator=R24 NewDesignator=R39
Change Component Designator: OldDesignator=R25 NewDesignator=R40
Change Component Designator: OldDesignator=R26 NewDesignator=R41
Change Component Designator: OldDesignator=R27 NewDesignator=R42
Change Component Designator: OldDesignator=R? NewDesignator=R6
Change Component Designator: OldDesignator=X2 NewDesignator=X3
Change Component Designator: OldDesignator=X5 NewDesignator=X2
Added Component: Designator=C16(CAP: 0805)
Add component (AddParameter): Name = "Значение"; Value = "10?F"; VariantName = "[No Variations]"
Add component (AddParameter): Name = "Напряжение"; Value = "16V"; VariantName = "[No Variations]"
Add component (AddParameter): Name = "Производитель"; Value = "Yageo"; VariantName = "[No Variations]"
Add component (AddParameter): Name = "Ссылка"; Value = "***"; VariantName = "[No Variations]"
Add component (AddParameter): Name = "ТипДиэлектрика"; Value = "X7R"; VariantName = "[No Variations]"
Add component (AddParameter): Name = "ТипКомпонента"; Value = "Ceramic capacitor"; VariantName = "[No Variations]"
Add component (AddParameter): Name = "Типоразмер"; Value = "0201"; VariantName = "[No Variations]"
Add component (AddParameter): Name = "Точность"; Value = "±10%"; VariantName = "[No Variations]"
Add component (AddParameter): Name = "УникальныйНомер"; Value = "CC0201KRX7R7BB103"; VariantName = "[No Variations]"
Added Component: Designator=C19(CAP: 0805)
Add component (AddParameter): Name = "Значение"; Value = "0.1?F"; VariantName = "[No Variations]"
Add component (AddParameter): Name = "Напряжение"; Value = "16V"; VariantName = "[No Variations]"
Add component (AddParameter): Name = "Производитель"; Value = "Yageo"; VariantName = "[No Variations]"
Add component (AddParameter): Name = "Ссылка"; Value = "***"; VariantName = "[No Variations]"
Add component (AddParameter): Name = "ТипДиэлектрика"; Value = "X7R"; VariantName = "[No Variations]"
Add component (AddParameter): Name = "ТипКомпонента"; Value = "Ceramic capacitor"; VariantName = "[No Variations]"
Add component (AddParameter): Name = "Типоразмер"; Value = "0201"; VariantName = "[No Variations]"
Add component (AddParameter): Name = "Точность"; Value = "±10%"; VariantName = "[No Variations]"
Add component (AddParameter): Name = "УникальныйНомер"; Value = "CC0201KRX7R7BB103"; VariantName = "[No Variations]"
Added Component: Designator=C21(CAP: 0805)
Add component (AddParameter): Name = "Значение"; Value = "0.22?F"; VariantName = "[No Variations]"
Add component (AddParameter): Name = "Напряжение"; Value = "16V"; VariantName = "[No Variations]"
Add component (AddParameter): Name = "Производитель"; Value = "Yageo"; VariantName = "[No Variations]"
Add component (AddParameter): Name = "Ссылка"; Value = "***"; VariantName = "[No Variations]"
Add component (AddParameter): Name = "ТипДиэлектрика"; Value = "X7R"; VariantName = "[No Variations]"
Add component (AddParameter): Name = "ТипКомпонента"; Value = "Ceramic capacitor"; VariantName = "[No Variations]"
Add component (AddParameter): Name = "Типоразмер"; Value = "0201"; VariantName = "[No Variations]"
Add component (AddParameter): Name = "Точность"; Value = "±10%"; VariantName = "[No Variations]"
Add component (AddParameter): Name = "УникальныйНомер"; Value = "CC0201KRX7R7BB103"; VariantName = "[No Variations]"
Added Component: Designator=C23(CAP: 0805)
Add component (AddParameter): Name = "Значение"; Value = "0.1?F"; VariantName = "[No Variations]"
Add component (AddParameter): Name = "Напряжение"; Value = "16V"; VariantName = "[No Variations]"
Add component (AddParameter): Name = "Производитель"; Value = "Yageo"; VariantName = "[No Variations]"
Add component (AddParameter): Name = "Ссылка"; Value = "***"; VariantName = "[No Variations]"
Add component (AddParameter): Name = "ТипДиэлектрика"; Value = "X7R"; VariantName = "[No Variations]"
Add component (AddParameter): Name = "ТипКомпонента"; Value = "Ceramic capacitor"; VariantName = "[No Variations]"
Add component (AddParameter): Name = "Типоразмер"; Value = "0201"; VariantName = "[No Variations]"
Add component (AddParameter): Name = "Точность"; Value = "±10%"; VariantName = "[No Variations]"
Add component (AddParameter): Name = "УникальныйНомер"; Value = "CC0201KRX7R7BB103"; VariantName = "[No Variations]"
Added Component: Designator=C24(CAP: SMD D6.3A6.6H7.7)
Add component (AddParameter): Name = "Значение"; Value = "330?F"; VariantName = "[No Variations]"
Add component (AddParameter): Name = "Напряжение"; Value = "25V"; VariantName = "[No Variations]"
Add component (AddParameter): Name = "Производитель"; Value = "Wurth"; VariantName = "[No Variations]"
Add component (AddParameter): Name = "Ссылка"; Value = "***"; VariantName = "[No Variations]"
Add component (AddParameter): Name = "ТипКомпонента"; Value = "Aluminium capacitor"; VariantName = "[No Variations]"
Add component (AddParameter): Name = "Типоразмер"; Value = "14x10x5 mm"; VariantName = "[No Variations]"
Add component (AddParameter): Name = "Точность"; Value = "±20%"; VariantName = "[No Variations]"
Add component (AddParameter): Name = "УникальныйНомер"; Value = "860080475013"; VariantName = "[No Variations]"
Added Component: Designator=C26(CAP: 0805)
Add component (AddParameter): Name = "Значение"; Value = "0.1?F"; VariantName = "[No Variations]"
Add component (AddParameter): Name = "Напряжение"; Value = "16V"; VariantName = "[No Variations]"
Add component (AddParameter): Name = "Производитель"; Value = "Yageo"; VariantName = "[No Variations]"
Add component (AddParameter): Name = "Ссылка"; Value = "***"; VariantName = "[No Variations]"
Add component (AddParameter): Name = "ТипДиэлектрика"; Value = "X7R"; VariantName = "[No Variations]"
Add component (AddParameter): Name = "ТипКомпонента"; Value = "Ceramic capacitor"; VariantName = "[No Variations]"
Add component (AddParameter): Name = "Типоразмер"; Value = "0201"; VariantName = "[No Variations]"
Add component (AddParameter): Name = "Точность"; Value = "±10%"; VariantName = "[No Variations]"
Add component (AddParameter): Name = "УникальныйНомер"; Value = "CC0201KRX7R7BB103"; VariantName = "[No Variations]"
Added Component: Designator=C28(CAP: 0805)
Add component (AddParameter): Name = "Значение"; Value = "10?F"; VariantName = "[No Variations]"
Add component (AddParameter): Name = "Напряжение"; Value = "16V"; VariantName = "[No Variations]"
Add component (AddParameter): Name = "Производитель"; Value = "Yageo"; VariantName = "[No Variations]"
Add component (AddParameter): Name = "Ссылка"; Value = "***"; VariantName = "[No Variations]"
Add component (AddParameter): Name = "ТипДиэлектрика"; Value = "X7R"; VariantName = "[No Variations]"
Add component (AddParameter): Name = "ТипКомпонента"; Value = "Ceramic capacitor"; VariantName = "[No Variations]"
Add component (AddParameter): Name = "Типоразмер"; Value = "0201"; VariantName = "[No Variations]"
Add component (AddParameter): Name = "Точность"; Value = "±10%"; VariantName = "[No Variations]"
Add component (AddParameter): Name = "УникальныйНомер"; Value = "CC0201KRX7R7BB103"; VariantName = "[No Variations]"
Added Component: Designator=C29(CAP: 0805)
Add component (AddParameter): Name = "Значение"; Value = "0.1?F"; VariantName = "[No Variations]"
Add component (AddParameter): Name = "Напряжение"; Value = "16V"; VariantName = "[No Variations]"
Add component (AddParameter): Name = "Производитель"; Value = "Yageo"; VariantName = "[No Variations]"
Add component (AddParameter): Name = "Ссылка"; Value = "***"; VariantName = "[No Variations]"
Add component (AddParameter): Name = "ТипДиэлектрика"; Value = "X7R"; VariantName = "[No Variations]"
Add component (AddParameter): Name = "ТипКомпонента"; Value = "Ceramic capacitor"; VariantName = "[No Variations]"
Add component (AddParameter): Name = "Типоразмер"; Value = "0201"; VariantName = "[No Variations]"
Add component (AddParameter): Name = "Точность"; Value = "±10%"; VariantName = "[No Variations]"
Add component (AddParameter): Name = "УникальныйНомер"; Value = "CC0201KRX7R7BB103"; VariantName = "[No Variations]"
Added Component: Designator=C30(CAP: 0805)
Add component (AddParameter): Name = "Значение"; Value = "0.22?F"; VariantName = "[No Variations]"
Add component (AddParameter): Name = "Напряжение"; Value = "16V"; VariantName = "[No Variations]"
Add component (AddParameter): Name = "Производитель"; Value = "Yageo"; VariantName = "[No Variations]"
Add component (AddParameter): Name = "Ссылка"; Value = "***"; VariantName = "[No Variations]"
Add component (AddParameter): Name = "ТипДиэлектрика"; Value = "X7R"; VariantName = "[No Variations]"
Add component (AddParameter): Name = "ТипКомпонента"; Value = "Ceramic capacitor"; VariantName = "[No Variations]"
Add component (AddParameter): Name = "Типоразмер"; Value = "0201"; VariantName = "[No Variations]"
Add component (AddParameter): Name = "Точность"; Value = "±10%"; VariantName = "[No Variations]"
Add component (AddParameter): Name = "УникальныйНомер"; Value = "CC0201KRX7R7BB103"; VariantName = "[No Variations]"
Added Component: Designator=C31(CAP: 0805)
Add component (AddParameter): Name = "Значение"; Value = "0.1?F"; VariantName = "[No Variations]"
Add component (AddParameter): Name = "Напряжение"; Value = "16V"; VariantName = "[No Variations]"
Add component (AddParameter): Name = "Производитель"; Value = "Yageo"; VariantName = "[No Variations]"
Add component (AddParameter): Name = "Ссылка"; Value = "***"; VariantName = "[No Variations]"
Add component (AddParameter): Name = "ТипДиэлектрика"; Value = "X7R"; VariantName = "[No Variations]"
Add component (AddParameter): Name = "ТипКомпонента"; Value = "Ceramic capacitor"; VariantName = "[No Variations]"
Add component (AddParameter): Name = "Типоразмер"; Value = "0201"; VariantName = "[No Variations]"
Add component (AddParameter): Name = "Точность"; Value = "±10%"; VariantName = "[No Variations]"
Add component (AddParameter): Name = "УникальныйНомер"; Value = "CC0201KRX7R7BB103"; VariantName = "[No Variations]"
Added Component: Designator=C32(CAP: SMD D6.3A6.6H7.7)
Add component (AddParameter): Name = "Значение"; Value = "330?F"; VariantName = "[No Variations]"
Add component (AddParameter): Name = "Напряжение"; Value = "25V"; VariantName = "[No Variations]"
Add component (AddParameter): Name = "Производитель"; Value = "Wurth"; VariantName = "[No Variations]"
Add component (AddParameter): Name = "Ссылка"; Value = "***"; VariantName = "[No Variations]"
Add component (AddParameter): Name = "ТипКомпонента"; Value = "Aluminium capacitor"; VariantName = "[No Variations]"
Add component (AddParameter): Name = "Типоразмер"; Value = "14x10x5 mm"; VariantName = "[No Variations]"
Add component (AddParameter): Name = "Точность"; Value = "±20%"; VariantName = "[No Variations]"
Add component (AddParameter): Name = "УникальныйНомер"; Value = "860080475013"; VariantName = "[No Variations]"
Added Component: Designator=C33(CAP: 0805)
Add component (AddParameter): Name = "Значение"; Value = "0.1?F"; VariantName = "[No Variations]"
Add component (AddParameter): Name = "Напряжение"; Value = "16V"; VariantName = "[No Variations]"
Add component (AddParameter): Name = "Производитель"; Value = "Yageo"; VariantName = "[No Variations]"
Add component (AddParameter): Name = "Ссылка"; Value = "***"; VariantName = "[No Variations]"
Add component (AddParameter): Name = "ТипДиэлектрика"; Value = "X7R"; VariantName = "[No Variations]"
Add component (AddParameter): Name = "ТипКомпонента"; Value = "Ceramic capacitor"; VariantName = "[No Variations]"
Add component (AddParameter): Name = "Типоразмер"; Value = "0201"; VariantName = "[No Variations]"
Add component (AddParameter): Name = "Точность"; Value = "±10%"; VariantName = "[No Variations]"
Add component (AddParameter): Name = "УникальныйНомер"; Value = "CC0201KRX7R7BB103"; VariantName = "[No Variations]"
Added Component: Designator=D4(24-TSSOP-PAD)
Add component (AddParameter): Name = "Производитель"; Value = "UMW(Youtai Semiconductor Co., Ltd.)"; VariantName = "[No Variations]"
Add component (AddParameter): Name = "Ссылка"; Value = "***"; VariantName = "[No Variations]"
Add component (AddParameter): Name = "ТипКомпонента"; Value = "Battery Charger "; VariantName = "[No Variations]"
Add component (AddParameter): Name = "Типоразмер"; Value = "SOIC 8"; VariantName = "[No Variations]"
Add component (AddParameter): Name = "УникальныйНомер"; Value = "A4982"; VariantName = "[No Variations]"
Added Component: Designator=D5(24-TSSOP-PAD)
Add component (AddParameter): Name = "Производитель"; Value = "UMW(Youtai Semiconductor Co., Ltd.)"; VariantName = "[No Variations]"
Add component (AddParameter): Name = "Ссылка"; Value = "***"; VariantName = "[No Variations]"
Add component (AddParameter): Name = "ТипКомпонента"; Value = "Battery Charger "; VariantName = "[No Variations]"
Add component (AddParameter): Name = "Типоразмер"; Value = "SOIC 8"; VariantName = "[No Variations]"
Add component (AddParameter): Name = "УникальныйНомер"; Value = "A4982"; VariantName = "[No Variations]"
Added Component: Designator=J2(CON: JUMPER x2)
Add component (AddParameter): Name = "CommentText"; Value = ""Перемычка""; VariantName = "[No Variations]"
Added Component: Designator=J5(CON: JUMPER x1)
Add component (AddParameter): Name = "CommentText"; Value = ""Перемычка""; VariantName = "[No Variations]"
Added Component: Designator=J6(CON: JUMPER x1)
Add component (AddParameter): Name = "CommentText"; Value = ""Перемычка""; VariantName = "[No Variations]"
Added Component: Designator=J7(CON: JUMPER x1)
Add component (AddParameter): Name = "CommentText"; Value = ""Перемычка""; VariantName = "[No Variations]"
Added Component: Designator=J8(CON: JUMPER x1)
Add component (AddParameter): Name = "CommentText"; Value = ""Перемычка""; VariantName = "[No Variations]"
Added Component: Designator=R5(RES: 0805)
Add component (AddParameter): Name = "Значение"; Value = "20k"; VariantName = "[No Variations]"
Add component (AddParameter): Name = "Производитель"; Value = "YAGEO"; VariantName = "[No Variations]"
Add component (AddParameter): Name = "Ссылка"; Value = "***"; VariantName = "[No Variations]"
Add component (AddParameter): Name = "ТипКомпонента"; Value = "Резистор SMD"; VariantName = "[No Variations]"
Add component (AddParameter): Name = "Типоразмер"; Value = "0201"; VariantName = "[No Variations]"
Add component (AddParameter): Name = "Точность"; Value = "±5%"; VariantName = "[No Variations]"
Add component (AddParameter): Name = "УникальныйНомер"; Value = "RC0201JR-07100RL"; VariantName = "[No Variations]"
Added Component: Designator=R7(RES: 3296W)
Add component (AddParameter): Name = "Значение"; Value = "10 кОм"; VariantName = "[No Variations]"
Add component (AddParameter): Name = "Производитель"; Value = "Bourns"; VariantName = "[No Variations]"
Add component (AddParameter): Name = "Ссылка"; Value = "***"; VariantName = "[No Variations]"
Add component (AddParameter): Name = "ТипКомпонента"; Value = "Resistor film"; VariantName = "[No Variations]"
Add component (AddParameter): Name = "Типоразмер"; Value = "3296W"; VariantName = "[No Variations]"
Add component (AddParameter): Name = "Точность"; Value = "±10%"; VariantName = "[No Variations]"
Add component (AddParameter): Name = "УникальныйНомер"; Value = "3296W-1-103LF"; VariantName = "[No Variations]"
Added Component: Designator=R10(RES: 0805)
Add component (AddParameter): Name = "Значение"; Value = "4k7"; VariantName = "[No Variations]"
Add component (AddParameter): Name = "Производитель"; Value = "YAGEO"; VariantName = "[No Variations]"
Add component (AddParameter): Name = "Ссылка"; Value = "***"; VariantName = "[No Variations]"
Add component (AddParameter): Name = "ТипКомпонента"; Value = "Резистор SMD"; VariantName = "[No Variations]"
Add component (AddParameter): Name = "Типоразмер"; Value = "0201"; VariantName = "[No Variations]"
Add component (AddParameter): Name = "Точность"; Value = "±5%"; VariantName = "[No Variations]"
Add component (AddParameter): Name = "УникальныйНомер"; Value = "RC0201JR-07100RL"; VariantName = "[No Variations]"
Added Component: Designator=R11(RES: 0805)
Add component (AddParameter): Name = "Значение"; Value = "100k"; VariantName = "[No Variations]"
Add component (AddParameter): Name = "Производитель"; Value = "YAGEO"; VariantName = "[No Variations]"
Add component (AddParameter): Name = "Ссылка"; Value = "***"; VariantName = "[No Variations]"
Add component (AddParameter): Name = "ТипКомпонента"; Value = "Резистор SMD"; VariantName = "[No Variations]"
Add component (AddParameter): Name = "Типоразмер"; Value = "0201"; VariantName = "[No Variations]"
Add component (AddParameter): Name = "Точность"; Value = "±5%"; VariantName = "[No Variations]"
Add component (AddParameter): Name = "УникальныйНомер"; Value = "RC0201JR-07100RL"; VariantName = "[No Variations]"
Added Component: Designator=R13(RES: 0805)
Add component (AddParameter): Name = "Значение"; Value = "10k"; VariantName = "[No Variations]"
Add component (AddParameter): Name = "Производитель"; Value = "YAGEO"; VariantName = "[No Variations]"
Add component (AddParameter): Name = "Ссылка"; Value = "***"; VariantName = "[No Variations]"
Add component (AddParameter): Name = "ТипКомпонента"; Value = "Резистор SMD"; VariantName = "[No Variations]"
Add component (AddParameter): Name = "Типоразмер"; Value = "0201"; VariantName = "[No Variations]"
Add component (AddParameter): Name = "Точность"; Value = "±5%"; VariantName = "[No Variations]"
Add component (AddParameter): Name = "УникальныйНомер"; Value = "RC0201JR-07100RL"; VariantName = "[No Variations]"
Added Component: Designator=R16(RES: 2010)
Add component (AddParameter): Name = "Значение"; Value = "R100"; VariantName = "[No Variations]"
Add component (AddParameter): Name = "Производитель"; Value = "YAGEO"; VariantName = "[No Variations]"
Add component (AddParameter): Name = "Ссылка"; Value = "***"; VariantName = "[No Variations]"
Add component (AddParameter): Name = "ТипКомпонента"; Value = "Резистор SMD"; VariantName = "[No Variations]"
Add component (AddParameter): Name = "Типоразмер"; Value = "0201"; VariantName = "[No Variations]"
Add component (AddParameter): Name = "Точность"; Value = "±5%"; VariantName = "[No Variations]"
Add component (AddParameter): Name = "УникальныйНомер"; Value = "RC0201JR-07100RL"; VariantName = "[No Variations]"
Added Component: Designator=R17(RES: 2010)
Add component (AddParameter): Name = "Значение"; Value = "R100"; VariantName = "[No Variations]"
Add component (AddParameter): Name = "Производитель"; Value = "YAGEO"; VariantName = "[No Variations]"
Add component (AddParameter): Name = "Ссылка"; Value = "***"; VariantName = "[No Variations]"
Add component (AddParameter): Name = "ТипКомпонента"; Value = "Резистор SMD"; VariantName = "[No Variations]"
Add component (AddParameter): Name = "Типоразмер"; Value = "0201"; VariantName = "[No Variations]"
Add component (AddParameter): Name = "Точность"; Value = "±5%"; VariantName = "[No Variations]"
Add component (AddParameter): Name = "УникальныйНомер"; Value = "RC0201JR-07100RL"; VariantName = "[No Variations]"
Added Component: Designator=R18(RES: 0805)
Add component (AddParameter): Name = "Значение"; Value = "20k"; VariantName = "[No Variations]"
Add component (AddParameter): Name = "Производитель"; Value = "YAGEO"; VariantName = "[No Variations]"
Add component (AddParameter): Name = "Ссылка"; Value = "***"; VariantName = "[No Variations]"
Add component (AddParameter): Name = "ТипКомпонента"; Value = "Резистор SMD"; VariantName = "[No Variations]"
Add component (AddParameter): Name = "Типоразмер"; Value = "0201"; VariantName = "[No Variations]"
Add component (AddParameter): Name = "Точность"; Value = "±5%"; VariantName = "[No Variations]"
Add component (AddParameter): Name = "УникальныйНомер"; Value = "RC0201JR-07100RL"; VariantName = "[No Variations]"
Added Component: Designator=R19(RES: 3296W)
Add component (AddParameter): Name = "Значение"; Value = "10 кОм"; VariantName = "[No Variations]"
Add component (AddParameter): Name = "Производитель"; Value = "Bourns"; VariantName = "[No Variations]"
Add component (AddParameter): Name = "Ссылка"; Value = "***"; VariantName = "[No Variations]"
Add component (AddParameter): Name = "ТипКомпонента"; Value = "Resistor film"; VariantName = "[No Variations]"
Add component (AddParameter): Name = "Типоразмер"; Value = "3296W"; VariantName = "[No Variations]"
Add component (AddParameter): Name = "Точность"; Value = "±10%"; VariantName = "[No Variations]"
Add component (AddParameter): Name = "УникальныйНомер"; Value = "3296W-1-103LF"; VariantName = "[No Variations]"
Added Component: Designator=R20(RES: 0805)
Add component (AddParameter): Name = "Значение"; Value = "4k7"; VariantName = "[No Variations]"
Add component (AddParameter): Name = "Производитель"; Value = "YAGEO"; VariantName = "[No Variations]"
Add component (AddParameter): Name = "Ссылка"; Value = "***"; VariantName = "[No Variations]"
Add component (AddParameter): Name = "ТипКомпонента"; Value = "Резистор SMD"; VariantName = "[No Variations]"
Add component (AddParameter): Name = "Типоразмер"; Value = "0201"; VariantName = "[No Variations]"
Add component (AddParameter): Name = "Точность"; Value = "±5%"; VariantName = "[No Variations]"
Add component (AddParameter): Name = "УникальныйНомер"; Value = "RC0201JR-07100RL"; VariantName = "[No Variations]"
Added Component: Designator=R21(RES: 0805)
Add component (AddParameter): Name = "Значение"; Value = "100k"; VariantName = "[No Variations]"
Add component (AddParameter): Name = "Производитель"; Value = "YAGEO"; VariantName = "[No Variations]"
Add component (AddParameter): Name = "Ссылка"; Value = "***"; VariantName = "[No Variations]"
Add component (AddParameter): Name = "ТипКомпонента"; Value = "Резистор SMD"; VariantName = "[No Variations]"
Add component (AddParameter): Name = "Типоразмер"; Value = "0201"; VariantName = "[No Variations]"
Add component (AddParameter): Name = "Точность"; Value = "±5%"; VariantName = "[No Variations]"
Add component (AddParameter): Name = "УникальныйНомер"; Value = "RC0201JR-07100RL"; VariantName = "[No Variations]"
Added Component: Designator=R22(RES: 0805)
Add component (AddParameter): Name = "Значение"; Value = "10k"; VariantName = "[No Variations]"
Add component (AddParameter): Name = "Производитель"; Value = "YAGEO"; VariantName = "[No Variations]"
Add component (AddParameter): Name = "Ссылка"; Value = "***"; VariantName = "[No Variations]"
Add component (AddParameter): Name = "ТипКомпонента"; Value = "Резистор SMD"; VariantName = "[No Variations]"
Add component (AddParameter): Name = "Типоразмер"; Value = "0201"; VariantName = "[No Variations]"
Add component (AddParameter): Name = "Точность"; Value = "±5%"; VariantName = "[No Variations]"
Add component (AddParameter): Name = "УникальныйНомер"; Value = "RC0201JR-07100RL"; VariantName = "[No Variations]"
Added Component: Designator=R23(RES: 2010)
Add component (AddParameter): Name = "Значение"; Value = "R100"; VariantName = "[No Variations]"
Add component (AddParameter): Name = "Производитель"; Value = "YAGEO"; VariantName = "[No Variations]"
Add component (AddParameter): Name = "Ссылка"; Value = "***"; VariantName = "[No Variations]"
Add component (AddParameter): Name = "ТипКомпонента"; Value = "Резистор SMD"; VariantName = "[No Variations]"
Add component (AddParameter): Name = "Типоразмер"; Value = "0201"; VariantName = "[No Variations]"
Add component (AddParameter): Name = "Точность"; Value = "±5%"; VariantName = "[No Variations]"
Add component (AddParameter): Name = "УникальныйНомер"; Value = "RC0201JR-07100RL"; VariantName = "[No Variations]"
Added Component: Designator=R24(RES: 2010)
Add component (AddParameter): Name = "Значение"; Value = "R100"; VariantName = "[No Variations]"
Add component (AddParameter): Name = "Производитель"; Value = "YAGEO"; VariantName = "[No Variations]"
Add component (AddParameter): Name = "Ссылка"; Value = "***"; VariantName = "[No Variations]"
Add component (AddParameter): Name = "ТипКомпонента"; Value = "Резистор SMD"; VariantName = "[No Variations]"
Add component (AddParameter): Name = "Типоразмер"; Value = "0201"; VariantName = "[No Variations]"
Add component (AddParameter): Name = "Точность"; Value = "±5%"; VariantName = "[No Variations]"
Add component (AddParameter): Name = "УникальныйНомер"; Value = "RC0201JR-07100RL"; VariantName = "[No Variations]"
Added Component: Designator=X5(CON: 15EDGVC-3.5-04)
Add component (AddParameter): Name = "CommentText"; Value = ""Разъем""; VariantName = "[No Variations]"
Add component (AddParameter): Name = "CurrentMax"; Value = "10A"; VariantName = "[No Variations]"
Add component (AddParameter): Name = "HelpURL"; Value = "https://www.compel.ru/infosheet/DEGSON/DG350-3.5-06P-14-00AH"; VariantName = "[No Variations]"
Add component (AddParameter): Name = "Manufacturer"; Value = "Degson"; VariantName = "[No Variations]"
Add component (AddParameter): Name = "Multichannel"; Value = "6pin"; VariantName = "[No Variations]"
Add component (AddParameter): Name = "PartNumber"; Value = "DG350-3.5-06P-14"; VariantName = "[No Variations]"
Add component (AddParameter): Name = "Pitch"; Value = "3.5mm"; VariantName = "[No Variations]"
Add component (AddParameter): Name = "TypeConnector"; Value = "Terminal connector"; VariantName = "[No Variations]"
Add component (AddParameter): Name = "ValueManufacturerPartNumber"; Value = "Terminal connector, 6pin, 3.5mm, 300VAC, 10A"; VariantName = "[No Variations]"
Add component (AddParameter): Name = "VoltageMax"; Value = "300VAC"; VariantName = "[No Variations]"
Added Pin To Net: NetName=+5V Pin=C16-1
Added Pin To Net: NetName=GND Pin=C16-2
Added Pin To Net: NetName=+5V Pin=C17-1
Added Pin To Net: NetName=GND Pin=C17-2
Added Pin To Net: NetName=GND Pin=C20-1
Added Pin To Net: NetName=GND Pin=C21-1
Added Pin To Net: NetName=VCCIN Pin=C22-2
Added Pin To Net: NetName=VCCIN Pin=C23-2
Added Pin To Net: NetName=VCCIN Pin=C24-1
Added Pin To Net: NetName=GND Pin=C24-2
Added Pin To Net: NetName=VCCIN Pin=C25-1
Added Pin To Net: NetName=GND Pin=C25-2
Added Pin To Net: NetName=GND Pin=C26-1
Added Pin To Net: NetName=VCCIN Pin=C26-2
Added Pin To Net: NetName=GND Pin=C27-1
Added Pin To Net: NetName=VCCIN Pin=C27-2
Added Pin To Net: NetName=+5V Pin=C28-1
Added Pin To Net: NetName=GND Pin=C28-2
Added Pin To Net: NetName=GND Pin=C30-1
Added Pin To Net: NetName=VCCIN Pin=C31-2
Added Pin To Net: NetName=VCCIN Pin=C32-1
Added Pin To Net: NetName=GND Pin=C32-2
Added Pin To Net: NetName=GND Pin=C33-1
Added Pin To Net: NetName=VCCIN Pin=C33-2
Added Pin To Net: NetName=+5V Pin=D3-10
Added Pin To Net: NetName=GND Pin=D3-13
Added Pin To Net: NetName=VCCIN Pin=D3-16
Added Pin To Net: NetName=VCCIN Pin=D3-21
Added Pin To Net: NetName=GND Pin=D3-24
Added Pin To Net: NetName=GND Pin=D3-PAD
Added Pin To Net: NetName=+5V Pin=D4-10
Added Pin To Net: NetName=GND Pin=D4-13
Added Pin To Net: NetName=VCCIN Pin=D4-16
Added Pin To Net: NetName=VCCIN Pin=D4-21
Added Pin To Net: NetName=GND Pin=D4-24
Added Pin To Net: NetName=GND Pin=D4-PAD
Added Pin To Net: NetName=+5V Pin=D5-10
Added Pin To Net: NetName=GND Pin=D5-13
Added Pin To Net: NetName=VCCIN Pin=D5-16
Added Pin To Net: NetName=VCCIN Pin=D5-21
Added Pin To Net: NetName=GND Pin=D5-24
Added Pin To Net: NetName=GND Pin=D5-PAD
Added Pin To Net: NetName=+5V Pin=J3-1
Added Pin To Net: NetName=+5V Pin=J4-1
Added Pin To Net: NetName=+5V Pin=J5-1
Added Pin To Net: NetName=+5V Pin=J6-1
Added Pin To Net: NetName=+5V Pin=J7-1
Added Pin To Net: NetName=+5V Pin=J8-1
Added Pin To Net: NetName=+5V Pin=R4-2
Added Pin To Net: NetName=+5V Pin=R5-2
Added Pin To Net: NetName=GND Pin=R6-3
Added Pin To Net: NetName=GND Pin=R7-3
Added Pin To Net: NetName=+5V Pin=R8-1
Added Pin To Net: NetName=+5V Pin=R9-1
Added Pin To Net: NetName=+5V Pin=R10-1
Added Pin To Net: NetName=+5V Pin=R11-1
Added Pin To Net: NetName=GND Pin=R12-1
Added Pin To Net: NetName=GND Pin=R13-1
Added Pin To Net: NetName=GND Pin=R14-2
Added Pin To Net: NetName=GND Pin=R15-2
Added Pin To Net: NetName=GND Pin=R16-2
Added Pin To Net: NetName=GND Pin=R17-2
Added Pin To Net: NetName=+5V Pin=R18-2
Added Pin To Net: NetName=GND Pin=R19-3
Added Pin To Net: NetName=+5V Pin=R20-1
Added Pin To Net: NetName=+5V Pin=R21-1
Added Pin To Net: NetName=GND Pin=R22-1
Added Pin To Net: NetName=GND Pin=R23-2
Added Pin To Net: NetName=GND Pin=R24-2
Added Pin To Net: NetName=+5V Pin=X2-1
Added Pin To Net: NetName=GND Pin=X2-8
Change Net Name : Old Net Name=NetR10_2 New Net Name=NetR25_2
Change Net Name : Old Net Name=NetR11_2 New Net Name=NetR26_2
Change Net Name : Old Net Name=NetR12_2 New Net Name=NetR27_2
Change Net Name : Old Net Name=NetR13_2 New Net Name=NetR28_2
Change Net Name : Old Net Name=NetR14_2 New Net Name=NetR29_2
Change Net Name : Old Net Name=NetR15_2 New Net Name=NetR30_2
Change Net Name : Old Net Name=NetR16_2 New Net Name=NetR31_2
Change Net Name : Old Net Name=NetR17_2 New Net Name=NetR32_2
Change Net Name : Old Net Name=NetR18_2 New Net Name=NetR33_2
Change Net Name : Old Net Name=NetR19_2 New Net Name=NetR34_2
Change Net Name : Old Net Name=NetR20_2 New Net Name=NetR35_2
Change Net Name : Old Net Name=NetR21_2 New Net Name=NetR36_2
Change Net Name : Old Net Name=NetR22_1 New Net Name=NetR37_1
Change Net Name : Old Net Name=NetR23_1 New Net Name=NetR38_1
Change Net Name : Old Net Name=NetR24_1 New Net Name=NetR39_1
Change Net Name : Old Net Name=NetR25_1 New Net Name=NetR40_1
Change Net Name : Old Net Name=NetR26_1 New Net Name=NetR41_1
Change Net Name : Old Net Name=NetR27_1 New Net Name=NetR42_1
Added Pin To Net: NetName=DIR3 Pin=X2-6
Added Net: Name=DIR3
Added Pin To Net: NetName=DIR4 Pin=D5-14
Added Net: Name=DIR4
Added Pin To Net: NetName=NetC18_1 Pin=C18-1
Added Pin To Net: NetName=NetC18_1 Pin=D3-2
Added Net: Name=NetC18_1
Added Pin To Net: NetName=NetC18_2 Pin=C18-2
Added Pin To Net: NetName=NetC18_2 Pin=D3-1
Added Net: Name=NetC18_2
Added Pin To Net: NetName=NetC19_1 Pin=C19-1
Added Pin To Net: NetName=NetC19_1 Pin=D4-2
Added Net: Name=NetC19_1
Added Pin To Net: NetName=NetC19_2 Pin=C19-2
Added Pin To Net: NetName=NetC19_2 Pin=D4-1
Added Net: Name=NetC19_2
Added Pin To Net: NetName=NetC20_2 Pin=C20-2
Added Pin To Net: NetName=NetC20_2 Pin=D3-4
Added Net: Name=NetC20_2
Added Pin To Net: NetName=NetC21_2 Pin=C21-2
Added Pin To Net: NetName=NetC21_2 Pin=D4-4
Added Net: Name=NetC21_2
Added Pin To Net: NetName=NetC22_1 Pin=C22-1
Added Pin To Net: NetName=NetC22_1 Pin=D3-3
Added Net: Name=NetC22_1
Added Pin To Net: NetName=NetC23_1 Pin=C23-1
Added Pin To Net: NetName=NetC23_1 Pin=D4-3
Added Net: Name=NetC23_1
Added Pin To Net: NetName=NetC29_1 Pin=C29-1
Added Pin To Net: NetName=NetC29_1 Pin=D5-2
Added Net: Name=NetC29_1
Added Pin To Net: NetName=NetC29_2 Pin=C29-2
Added Pin To Net: NetName=NetC29_2 Pin=D5-1
Added Net: Name=NetC29_2
Added Pin To Net: NetName=NetC30_2 Pin=C30-2
Added Pin To Net: NetName=NetC30_2 Pin=D5-4
Added Net: Name=NetC30_2
Added Pin To Net: NetName=NetC31_1 Pin=C31-1
Added Pin To Net: NetName=NetC31_1 Pin=D5-3
Added Net: Name=NetC31_1
Added Pin To Net: NetName=NetD3_5 Pin=D3-5
Added Pin To Net: NetName=NetD3_5 Pin=J3-2
Added Net: Name=NetD3_5
Added Pin To Net: NetName=NetD3_6 Pin=D3-6
Added Pin To Net: NetName=NetD3_6 Pin=J4-2
Added Net: Name=NetD3_6
Added Pin To Net: NetName=NetD3_7 Pin=D3-7
Added Pin To Net: NetName=NetD3_7 Pin=D3-9
Added Pin To Net: NetName=NetD3_7 Pin=R8-2
Added Net: Name=NetD3_7
Added Pin To Net: NetName=NetD3_8 Pin=D3-8
Added Pin To Net: NetName=NetD3_8 Pin=R12-2
Added Net: Name=NetD3_8
Added Pin To Net: NetName=NetD3_11 Pin=D3-11
Added Pin To Net: NetName=NetD3_11 Pin=J2-2
Added Net: Name=NetD3_11
Added Pin To Net: NetName=NetD3_12 Pin=D3-12
Added Pin To Net: NetName=NetD3_12 Pin=R6-2
Added Net: Name=NetD3_12
Added Pin To Net: NetName=NetD3_14 Pin=D3-14
Added Pin To Net: NetName=NetD3_14 Pin=J1-2
Added Net: Name=NetD3_14
Added Pin To Net: NetName=NetD3_15 Pin=D3-15
Added Pin To Net: NetName=NetD3_15 Pin=X3-2
Added Net: Name=NetD3_15
Added Pin To Net: NetName=NetD3_17 Pin=D3-17
Added Pin To Net: NetName=NetD3_17 Pin=R14-1
Added Net: Name=NetD3_17
Added Pin To Net: NetName=NetD3_18 Pin=D3-18
Added Pin To Net: NetName=NetD3_18 Pin=X3-1
Added Net: Name=NetD3_18
Added Pin To Net: NetName=NetD3_19 Pin=D3-19
Added Pin To Net: NetName=NetD3_19 Pin=X3-3
Added Net: Name=NetD3_19
Added Pin To Net: NetName=NetD3_20 Pin=D3-20
Added Pin To Net: NetName=NetD3_20 Pin=R15-1
Added Net: Name=NetD3_20
Added Pin To Net: NetName=NetD3_22 Pin=D3-22
Added Pin To Net: NetName=NetD3_22 Pin=X3-4
Added Net: Name=NetD3_22
Added Pin To Net: NetName=NetD3_23 Pin=D3-23
Added Pin To Net: NetName=NetD3_23 Pin=R9-2
Added Net: Name=NetD3_23
Added Pin To Net: NetName=NetD4_5 Pin=D4-5
Added Pin To Net: NetName=NetD4_5 Pin=J5-2
Added Net: Name=NetD4_5
Added Pin To Net: NetName=NetD4_6 Pin=D4-6
Added Pin To Net: NetName=NetD4_6 Pin=J6-2
Added Net: Name=NetD4_6
Added Pin To Net: NetName=NetD4_7 Pin=D4-7
Added Pin To Net: NetName=NetD4_7 Pin=D4-9
Added Pin To Net: NetName=NetD4_7 Pin=R10-2
Added Net: Name=NetD4_7
Added Pin To Net: NetName=NetD4_8 Pin=D4-8
Added Pin To Net: NetName=NetD4_8 Pin=R13-2
Added Net: Name=NetD4_8
Added Pin To Net: NetName=NetD4_11 Pin=D4-11
Added Pin To Net: NetName=NetD4_11 Pin=J2-4
Added Pin To Net: NetName=NetD4_11 Pin=X2-5
Added Net: Name=NetD4_11
Added Pin To Net: NetName=NetD4_12 Pin=D4-12
Added Pin To Net: NetName=NetD4_12 Pin=R7-2
Added Net: Name=NetD4_12
Added Pin To Net: NetName=NetD4_14 Pin=D4-14
Added Pin To Net: NetName=NetD4_14 Pin=J1-4
Added Pin To Net: NetName=NetD4_14 Pin=X2-4
Added Net: Name=NetD4_14
Added Pin To Net: NetName=NetD4_15 Pin=D4-15
Added Pin To Net: NetName=NetD4_15 Pin=X4-2
Added Net: Name=NetD4_15
Added Pin To Net: NetName=NetD4_17 Pin=D4-17
Added Pin To Net: NetName=NetD4_17 Pin=R16-1
Added Net: Name=NetD4_17
Added Pin To Net: NetName=NetD4_18 Pin=D4-18
Added Pin To Net: NetName=NetD4_18 Pin=X4-1
Added Net: Name=NetD4_18
Added Pin To Net: NetName=NetD4_19 Pin=D4-19
Added Pin To Net: NetName=NetD4_19 Pin=X4-3
Added Net: Name=NetD4_19
Added Pin To Net: NetName=NetD4_20 Pin=D4-20
Added Pin To Net: NetName=NetD4_20 Pin=R17-1
Added Net: Name=NetD4_20
Added Pin To Net: NetName=NetD4_22 Pin=D4-22
Added Pin To Net: NetName=NetD4_22 Pin=X4-4
Added Net: Name=NetD4_22
Added Pin To Net: NetName=NetD4_23 Pin=D4-23
Added Pin To Net: NetName=NetD4_23 Pin=R11-2
Added Net: Name=NetD4_23
Added Pin To Net: NetName=NetD5_5 Pin=D5-5
Added Pin To Net: NetName=NetD5_5 Pin=J7-2
Added Net: Name=NetD5_5
Added Pin To Net: NetName=NetD5_6 Pin=D5-6
Added Pin To Net: NetName=NetD5_6 Pin=J8-2
Added Net: Name=NetD5_6
Added Pin To Net: NetName=NetD5_7 Pin=D5-7
Added Pin To Net: NetName=NetD5_7 Pin=D5-9
Added Pin To Net: NetName=NetD5_7 Pin=R20-2
Added Net: Name=NetD5_7
Added Pin To Net: NetName=NetD5_8 Pin=D5-8
Added Pin To Net: NetName=NetD5_8 Pin=R22-2
Added Net: Name=NetD5_8
Added Pin To Net: NetName=NetD5_12 Pin=D5-12
Added Pin To Net: NetName=NetD5_12 Pin=R19-2
Added Net: Name=NetD5_12
Added Pin To Net: NetName=NetD5_15 Pin=D5-15
Added Pin To Net: NetName=NetD5_15 Pin=X5-2
Added Net: Name=NetD5_15
Added Pin To Net: NetName=NetD5_17 Pin=D5-17
Added Pin To Net: NetName=NetD5_17 Pin=R23-1
Added Net: Name=NetD5_17
Added Pin To Net: NetName=NetD5_18 Pin=D5-18
Added Pin To Net: NetName=NetD5_18 Pin=X5-1
Added Net: Name=NetD5_18
Added Pin To Net: NetName=NetD5_19 Pin=D5-19
Added Pin To Net: NetName=NetD5_19 Pin=X5-3
Added Net: Name=NetD5_19
Added Pin To Net: NetName=NetD5_20 Pin=D5-20
Added Pin To Net: NetName=NetD5_20 Pin=R24-1
Added Net: Name=NetD5_20
Added Pin To Net: NetName=NetD5_22 Pin=D5-22
Added Pin To Net: NetName=NetD5_22 Pin=X5-4
Added Net: Name=NetD5_22
Added Pin To Net: NetName=NetD5_23 Pin=D5-23
Added Pin To Net: NetName=NetD5_23 Pin=R21-2
Added Net: Name=NetD5_23
Added Pin To Net: NetName=NetJ1_1 Pin=J1-1
Added Pin To Net: NetName=NetJ1_1 Pin=J1-3
Added Pin To Net: NetName=NetJ1_1 Pin=X2-2
Added Net: Name=NetJ1_1
Added Pin To Net: NetName=NetJ2_1 Pin=J2-1
Added Pin To Net: NetName=NetJ2_1 Pin=J2-3
Added Pin To Net: NetName=NetJ2_1 Pin=X2-3
Added Net: Name=NetJ2_1
Added Pin To Net: NetName=NetR4_1 Pin=R4-1
Added Pin To Net: NetName=NetR4_1 Pin=R6-1
Added Net: Name=NetR4_1
Added Pin To Net: NetName=NetR5_1 Pin=R5-1
Added Pin To Net: NetName=NetR5_1 Pin=R7-1
Added Net: Name=NetR5_1
Added Pin To Net: NetName=NetR18_1 Pin=R18-1
Added Pin To Net: NetName=NetR18_1 Pin=R19-1
Added Net: Name=NetR18_1
Added Pin To Net: NetName=STEP3 Pin=X2-7
Added Net: Name=STEP3
Added Pin To Net: NetName=STEP4 Pin=D5-11
Added Net: Name=STEP4
Added Member To Class: ClassName=Step_Driver Member=Component C21 Керамический SMD
Added Member To Class: ClassName=Step_Driver Member=Component C22 Керамический SMD
Added Member To Class: ClassName=Step_Driver Member=Component C23 Керамический SMD
Added Member To Class: ClassName=Step_Driver Member=Component C24
Added Member To Class: ClassName=Step_Driver Member=Component C26 Керамический SMD
Added Member To Class: ClassName=Step_Driver Member=Component C27 Керамический SMD
Added Member To Class: ClassName=Step_Driver Member=Component C28 Керамический SMD
Added Member To Class: ClassName=Step_Driver Member=Component C29 Керамический SMD
Added Member To Class: ClassName=Step_Driver Member=Component C30 Керамический SMD
Added Member To Class: ClassName=Step_Driver Member=Component C31 Керамический SMD
Added Member To Class: ClassName=Step_Driver Member=Component C32
Added Member To Class: ClassName=Step_Driver Member=Component C33 Керамический SMD
Added Member To Class: ClassName=Step_Driver Member=Component D4 A4982
Added Member To Class: ClassName=Step_Driver Member=Component D5 A4982
Added Member To Class: ClassName=Step_Driver Member=Component J5
Added Member To Class: ClassName=Step_Driver Member=Component J6
Added Member To Class: ClassName=Step_Driver Member=Component J7
Added Member To Class: ClassName=Step_Driver Member=Component J8
Added Member To Class: ClassName=Step_Driver Member=Component R10 Резистор SMD
Added Member To Class: ClassName=Step_Driver Member=Component R11 Резистор SMD
Added Member To Class: ClassName=Step_Driver Member=Component R12 Резистор SMD
Added Member To Class: ClassName=Step_Driver Member=Component R13 Резистор SMD
Added Member To Class: ClassName=Step_Driver Member=Component R14 Резистор SMD
Added Member To Class: ClassName=Step_Driver Member=Component R15 Резистор SMD
Added Member To Class: ClassName=Step_Driver Member=Component R16 Резистор SMD
Added Member To Class: ClassName=Step_Driver Member=Component R17 Резистор SMD
Added Member To Class: ClassName=Step_Driver Member=Component R18 Резистор SMD
Added Member To Class: ClassName=Step_Driver Member=Component R19 Резистор подстроечный
Added Member To Class: ClassName=Step_Driver Member=Component R20 Резистор SMD
Added Member To Class: ClassName=Step_Driver Member=Component R21 Резистор SMD
Added Member To Class: ClassName=Step_Driver Member=Component R22 Резистор SMD
Added Member To Class: ClassName=Step_Driver Member=Component R23 Резистор SMD
Added Member To Class: ClassName=Step_Driver Member=Component R24 Резистор SMD
Added Room: Name=Step_Driver
