Added Component: Designator=X?(CON: 15EDGVC-3.5-04)
Add component (AddParameter): Name = "CommentText"; Value = ""׀אחתול""; VariantName = "[No Variations]"
Add component (AddParameter): Name = "CurrentMax"; Value = "10A"; VariantName = "[No Variations]"
Add component (AddParameter): Name = "HelpURL"; Value = "https://www.compel.ru/infosheet/DEGSON/DG350-3.5-06P-14-00AH"; VariantName = "[No Variations]"
Add component (AddParameter): Name = "Manufacturer"; Value = "Degson"; VariantName = "[No Variations]"
Add component (AddParameter): Name = "Multichannel"; Value = "6pin"; VariantName = "[No Variations]"
Add component (AddParameter): Name = "PartNumber"; Value = "DG350-3.5-06P-14"; VariantName = "[No Variations]"
Add component (AddParameter): Name = "Pitch"; Value = "3.5mm"; VariantName = "[No Variations]"
Add component (AddParameter): Name = "TypeConnector"; Value = "Terminal connector"; VariantName = "[No Variations]"
Add component (AddParameter): Name = "ValueManufacturerPartNumber"; Value = "Terminal connector, 6pin, 3.5mm, 300VAC, 10A"; VariantName = "[No Variations]"
Add component (AddParameter): Name = "VoltageMax"; Value = "300VAC"; VariantName = "[No Variations]"
Added Component: Designator=X?(CON: 15EDGVC-3.5-04)
Add component (AddParameter): Name = "CommentText"; Value = ""׀אחתול""; VariantName = "[No Variations]"
Add component (AddParameter): Name = "CurrentMax"; Value = "10A"; VariantName = "[No Variations]"
Add component (AddParameter): Name = "HelpURL"; Value = "https://www.compel.ru/infosheet/DEGSON/DG350-3.5-06P-14-00AH"; VariantName = "[No Variations]"
Add component (AddParameter): Name = "Manufacturer"; Value = "Degson"; VariantName = "[No Variations]"
Add component (AddParameter): Name = "Multichannel"; Value = "6pin"; VariantName = "[No Variations]"
Add component (AddParameter): Name = "PartNumber"; Value = "DG350-3.5-06P-14"; VariantName = "[No Variations]"
Add component (AddParameter): Name = "Pitch"; Value = "3.5mm"; VariantName = "[No Variations]"
Add component (AddParameter): Name = "TypeConnector"; Value = "Terminal connector"; VariantName = "[No Variations]"
Add component (AddParameter): Name = "ValueManufacturerPartNumber"; Value = "Terminal connector, 6pin, 3.5mm, 300VAC, 10A"; VariantName = "[No Variations]"
Add component (AddParameter): Name = "VoltageMax"; Value = "300VAC"; VariantName = "[No Variations]"
Added Component: Designator=X?(CON: 15EDGVC-3.5-04)
Add component (AddParameter): Name = "CommentText"; Value = ""׀אחתול""; VariantName = "[No Variations]"
Add component (AddParameter): Name = "CurrentMax"; Value = "10A"; VariantName = "[No Variations]"
Add component (AddParameter): Name = "HelpURL"; Value = "https://www.compel.ru/infosheet/DEGSON/DG350-3.5-06P-14-00AH"; VariantName = "[No Variations]"
Add component (AddParameter): Name = "Manufacturer"; Value = "Degson"; VariantName = "[No Variations]"
Add component (AddParameter): Name = "Multichannel"; Value = "6pin"; VariantName = "[No Variations]"
Add component (AddParameter): Name = "PartNumber"; Value = "DG350-3.5-06P-14"; VariantName = "[No Variations]"
Add component (AddParameter): Name = "Pitch"; Value = "3.5mm"; VariantName = "[No Variations]"
Add component (AddParameter): Name = "TypeConnector"; Value = "Terminal connector"; VariantName = "[No Variations]"
Add component (AddParameter): Name = "ValueManufacturerPartNumber"; Value = "Terminal connector, 6pin, 3.5mm, 300VAC, 10A"; VariantName = "[No Variations]"
Add component (AddParameter): Name = "VoltageMax"; Value = "300VAC"; VariantName = "[No Variations]"
Added Member To Class: ClassName=Sheet_3 Member=Component J?
Added Member To Class: ClassName=Sheet_3 Member=Component J?
Added Member To Class: ClassName=Sheet_3 Member=Component X? Terminal connector, 6pin, 3.5mm, 300VAC, 10A
Added Member To Class: ClassName=Sheet_3 Member=Component X? Connector, 8pin, 2.54mm, 500VAC, 3A
Added Member To Class: ClassName=Sheet_3 Member=Component X? Terminal connector, 6pin, 3.5mm, 300VAC, 10A
Added Member To Class: ClassName=Sheet_3 Member=Component X? Terminal connector, 6pin, 3.5mm, 300VAC, 10A
