Removed Pin From Net: NetName=NetR5_2 Pin=X2-1
Removed Pin From Net: NetName=GND Pin=X2-2
Removed Pin From Net: NetName=NetR7_2 Pin=X3-1
Removed Pin From Net: NetName=GND Pin=X3-2
Removed Pin From Net: NetName=NetR9_2 Pin=X4-1
Removed Pin From Net: NetName=GND Pin=X4-2
Removed Pin From Net: NetName=NetR11_2 Pin=X5-1
Removed Pin From Net: NetName=GND Pin=X5-2
Removed Pin From Net: NetName=+12V Pin=X6-1
Removed Pin From Net: NetName=NetR13_2 Pin=X6-2
Removed Pin From Net: NetName=GND Pin=X6-3
Removed Pin From Net: NetName=+12V Pin=X7-1
Removed Pin From Net: NetName=NetR15_2 Pin=X7-2
Removed Pin From Net: NetName=GND Pin=X7-3
Removed Pin From Net: NetName=+5V Pin=X8-1
Removed Pin From Net: NetName=NetR16_1 Pin=X8-2
Removed Pin From Net: NetName=NetR17_1 Pin=X8-3
Removed Pin From Net: NetName=NetR18_1 Pin=X8-4
Removed Pin From Net: NetName=NetR19_1 Pin=X8-5
Removed Pin From Net: NetName=NetR20_1 Pin=X8-6
Removed Pin From Net: NetName=NetR21_1 Pin=X8-7
Removed Pin From Net: NetName=GND Pin=X8-8
Removed Member From Class: ClassName=Sheet_3 Member=J?
Removed Member From Class: ClassName=Sheet_2 Member=X2
Removed Member From Class: ClassName=Sheet_2 Member=X3
Removed Member From Class: ClassName=Sheet_2 Member=X4
Removed Member From Class: ClassName=Sheet_2 Member=X5
Removed Member From Class: ClassName=Sheet_3 Member=X?
Change Component Footprint: Designator=X3 Old Footprint=CON: 15EDGVC-3.5-02 (or 691321100002) New Footprint=CON: 15EDGVC-3.5-04
Change Component Footprint: Designator=X4 Old Footprint=CON: 15EDGVC-3.5-02 (or 691321100002) New Footprint=CON: 15EDGVC-3.5-04
Change Component Footprint: Designator=X5 Old Footprint=CON: 15EDGVC-3.5-02 (or 691321100002) New Footprint=CON: 15EDGVC-3.5-04
Change Component Footprint: Designator=X2 Old Footprint=CON: 15EDGVC-3.5-02 (or 691321100002) New Footprint=CON: PLS-8
Change Component Footprint: Designator=X6 Old Footprint=CON: 15EDGVC-3.5-03 (or 691321100003) New Footprint=CON: 15EDGVC-3.5-02 (or 691321100002)
Change Component Footprint: Designator=X7 Old Footprint=CON: 15EDGVC-3.5-03 (or 691321100003) New Footprint=CON: 15EDGVC-3.5-02 (or 691321100002)
Change Component Footprint: Designator=X8 Old Footprint=CON: PLS-8 New Footprint=CON: 15EDGVC-3.5-02 (or 691321100002)
Change Component Comment : Designator=X8 Old Comment=Connector, 8pin, 2.54mm, 500VAC, 3A New Comment=Клеммник, 2pin, 3.5mm, 300VAC, 10A
Change Component Comment : Designator=X6 Old Comment=Terminal connector, 3pin, 3.5mm, 300VAC, 10A New Comment=Клеммник, 2pin, 3.5mm, 300VAC, 10A
Change Component Comment : Designator=X7 Old Comment=Terminal connector, 3pin, 3.5mm, 300VAC, 10A New Comment=Клеммник, 2pin, 3.5mm, 300VAC, 10A
Change Component Comment : Designator=X2 Old Comment=Клеммник, 2pin, 3.5mm, 300VAC, 10A New Comment=Connector, 8pin, 2.54mm, 500VAC, 3A
Change Component Comment : Designator=X3 Old Comment=Клеммник, 2pin, 3.5mm, 300VAC, 10A New Comment=Terminal connector, 6pin, 3.5mm, 300VAC, 10A
Change Component Comment : Designator=X4 Old Comment=Клеммник, 2pin, 3.5mm, 300VAC, 10A New Comment=Terminal connector, 6pin, 3.5mm, 300VAC, 10A
Change Component Comment : Designator=X5 Old Comment=Клеммник, 2pin, 3.5mm, 300VAC, 10A New Comment=Terminal connector, 6pin, 3.5mm, 300VAC, 10A
Change component parameters: Designator = "X3" ("X3"); Footprint = "CON: 15EDGVC-3.5-02 (or 691321100002)"; UniqueID = "\RZVNTRON" ("\RZVNTRON")
Change component parameters (AddParameter): Name = "CommentText"; Value = ""Разъем""; VariantName = "[No Variations]"
Change component parameters (AddParameter): Name = "CurrentMax"; Value = "10A"; VariantName = "[No Variations]"
Change component parameters (AddParameter): Name = "HelpURL"; Value = "https://www.compel.ru/infosheet/DEGSON/DG350-3.5-06P-14-00AH"; VariantName = "[No Variations]"
Change component parameters (AddParameter): Name = "Manufacturer"; Value = "Degson"; VariantName = "[No Variations]"
Change component parameters (AddParameter): Name = "Multichannel"; Value = "6pin"; VariantName = "[No Variations]"
Change component parameters (AddParameter): Name = "PartNumber"; Value = "DG350-3.5-06P-14"; VariantName = "[No Variations]"
Change component parameters (AddParameter): Name = "Pitch"; Value = "3.5mm"; VariantName = "[No Variations]"
Change component parameters (AddParameter): Name = "TypeConnector"; Value = "Terminal connector"; VariantName = "[No Variations]"
Change component parameters (AddParameter): Name = "ValueManufacturerPartNumber"; Value = "Terminal connector, 6pin, 3.5mm, 300VAC, 10A"; VariantName = "[No Variations]"
Change component parameters (AddParameter): Name = "VoltageMax"; Value = "300VAC"; VariantName = "[No Variations]"
Change component parameters: Designator = "X4" ("X4"); Footprint = "CON: 15EDGVC-3.5-02 (or 691321100002)"; UniqueID = "\KZUEOHQO" ("\KZUEOHQO")
Change component parameters (AddParameter): Name = "CommentText"; Value = ""Разъем""; VariantName = "[No Variations]"
Change component parameters (AddParameter): Name = "CurrentMax"; Value = "10A"; VariantName = "[No Variations]"
Change component parameters (AddParameter): Name = "HelpURL"; Value = "https://www.compel.ru/infosheet/DEGSON/DG350-3.5-06P-14-00AH"; VariantName = "[No Variations]"
Change component parameters (AddParameter): Name = "Manufacturer"; Value = "Degson"; VariantName = "[No Variations]"
Change component parameters (AddParameter): Name = "Multichannel"; Value = "6pin"; VariantName = "[No Variations]"
Change component parameters (AddParameter): Name = "PartNumber"; Value = "DG350-3.5-06P-14"; VariantName = "[No Variations]"
Change component parameters (AddParameter): Name = "Pitch"; Value = "3.5mm"; VariantName = "[No Variations]"
Change component parameters (AddParameter): Name = "TypeConnector"; Value = "Terminal connector"; VariantName = "[No Variations]"
Change component parameters (AddParameter): Name = "ValueManufacturerPartNumber"; Value = "Terminal connector, 6pin, 3.5mm, 300VAC, 10A"; VariantName = "[No Variations]"
Change component parameters (AddParameter): Name = "VoltageMax"; Value = "300VAC"; VariantName = "[No Variations]"
Change component parameters: Designator = "X5" ("X5"); Footprint = "CON: 15EDGVC-3.5-02 (or 691321100002)"; UniqueID = "\GGKJEOSR" ("\GGKJEOSR")
Change component parameters (AddParameter): Name = "CommentText"; Value = ""Разъем""; VariantName = "[No Variations]"
Change component parameters (AddParameter): Name = "CurrentMax"; Value = "10A"; VariantName = "[No Variations]"
Change component parameters (AddParameter): Name = "HelpURL"; Value = "https://www.compel.ru/infosheet/DEGSON/DG350-3.5-06P-14-00AH"; VariantName = "[No Variations]"
Change component parameters (AddParameter): Name = "Manufacturer"; Value = "Degson"; VariantName = "[No Variations]"
Change component parameters (AddParameter): Name = "Multichannel"; Value = "6pin"; VariantName = "[No Variations]"
Change component parameters (AddParameter): Name = "PartNumber"; Value = "DG350-3.5-06P-14"; VariantName = "[No Variations]"
Change component parameters (AddParameter): Name = "Pitch"; Value = "3.5mm"; VariantName = "[No Variations]"
Change component parameters (AddParameter): Name = "TypeConnector"; Value = "Terminal connector"; VariantName = "[No Variations]"
Change component parameters (AddParameter): Name = "ValueManufacturerPartNumber"; Value = "Terminal connector, 6pin, 3.5mm, 300VAC, 10A"; VariantName = "[No Variations]"
Change component parameters (AddParameter): Name = "VoltageMax"; Value = "300VAC"; VariantName = "[No Variations]"
Change component parameters: Designator = "X6" ("X6"); Footprint = "CON: 15EDGVC-3.5-03 (or 691321100003)"; UniqueID = "\MGIKPBGO" ("\MGIKPBGO")
Change component parameters (AddParameter): Name = "CommentText"; Value = ""IN1""; VariantName = "[No Variations]"
Change component parameters (AddParameter): Name = "CurrentMax"; Value = "10A"; VariantName = "[No Variations]"
Change component parameters (AddParameter): Name = "HelpURL"; Value = "https://www.chipdip.ru/product/dg350-3.5-02p-12"; VariantName = "[No Variations]"
Change component parameters (AddParameter): Name = "Manufacturer"; Value = "DEGSON"; VariantName = "[No Variations]"
Change component parameters (AddParameter): Name = "Multichannel"; Value = "2pin"; VariantName = "[No Variations]"
Change component parameters (AddParameter): Name = "PartNumber"; Value = "DG350-3.5-02P-14-00A(H)"; VariantName = "[No Variations]"
Change component parameters (AddParameter): Name = "Pitch"; Value = "3.5mm"; VariantName = "[No Variations]"
Change component parameters (AddParameter): Name = "TypeConnector"; Value = "Клеммник"; VariantName = "[No Variations]"
Change component parameters (AddParameter): Name = "ValueManufacturerPartNumber"; Value = "Клеммник, 2pin, 3.5mm, 300VAC, 10A"; VariantName = "[No Variations]"
Change component parameters (AddParameter): Name = "VoltageMax"; Value = "300VAC"; VariantName = "[No Variations]"
Change component parameters: Designator = "X7" ("X7"); Footprint = "CON: 15EDGVC-3.5-03 (or 691321100003)"; UniqueID = "\TLNOBCFC" ("\TLNOBCFC")
Change component parameters (AddParameter): Name = "CommentText"; Value = ""IN2""; VariantName = "[No Variations]"
Change component parameters (AddParameter): Name = "CurrentMax"; Value = "10A"; VariantName = "[No Variations]"
Change component parameters (AddParameter): Name = "HelpURL"; Value = "https://www.chipdip.ru/product/dg350-3.5-02p-12"; VariantName = "[No Variations]"
Change component parameters (AddParameter): Name = "Manufacturer"; Value = "DEGSON"; VariantName = "[No Variations]"
Change component parameters (AddParameter): Name = "Multichannel"; Value = "2pin"; VariantName = "[No Variations]"
Change component parameters (AddParameter): Name = "PartNumber"; Value = "DG350-3.5-02P-14-00A(H)"; VariantName = "[No Variations]"
Change component parameters (AddParameter): Name = "Pitch"; Value = "3.5mm"; VariantName = "[No Variations]"
Change component parameters (AddParameter): Name = "TypeConnector"; Value = "Клеммник"; VariantName = "[No Variations]"
Change component parameters (AddParameter): Name = "ValueManufacturerPartNumber"; Value = "Клеммник, 2pin, 3.5mm, 300VAC, 10A"; VariantName = "[No Variations]"
Change component parameters (AddParameter): Name = "VoltageMax"; Value = "300VAC"; VariantName = "[No Variations]"
Change component parameters: Designator = "X2" ("X2"); Footprint = "CON: 15EDGVC-3.5-02 (or 691321100002)"; UniqueID = "\RVWWHGUP" ("\RVWWHGUP")
Change component parameters (AddParameter): Name = "CommentText"; Value = ""Разъем""; VariantName = "[No Variations]"
Change component parameters (AddParameter): Name = "CurrentMax"; Value = "3A"; VariantName = "[No Variations]"
Change component parameters (AddParameter): Name = "HelpURL"; Value = "https://www.chipdip.ru/product/pls-8-ds1021-1-8sf112"; VariantName = "[No Variations]"
Change component parameters (AddParameter): Name = "Manufacturer"; Value = "Connfly"; VariantName = "[No Variations]"
Change component parameters (AddParameter): Name = "Multichannel"; Value = "8pin"; VariantName = "[No Variations]"
Change component parameters (AddParameter): Name = "PartNumber"; Value = "PLS-8"; VariantName = "[No Variations]"
Change component parameters (AddParameter): Name = "Pitch"; Value = "2.54mm"; VariantName = "[No Variations]"
Change component parameters (AddParameter): Name = "TypeConnector"; Value = "Connector"; VariantName = "[No Variations]"
Change component parameters (AddParameter): Name = "ValueManufacturerPartNumber"; Value = "Connector, 8pin, 2.54mm, 500VAC, 3A"; VariantName = "[No Variations]"
Change component parameters (AddParameter): Name = "VoltageMax"; Value = "500VAC"; VariantName = "[No Variations]"
Change component parameters: Designator = "X8" ("X8"); Footprint = "CON: PLS-8"; UniqueID = "\BUMEYQEM" ("\BUMEYQEM")
Change component parameters (AddParameter): Name = "CommentText"; Value = ""IN3""; VariantName = "[No Variations]"
Change component parameters (AddParameter): Name = "CurrentMax"; Value = "10A"; VariantName = "[No Variations]"
Change component parameters (AddParameter): Name = "HelpURL"; Value = "https://www.chipdip.ru/product/dg350-3.5-02p-12"; VariantName = "[No Variations]"
Change component parameters (AddParameter): Name = "Manufacturer"; Value = "DEGSON"; VariantName = "[No Variations]"
Change component parameters (AddParameter): Name = "Multichannel"; Value = "2pin"; VariantName = "[No Variations]"
Change component parameters (AddParameter): Name = "PartNumber"; Value = "DG350-3.5-02P-14-00A(H)"; VariantName = "[No Variations]"
Change component parameters (AddParameter): Name = "Pitch"; Value = "3.5mm"; VariantName = "[No Variations]"
Change component parameters (AddParameter): Name = "TypeConnector"; Value = "Клеммник"; VariantName = "[No Variations]"
Change component parameters (AddParameter): Name = "ValueManufacturerPartNumber"; Value = "Клеммник, 2pin, 3.5mm, 300VAC, 10A"; VariantName = "[No Variations]"
Change component parameters (AddParameter): Name = "VoltageMax"; Value = "300VAC"; VariantName = "[No Variations]"
Added Component: Designator=J1(CON: JUMPER x1)
Add component (AddParameter): Name = "CommentText"; Value = ""Перемычка""; VariantName = "[No Variations]"
Added Component: Designator=J2(CON: JUMPER x1)
Add component (AddParameter): Name = "CommentText"; Value = ""Перемычка""; VariantName = "[No Variations]"
Added Component: Designator=J3(CON: JUMPER x1)
Add component (AddParameter): Name = "CommentText"; Value = ""Перемычка""; VariantName = "[No Variations]"
Added Component: Designator=X9(CON: 15EDGVC-3.5-02 (or 691321100002))
Add component (AddParameter): Name = "CommentText"; Value = ""IN4""; VariantName = "[No Variations]"
Add component (AddParameter): Name = "CurrentMax"; Value = "10A"; VariantName = "[No Variations]"
Add component (AddParameter): Name = "HelpURL"; Value = "https://www.chipdip.ru/product/dg350-3.5-02p-12"; VariantName = "[No Variations]"
Add component (AddParameter): Name = "Manufacturer"; Value = "DEGSON"; VariantName = "[No Variations]"
Add component (AddParameter): Name = "Multichannel"; Value = "2pin"; VariantName = "[No Variations]"
Add component (AddParameter): Name = "PartNumber"; Value = "DG350-3.5-02P-14-00A(H)"; VariantName = "[No Variations]"
Add component (AddParameter): Name = "Pitch"; Value = "3.5mm"; VariantName = "[No Variations]"
Add component (AddParameter): Name = "TypeConnector"; Value = "Клеммник"; VariantName = "[No Variations]"
Add component (AddParameter): Name = "ValueManufacturerPartNumber"; Value = "Клеммник, 2pin, 3.5mm, 300VAC, 10A"; VariantName = "[No Variations]"
Add component (AddParameter): Name = "VoltageMax"; Value = "300VAC"; VariantName = "[No Variations]"
Added Component: Designator=X10(CON: 15EDGVC-3.5-03 (or 691321100003))
Add component (AddParameter): Name = "CommentText"; Value = ""IN5""; VariantName = "[No Variations]"
Add component (AddParameter): Name = "CurrentMax"; Value = "10A"; VariantName = "[No Variations]"
Add component (AddParameter): Name = "HelpURL"; Value = "https://www.chipdip.ru/product/dg350-3.5-03p-12"; VariantName = "[No Variations]"
Add component (AddParameter): Name = "Manufacturer"; Value = "Degson"; VariantName = "[No Variations]"
Add component (AddParameter): Name = "Multichannel"; Value = "3pin"; VariantName = "[No Variations]"
Add component (AddParameter): Name = "PartNumber"; Value = "DG350-3.5-03P-14"; VariantName = "[No Variations]"
Add component (AddParameter): Name = "Pitch"; Value = "3.5mm"; VariantName = "[No Variations]"
Add component (AddParameter): Name = "TypeConnector"; Value = "Terminal connector"; VariantName = "[No Variations]"
Add component (AddParameter): Name = "ValueManufacturerPartNumber"; Value = "Terminal connector, 3pin, 3.5mm, 300VAC, 10A"; VariantName = "[No Variations]"
Add component (AddParameter): Name = "VoltageMax"; Value = "300VAC"; VariantName = "[No Variations]"
Added Component: Designator=X11(CON: 15EDGVC-3.5-03 (or 691321100003))
Add component (AddParameter): Name = "CommentText"; Value = ""IN6""; VariantName = "[No Variations]"
Add component (AddParameter): Name = "CurrentMax"; Value = "10A"; VariantName = "[No Variations]"
Add component (AddParameter): Name = "HelpURL"; Value = "https://www.chipdip.ru/product/dg350-3.5-03p-12"; VariantName = "[No Variations]"
Add component (AddParameter): Name = "Manufacturer"; Value = "Degson"; VariantName = "[No Variations]"
Add component (AddParameter): Name = "Multichannel"; Value = "3pin"; VariantName = "[No Variations]"
Add component (AddParameter): Name = "PartNumber"; Value = "DG350-3.5-03P-14"; VariantName = "[No Variations]"
Add component (AddParameter): Name = "Pitch"; Value = "3.5mm"; VariantName = "[No Variations]"
Add component (AddParameter): Name = "TypeConnector"; Value = "Terminal connector"; VariantName = "[No Variations]"
Add component (AddParameter): Name = "ValueManufacturerPartNumber"; Value = "Terminal connector, 3pin, 3.5mm, 300VAC, 10A"; VariantName = "[No Variations]"
Add component (AddParameter): Name = "VoltageMax"; Value = "300VAC"; VariantName = "[No Variations]"
Added Component: Designator=X12(CON: PLS-8)
Add component (AddParameter): Name = "CommentText"; Value = ""Разъем""; VariantName = "[No Variations]"
Add component (AddParameter): Name = "CurrentMax"; Value = "3A"; VariantName = "[No Variations]"
Add component (AddParameter): Name = "HelpURL"; Value = "https://www.chipdip.ru/product/pls-8-ds1021-1-8sf112"; VariantName = "[No Variations]"
Add component (AddParameter): Name = "Manufacturer"; Value = "Connfly"; VariantName = "[No Variations]"
Add component (AddParameter): Name = "Multichannel"; Value = "8pin"; VariantName = "[No Variations]"
Add component (AddParameter): Name = "PartNumber"; Value = "PLS-8"; VariantName = "[No Variations]"
Add component (AddParameter): Name = "Pitch"; Value = "2.54mm"; VariantName = "[No Variations]"
Add component (AddParameter): Name = "TypeConnector"; Value = "Connector"; VariantName = "[No Variations]"
Add component (AddParameter): Name = "ValueManufacturerPartNumber"; Value = "Connector, 8pin, 2.54mm, 500VAC, 3A"; VariantName = "[No Variations]"
Add component (AddParameter): Name = "VoltageMax"; Value = "500VAC"; VariantName = "[No Variations]"
Added Pin To Net: NetName=NetR5_2 Pin=X6-1
Added Pin To Net: NetName=GND Pin=X6-2
Added Pin To Net: NetName=NetR7_2 Pin=X7-1
Added Pin To Net: NetName=GND Pin=X7-2
Added Pin To Net: NetName=NetR9_2 Pin=X8-1
Added Pin To Net: NetName=GND Pin=X8-2
Added Pin To Net: NetName=NetR11_2 Pin=X9-1
Added Pin To Net: NetName=GND Pin=X9-2
Added Pin To Net: NetName=+12V Pin=X10-1
Added Pin To Net: NetName=NetR13_2 Pin=X10-2
Added Pin To Net: NetName=GND Pin=X10-3
Added Pin To Net: NetName=+12V Pin=X11-1
Added Pin To Net: NetName=NetR15_2 Pin=X11-2
Added Pin To Net: NetName=GND Pin=X11-3
Added Pin To Net: NetName=+5V Pin=X12-1
Added Pin To Net: NetName=NetR16_1 Pin=X12-2
Added Pin To Net: NetName=NetR17_1 Pin=X12-3
Added Pin To Net: NetName=NetR18_1 Pin=X12-4
Added Pin To Net: NetName=NetR19_1 Pin=X12-5
Added Pin To Net: NetName=NetR20_1 Pin=X12-6
Added Pin To Net: NetName=NetR21_1 Pin=X12-7
Added Pin To Net: NetName=GND Pin=X12-8
Change Class Name : Old Net Name=Sheet_1 New Net Name=Power
Change Class Name : Old Net Name=Sheet_2 New Net Name=Input
Change Class Name : Old Net Name=Sheet_3 New Net Name=Step_Driver
Added Member To Class: ClassName=Step_Driver Member=Component J1
Added Member To Class: ClassName=Step_Driver Member=Component J2
Added Member To Class: ClassName=Step_Driver Member=Component J3
Added Member To Class: ClassName=Step_Driver Member=Component X2 Connector, 8pin, 2.54mm, 500VAC, 3A
Added Member To Class: ClassName=Step_Driver Member=Component X3 Terminal connector, 6pin, 3.5mm, 300VAC, 10A
Added Member To Class: ClassName=Step_Driver Member=Component X4 Terminal connector, 6pin, 3.5mm, 300VAC, 10A
Added Member To Class: ClassName=Step_Driver Member=Component X5 Terminal connector, 6pin, 3.5mm, 300VAC, 10A
Added Member To Class: ClassName=Input Member=Component X9 Клеммник, 2pin, 3.5mm, 300VAC, 10A
Added Member To Class: ClassName=Input Member=Component X10 Terminal connector, 3pin, 3.5mm, 300VAC, 10A
Added Member To Class: ClassName=Input Member=Component X11 Terminal connector, 3pin, 3.5mm, 300VAC, 10A
Added Member To Class: ClassName=Input Member=Component X12 Connector, 8pin, 2.54mm, 500VAC, 3A
