Removed Pin From Net: NetName=DIR4 Pin=D5-14
Removed Pin From Net: NetName=GND Pin=X13-8
Change Component Footprint: Designator=X13 Old Footprint=CON: PLS-8 New Footprint=CON: PLS-10
Change Component Comment : Designator=X13 Old Comment=Connector, 8pin, 2.54mm, 500VAC, 3A New Comment=Connector, 10pin, 2.54mm, 500VAC, 3A
Change Component Designator: OldDesignator=C18 NewDesignator=C20
Change Component Designator: OldDesignator=C19 NewDesignator=C18
Change Component Designator: OldDesignator=C20 NewDesignator=C21
Change Component Designator: OldDesignator=C21 NewDesignator=C19
Change Component Designator: OldDesignator=C22 NewDesignator=C23
Change Component Designator: OldDesignator=C23 NewDesignator=C22
Change Component Designator: OldDesignator=C25 NewDesignator=C26
Change Component Designator: OldDesignator=C26 NewDesignator=C25
Change Component Designator: OldDesignator=D3 NewDesignator=D4
Change Component Designator: OldDesignator=D4 NewDesignator=D3
Change Component Designator: OldDesignator=J3 NewDesignator=J5
Change Component Designator: OldDesignator=J4 NewDesignator=J6
Change Component Designator: OldDesignator=J5 NewDesignator=J3
Change Component Designator: OldDesignator=J6 NewDesignator=J4
Change Component Designator: OldDesignator=R4 NewDesignator=R6
Change Component Designator: OldDesignator=R5 NewDesignator=R4
Change Component Designator: OldDesignator=R6 NewDesignator=R9
Change Component Designator: OldDesignator=R7 NewDesignator=R5
Change Component Designator: OldDesignator=R8 NewDesignator=R10
Change Component Designator: OldDesignator=R9 NewDesignator=R11
Change Component Designator: OldDesignator=R10 NewDesignator=R7
Change Component Designator: OldDesignator=R11 NewDesignator=R8
Change Component Designator: OldDesignator=R12 NewDesignator=R15
Change Component Designator: OldDesignator=R13 NewDesignator=R12
Change Component Designator: OldDesignator=R14 NewDesignator=R16
Change Component Designator: OldDesignator=R15 NewDesignator=R17
Change Component Designator: OldDesignator=R16 NewDesignator=R13
Change Component Designator: OldDesignator=R17 NewDesignator=R14
Change component parameters: Designator = "FU1" ("FU1"); Footprint = "FUSE: 1812"; UniqueID = "\EKNPSFGR" ("\EKNPSFGR")
Change component parameters (AddParameter): Name = "HelpURL"; Value = "https://www.digikey.com/products/en?keywords=01110501Z"; VariantName = "[No Variations]"
Change component parameters (AddParameter): Name = "Manufacturer"; Value = "Littelfuse"; VariantName = "[No Variations]"
Change component parameters (AddParameter): Name = "MaxCurrent"; Value = "1A"; VariantName = "[No Variations]"
Change component parameters (AddParameter): Name = "Package"; Value = "1206"; VariantName = "[No Variations]"
Change component parameters (AddParameter): Name = "PartNumber"; Value = "0468001.NR"; VariantName = "[No Variations]"
Change component parameters (AddParameter): Name = "TypeFuse"; Value = "Предохранитель SMD"; VariantName = "[No Variations]"
Change component parameters (AddParameter): Name = "ValueManufacturerPartNumber"; Value = "Предохранитель SMD, 250VAC, 1A, 1206, "; VariantName = "[No Variations]"
Change component parameters (AddParameter): Name = "VoltageMax"; Value = "250VAC"; VariantName = "[No Variations]"
Change component parameters: Designator = "D3" ("D4"); Footprint = "24-TSSOP-PAD"; UniqueID = "\PREDWMZJ" ("\PREDWMZJ")
Change component parameters (AddParameter): Name = "Производитель"; Value = "UMW(Youtai Semiconductor Co., Ltd.)"; VariantName = "[No Variations]"
Change component parameters (AddParameter): Name = "Ссылка"; Value = "***"; VariantName = "[No Variations]"
Change component parameters (AddParameter): Name = "ТипКомпонента"; Value = "Battery Charger "; VariantName = "[No Variations]"
Change component parameters (AddParameter): Name = "Типоразмер"; Value = "SOIC 8"; VariantName = "[No Variations]"
Change component parameters (AddParameter): Name = "УникальныйНомер"; Value = "A4982"; VariantName = "[No Variations]"
Change component parameters: Designator = "D4" ("D3"); Footprint = "24-TSSOP-PAD"; UniqueID = "\YGWOPWYO" ("\YGWOPWYO")
Change component parameters (AddParameter): Name = "Производитель"; Value = "UMW(Youtai Semiconductor Co., Ltd.)"; VariantName = "[No Variations]"
Change component parameters (AddParameter): Name = "Ссылка"; Value = "***"; VariantName = "[No Variations]"
Change component parameters (AddParameter): Name = "ТипКомпонента"; Value = "Battery Charger "; VariantName = "[No Variations]"
Change component parameters (AddParameter): Name = "Типоразмер"; Value = "SOIC 8"; VariantName = "[No Variations]"
Change component parameters (AddParameter): Name = "УникальныйНомер"; Value = "A4982"; VariantName = "[No Variations]"
Change component parameters: Designator = "D5" ("D5"); Footprint = "24-TSSOP-PAD"; UniqueID = "\SZPIMGNL" ("\SZPIMGNL")
Change component parameters (AddParameter): Name = "Производитель"; Value = "UMW(Youtai Semiconductor Co., Ltd.)"; VariantName = "[No Variations]"
Change component parameters (AddParameter): Name = "Ссылка"; Value = "***"; VariantName = "[No Variations]"
Change component parameters (AddParameter): Name = "ТипКомпонента"; Value = "Battery Charger "; VariantName = "[No Variations]"
Change component parameters (AddParameter): Name = "Типоразмер"; Value = "SOIC 8"; VariantName = "[No Variations]"
Change component parameters (AddParameter): Name = "УникальныйНомер"; Value = "A4982"; VariantName = "[No Variations]"
Change component parameters: Designator = "X13" ("X13"); Footprint = "CON: PLS-8"; UniqueID = "\ZAWGTWDD" ("\ZAWGTWDD")
Change component parameters (AddParameter): Name = "CommentText"; Value = ""Разъем""; VariantName = "[No Variations]"
Change component parameters (AddParameter): Name = "CurrentMax"; Value = "3A"; VariantName = "[No Variations]"
Change component parameters (AddParameter): Name = "HelpURL"; Value = "https://www.chipdip.ru/product/pls-10"; VariantName = "[No Variations]"
Change component parameters (AddParameter): Name = "Manufacturer"; Value = "Connfly"; VariantName = "[No Variations]"
Change component parameters (AddParameter): Name = "Multichannel"; Value = "10pin"; VariantName = "[No Variations]"
Change component parameters (AddParameter): Name = "PartNumber"; Value = "PLS-10"; VariantName = "[No Variations]"
Change component parameters (AddParameter): Name = "Pitch"; Value = "2.54mm"; VariantName = "[No Variations]"
Change component parameters (AddParameter): Name = "TypeConnector"; Value = "Connector"; VariantName = "[No Variations]"
Change component parameters (AddParameter): Name = "ValueManufacturerPartNumber"; Value = "Connector, 10pin, 2.54mm, 500VAC, 3A"; VariantName = "[No Variations]"
Change component parameters (AddParameter): Name = "VoltageMax"; Value = "500VAC"; VariantName = "[No Variations]"
Added Pin To Net: NetName=DIR4 Pin=D5-11
Added Pin To Net: NetName=DIR3 Pin=D5-14
Added Pin To Net: NetName=DIR4 Pin=X2-7
Added Pin To Net: NetName=GND Pin=X13-9
Added Pin To Net: NetName=GND Pin=X13-10
Change Net Name : Old Net Name=DIR3 New Net Name=NetD5_14
Change Net Name : Old Net Name=DIR4 New Net Name=NetD5_11
Change Net Name : Old Net Name=NetC18_1 New Net Name=NetC20_1
Change Net Name : Old Net Name=NetC18_2 New Net Name=NetC20_2
Change Net Name : Old Net Name=NetC19_1 New Net Name=NetC18_1
Change Net Name : Old Net Name=NetC19_2 New Net Name=NetC18_2
Change Net Name : Old Net Name=NetC20_2 New Net Name=NetC21_2
Change Net Name : Old Net Name=NetC21_2 New Net Name=NetC19_2
Change Net Name : Old Net Name=NetC22_1 New Net Name=NetC23_1
Change Net Name : Old Net Name=NetC23_1 New Net Name=NetC22_1
Change Net Name : Old Net Name=NetD3_5 New Net Name=NetD4_5
Change Net Name : Old Net Name=NetD3_6 New Net Name=NetD4_6
Change Net Name : Old Net Name=NetD3_7 New Net Name=NetD4_7
Change Net Name : Old Net Name=NetD3_8 New Net Name=NetD4_8
Change Net Name : Old Net Name=NetD3_11 New Net Name=NetD4_11
Change Net Name : Old Net Name=NetD3_12 New Net Name=NetD4_12
Change Net Name : Old Net Name=NetD3_14 New Net Name=NetD4_14
Change Net Name : Old Net Name=NetD3_15 New Net Name=NetD4_15
Change Net Name : Old Net Name=NetD3_17 New Net Name=NetD4_17
Change Net Name : Old Net Name=NetD3_18 New Net Name=NetD4_18
Change Net Name : Old Net Name=NetD3_19 New Net Name=NetD4_19
Change Net Name : Old Net Name=NetD3_20 New Net Name=NetD4_20
Change Net Name : Old Net Name=NetD3_22 New Net Name=NetD4_22
Change Net Name : Old Net Name=NetD3_23 New Net Name=NetD4_23
Change Net Name : Old Net Name=NetD4_5 New Net Name=NetD3_5
Change Net Name : Old Net Name=NetD4_6 New Net Name=NetD3_6
Change Net Name : Old Net Name=NetD4_7 New Net Name=NetD3_7
Change Net Name : Old Net Name=NetD4_8 New Net Name=NetD3_8
Change Net Name : Old Net Name=NetD4_11 New Net Name=NetD3_11
Change Net Name : Old Net Name=NetD4_12 New Net Name=NetD3_12
Change Net Name : Old Net Name=NetD4_14 New Net Name=NetD3_14
Change Net Name : Old Net Name=NetD4_15 New Net Name=NetD3_15
Change Net Name : Old Net Name=NetD4_17 New Net Name=NetD3_17
Change Net Name : Old Net Name=NetD4_18 New Net Name=NetD3_18
Change Net Name : Old Net Name=NetD4_19 New Net Name=NetD3_19
Change Net Name : Old Net Name=NetD4_20 New Net Name=NetD3_20
Change Net Name : Old Net Name=NetD4_22 New Net Name=NetD3_22
Change Net Name : Old Net Name=NetD4_23 New Net Name=NetD3_23
Change Net Name : Old Net Name=NetR4_1 New Net Name=NetR6_1
Change Net Name : Old Net Name=NetR5_1 New Net Name=NetR4_1
