Removed Pin From Net: NetName=GND Pin=C14-1
Removed Pin From Net: NetName=+12V Pin=C14-2
Removed Pin From Net: NetName=GND Pin=C15-1
Removed Pin From Net: NetName=+12V Pin=C15-2
Removed Pin From Net: NetName=NetD3_11 Pin=D3-11
Removed Pin From Net: NetName=NetD3_14 Pin=D3-14
Removed Pin From Net: NetName=NetD4_11 Pin=D4-11
Removed Pin From Net: NetName=NetD4_14 Pin=D4-14
Removed Pin From Net: NetName=NetD4_14 Pin=J1-2
Removed Pin From Net: NetName=NetD3_14 Pin=J1-4
Removed Pin From Net: NetName=NetD4_11 Pin=J2-2
Removed Pin From Net: NetName=NetD3_11 Pin=J2-4
Removed Pin From Net: NetName=NetD3_14 Pin=J9-1
Removed Pin From Net: NetName=NetJ9_2 Pin=J9-2
Removed Pin From Net: NetName=NetD3_11 Pin=J10-1
Removed Pin From Net: NetName=NetJ10_2 Pin=J10-2
Removed Pin From Net: NetName=NetJ2_1 Pin=X2-3
Removed Pin From Net: NetName=NetJ9_2 Pin=X2-4
Removed Pin From Net: NetName=NetD5_14 Pin=X2-6
Removed Pin From Net: NetName=NetD5_11 Pin=X2-7
Removed Member From Class: ClassName=Power Member=C14
Removed Member From Class: ClassName=Power Member=C15
Change Component Footprint: Designator=J1 Old Footprint=CON: JUMPER x2 New Footprint=CON: JUMPER x3
Change Component Footprint: Designator=J2 Old Footprint=CON: JUMPER x2 New Footprint=CON: JUMPER x3
Change Component Designator: OldDesignator=C16 NewDesignator=C15
Change Component Designator: OldDesignator=C17 NewDesignator=C14
Change Component Designator: OldDesignator=C20 NewDesignator=C16
Change Component Designator: OldDesignator=C21 NewDesignator=C17
Change Component Designator: OldDesignator=C22 NewDesignator=C21
Change Component Designator: OldDesignator=C23 NewDesignator=C20
Change Component Designator: OldDesignator=C24 NewDesignator=C23
Change Component Designator: OldDesignator=C26 NewDesignator=C22
Change Component Designator: OldDesignator=C27 NewDesignator=C24
Change Component Designator: OldDesignator=C28 NewDesignator=C26
Change Component Designator: OldDesignator=C29 NewDesignator=C27
Change Component Designator: OldDesignator=C30 NewDesignator=C28
Change Component Designator: OldDesignator=C31 NewDesignator=C29
Change Component Designator: OldDesignator=C32 NewDesignator=C30
Change Component Designator: OldDesignator=C33 NewDesignator=C31
Change Component Designator: OldDesignator=D3 NewDesignator=D4
Change Component Designator: OldDesignator=D4 NewDesignator=D3
Change Component Designator: OldDesignator=J3 NewDesignator=J9
Change Component Designator: OldDesignator=J4 NewDesignator=J10
Change Component Designator: OldDesignator=J5 NewDesignator=J7
Change Component Designator: OldDesignator=J6 NewDesignator=J8
Change Component Designator: OldDesignator=J7 NewDesignator=J11
Change Component Designator: OldDesignator=J8 NewDesignator=J12
Change Component Designator: OldDesignator=R4 NewDesignator=R5
Change Component Designator: OldDesignator=R5 NewDesignator=R7
Change Component Designator: OldDesignator=R6 NewDesignator=R4
Change Component Designator: OldDesignator=R7 NewDesignator=R10
Change Component Designator: OldDesignator=R8 NewDesignator=R11
Change Component Designator: OldDesignator=R9 NewDesignator=R6
Change Component Designator: OldDesignator=R10 NewDesignator=R8
Change Component Designator: OldDesignator=R11 NewDesignator=R9
Change Component Designator: OldDesignator=R12 NewDesignator=R13
Change Component Designator: OldDesignator=R13 NewDesignator=R16
Change Component Designator: OldDesignator=R14 NewDesignator=R17
Change Component Designator: OldDesignator=R15 NewDesignator=R12
Change Component Designator: OldDesignator=R16 NewDesignator=R14
Change Component Designator: OldDesignator=R17 NewDesignator=R15
Change component parameters: Designator = "J1" ("J1"); Footprint = "CON: JUMPER x2"; UniqueID = "\ZITKQCHE" ("\ZITKQCHE")
Change component parameters (AddParameter): Name = "CommentText"; Value = "DIR1"; VariantName = "[No Variations]"
Change component parameters: Designator = "J2" ("J2"); Footprint = "CON: JUMPER x2"; UniqueID = "\UMJVKDTZ" ("\UMJVKDTZ")
Change component parameters (AddParameter): Name = "CommentText"; Value = "DIR2"; VariantName = "[No Variations]"
Change component parameters: Designator = "FU1" ("FU1"); Footprint = "FUSE: 1812"; UniqueID = "\EKNPSFGR" ("\EKNPSFGR")
Change component parameters (AddParameter): Name = "HelpURL"; Value = "https://www.digikey.com/products/en?keywords=01110501Z"; VariantName = "[No Variations]"
Change component parameters (AddParameter): Name = "Manufacturer"; Value = "Littelfuse"; VariantName = "[No Variations]"
Change component parameters (AddParameter): Name = "MaxCurrent"; Value = "1A"; VariantName = "[No Variations]"
Change component parameters (AddParameter): Name = "Package"; Value = "1206"; VariantName = "[No Variations]"
Change component parameters (AddParameter): Name = "PartNumber"; Value = "0468001.NR"; VariantName = "[No Variations]"
Change component parameters (AddParameter): Name = "TypeFuse"; Value = "Предохранитель SMD"; VariantName = "[No Variations]"
Change component parameters (AddParameter): Name = "ValueManufacturerPartNumber"; Value = "Предохранитель SMD, 250VAC, 1A, 1206, "; VariantName = "[No Variations]"
Change component parameters (AddParameter): Name = "VoltageMax"; Value = "250VAC"; VariantName = "[No Variations]"
Change component parameters: Designator = "D3" ("D4"); Footprint = "24-TSSOP-PAD"; UniqueID = "\YGWOPWYO" ("\YGWOPWYO")
Change component parameters (AddParameter): Name = "Производитель"; Value = "UMW(Youtai Semiconductor Co., Ltd.)"; VariantName = "[No Variations]"
Change component parameters (AddParameter): Name = "Ссылка"; Value = "***"; VariantName = "[No Variations]"
Change component parameters (AddParameter): Name = "ТипКомпонента"; Value = "Battery Charger "; VariantName = "[No Variations]"
Change component parameters (AddParameter): Name = "Типоразмер"; Value = "SOIC 8"; VariantName = "[No Variations]"
Change component parameters (AddParameter): Name = "УникальныйНомер"; Value = "A4982"; VariantName = "[No Variations]"
Change component parameters: Designator = "D4" ("D3"); Footprint = "24-TSSOP-PAD"; UniqueID = "\PREDWMZJ" ("\PREDWMZJ")
Change component parameters (AddParameter): Name = "Производитель"; Value = "UMW(Youtai Semiconductor Co., Ltd.)"; VariantName = "[No Variations]"
Change component parameters (AddParameter): Name = "Ссылка"; Value = "***"; VariantName = "[No Variations]"
Change component parameters (AddParameter): Name = "ТипКомпонента"; Value = "Battery Charger "; VariantName = "[No Variations]"
Change component parameters (AddParameter): Name = "Типоразмер"; Value = "SOIC 8"; VariantName = "[No Variations]"
Change component parameters (AddParameter): Name = "УникальныйНомер"; Value = "A4982"; VariantName = "[No Variations]"
Change component parameters: Designator = "D5" ("D5"); Footprint = "24-TSSOP-PAD"; UniqueID = "\SZPIMGNL" ("\SZPIMGNL")
Change component parameters (AddParameter): Name = "Производитель"; Value = "UMW(Youtai Semiconductor Co., Ltd.)"; VariantName = "[No Variations]"
Change component parameters (AddParameter): Name = "Ссылка"; Value = "***"; VariantName = "[No Variations]"
Change component parameters (AddParameter): Name = "ТипКомпонента"; Value = "Battery Charger "; VariantName = "[No Variations]"
Change component parameters (AddParameter): Name = "Типоразмер"; Value = "SOIC 8"; VariantName = "[No Variations]"
Change component parameters (AddParameter): Name = "УникальныйНомер"; Value = "A4982"; VariantName = "[No Variations]"
Added Component: Designator=C32(CAP: 0805)
Add component (AddParameter): Name = "HelpURL"; Value = "https://www.digikey.com/product-detail/en/yageo/CC0805KRX7R7BB104/311-1142-1-ND/303052"; VariantName = "[No Variations]"
Add component (AddParameter): Name = "Manufacturer"; Value = "Murata Electronics"; VariantName = "[No Variations]"
Add component (AddParameter): Name = "Package"; Value = "0805"; VariantName = "[No Variations]"
Add component (AddParameter): Name = "PartNumber"; Value = "GRM21BR71H104KA01L"; VariantName = "[No Variations]"
Add component (AddParameter): Name = "Temperature"; Value = "-55...+125°C"; VariantName = "[No Variations]"
Add component (AddParameter): Name = "Tolerance"; Value = "±10%"; VariantName = "[No Variations]"
Add component (AddParameter): Name = "TypeCapacitor"; Value = "Керамический конденсатор"; VariantName = "[No Variations]"
Add component (AddParameter): Name = "TypeDielectric"; Value = "X7R"; VariantName = "[No Variations]"
Add component (AddParameter): Name = "Value"; Value = "0.1?F"; VariantName = "[No Variations]"
Add component (AddParameter): Name = "ValueManufacturerPartNumber"; Value = "Керамический конденсатор, 0.1?F, X7R, ±10%, 16V, 0805, -55...+125°C"; VariantName = "[No Variations]"
Add component (AddParameter): Name = "Voltage"; Value = "16V"; VariantName = "[No Variations]"
Added Component: Designator=C33(CAP: 0805)
Add component (AddParameter): Name = "HelpURL"; Value = "https://www.digikey.com/product-detail/en/yageo/CC0805KRX7R7BB104/311-1142-1-ND/303052"; VariantName = "[No Variations]"
Add component (AddParameter): Name = "Manufacturer"; Value = "Murata Electronics"; VariantName = "[No Variations]"
Add component (AddParameter): Name = "Package"; Value = "0805"; VariantName = "[No Variations]"
Add component (AddParameter): Name = "PartNumber"; Value = "GRM21BR71H104KA01L"; VariantName = "[No Variations]"
Add component (AddParameter): Name = "Temperature"; Value = "-55...+125°C"; VariantName = "[No Variations]"
Add component (AddParameter): Name = "Tolerance"; Value = "±10%"; VariantName = "[No Variations]"
Add component (AddParameter): Name = "TypeCapacitor"; Value = "Керамический конденсатор"; VariantName = "[No Variations]"
Add component (AddParameter): Name = "TypeDielectric"; Value = "X7R"; VariantName = "[No Variations]"
Add component (AddParameter): Name = "Value"; Value = "0.1?F"; VariantName = "[No Variations]"
Add component (AddParameter): Name = "ValueManufacturerPartNumber"; Value = "Керамический конденсатор, 0.1?F, X7R, ±10%, 16V, 0805, -55...+125°C"; VariantName = "[No Variations]"
Add component (AddParameter): Name = "Voltage"; Value = "16V"; VariantName = "[No Variations]"
Added Component: Designator=J3(CON: JUMPER x3)
Add component (AddParameter): Name = "CommentText"; Value = "DIR3"; VariantName = "[No Variations]"
Added Component: Designator=J4(CON: JUMPER x3)
Add component (AddParameter): Name = "CommentText"; Value = "STEP1"; VariantName = "[No Variations]"
Added Component: Designator=J5(CON: JUMPER x3)
Add component (AddParameter): Name = "CommentText"; Value = "STEP2"; VariantName = "[No Variations]"
Added Component: Designator=J6(CON: JUMPER x3)
Add component (AddParameter): Name = "CommentText"; Value = "STEP3"; VariantName = "[No Variations]"
Added Pin To Net: NetName=GND Pin=C32-1
Added Pin To Net: NetName=+12V Pin=C32-2
Added Pin To Net: NetName=GND Pin=C33-1
Added Pin To Net: NetName=+12V Pin=C33-2
Added Pin To Net: NetName=NetD3_11 Pin=D3-11
Added Pin To Net: NetName=NetD3_14 Pin=D3-14
Added Pin To Net: NetName=NetD4_11 Pin=D4-11
Added Pin To Net: NetName=NetD4_14 Pin=D4-14
Added Pin To Net: NetName=NetD3_14 Pin=J1-2
Added Pin To Net: NetName=NetD4_14 Pin=J1-4
Added Pin To Net: NetName=NetJ1_1 Pin=J1-5
Added Pin To Net: NetName=NetD5_14 Pin=J1-6
Added Pin To Net: NetName=NetD3_14 Pin=J2-2
Added Pin To Net: NetName=NetD4_14 Pin=J2-4
Added Pin To Net: NetName=NetJ2_1 Pin=J2-5
Added Pin To Net: NetName=NetD5_14 Pin=J2-6
Added Pin To Net: NetName=NetD3_14 Pin=J3-2
Added Pin To Net: NetName=NetD4_14 Pin=J3-4
Added Pin To Net: NetName=NetD5_14 Pin=J3-6
Added Pin To Net: NetName=NetD3_11 Pin=J4-2
Added Pin To Net: NetName=NetD4_11 Pin=J4-4
Added Pin To Net: NetName=NetD5_11 Pin=J4-6
Added Pin To Net: NetName=NetJ10_2 Pin=J5-1
Added Pin To Net: NetName=NetD3_11 Pin=J5-2
Added Pin To Net: NetName=NetJ10_2 Pin=J5-3
Added Pin To Net: NetName=NetD4_11 Pin=J5-4
Added Pin To Net: NetName=NetJ10_2 Pin=J5-5
Added Pin To Net: NetName=NetD5_11 Pin=J5-6
Added Pin To Net: NetName=NetJ9_2 Pin=J6-1
Added Pin To Net: NetName=NetD3_11 Pin=J6-2
Added Pin To Net: NetName=NetJ9_2 Pin=J6-3
Added Pin To Net: NetName=NetD4_11 Pin=J6-4
Added Pin To Net: NetName=NetJ9_2 Pin=J6-5
Added Pin To Net: NetName=NetD5_11 Pin=J6-6
Added Pin To Net: NetName=NetJ2_1 Pin=X2-4
Added Pin To Net: NetName=NetJ9_2 Pin=X2-7
Change Net Name : Old Net Name=NetC20_1 New Net Name=NetC16_1
Change Net Name : Old Net Name=NetC20_2 New Net Name=NetC16_2
Change Net Name : Old Net Name=NetC21_2 New Net Name=NetC17_2
Change Net Name : Old Net Name=NetC22_1 New Net Name=NetC21_1
Change Net Name : Old Net Name=NetC23_1 New Net Name=NetC20_1
Change Net Name : Old Net Name=NetC29_1 New Net Name=NetC27_1
Change Net Name : Old Net Name=NetC29_2 New Net Name=NetC27_2
Change Net Name : Old Net Name=NetC30_2 New Net Name=NetC28_2
Change Net Name : Old Net Name=NetC31_1 New Net Name=NetC29_1
Change Net Name : Old Net Name=NetD3_5 New Net Name=NetD4_5
Change Net Name : Old Net Name=NetD3_6 New Net Name=NetD4_6
Change Net Name : Old Net Name=NetD3_7 New Net Name=NetD4_7
Change Net Name : Old Net Name=NetD3_8 New Net Name=NetD4_8
Change Net Name : Old Net Name=NetD3_12 New Net Name=NetD4_12
Change Net Name : Old Net Name=NetD3_15 New Net Name=NetD4_15
Change Net Name : Old Net Name=NetD3_17 New Net Name=NetD4_17
Change Net Name : Old Net Name=NetD3_18 New Net Name=NetD4_18
Change Net Name : Old Net Name=NetD3_19 New Net Name=NetD4_19
Change Net Name : Old Net Name=NetD3_20 New Net Name=NetD4_20
Change Net Name : Old Net Name=NetD3_22 New Net Name=NetD4_22
Change Net Name : Old Net Name=NetD3_23 New Net Name=NetD4_23
Change Net Name : Old Net Name=NetD4_5 New Net Name=NetD3_5
Change Net Name : Old Net Name=NetD4_6 New Net Name=NetD3_6
Change Net Name : Old Net Name=NetD4_7 New Net Name=NetD3_7
Change Net Name : Old Net Name=NetD4_8 New Net Name=NetD3_8
Change Net Name : Old Net Name=NetD4_12 New Net Name=NetD3_12
Change Net Name : Old Net Name=NetD4_15 New Net Name=NetD3_15
Change Net Name : Old Net Name=NetD4_17 New Net Name=NetD3_17
Change Net Name : Old Net Name=NetD4_18 New Net Name=NetD3_18
Change Net Name : Old Net Name=NetD4_19 New Net Name=NetD3_19
Change Net Name : Old Net Name=NetD4_20 New Net Name=NetD3_20
Change Net Name : Old Net Name=NetD4_22 New Net Name=NetD3_22
Change Net Name : Old Net Name=NetD4_23 New Net Name=NetD3_23
Change Net Name : Old Net Name=NetJ9_2 New Net Name=NetJ6_1
Change Net Name : Old Net Name=NetJ10_2 New Net Name=NetJ5_1
Change Net Name : Old Net Name=NetR4_1 New Net Name=NetR5_1
Change Net Name : Old Net Name=NetR6_1 New Net Name=NetR4_1
Added Pin To Net: NetName=NetJ3_1 Pin=J3-1
Added Pin To Net: NetName=NetJ3_1 Pin=J3-3
Added Pin To Net: NetName=NetJ3_1 Pin=J3-5
Added Pin To Net: NetName=NetJ3_1 Pin=X2-6
Added Net: Name=NetJ3_1
Added Pin To Net: NetName=NetJ4_1 Pin=J4-1
Added Pin To Net: NetName=NetJ4_1 Pin=J4-3
Added Pin To Net: NetName=NetJ4_1 Pin=J4-5
Added Pin To Net: NetName=NetJ4_1 Pin=X2-3
Added Net: Name=NetJ4_1
Added Member To Class: ClassName=Input Member=Component C32 Керамический конденсатор, 0.1?F, X7R, ±10%, 16V, 0805, -55...+125°C
Added Member To Class: ClassName=Input Member=Component C33 Керамический конденсатор, 0.1?F, X7R, ±10%, 16V, 0805, -55...+125°C
Added Member To Class: ClassName=Step_Driver Member=Component J11
Added Member To Class: ClassName=Step_Driver Member=Component J12
