Added Component: Designator=X3(CON: 15EDGVC-3.5-03 (or 691321100003))
Add component (AddParameter): Name = "CommentText"; Value = ""׀אחתול""; VariantName = "[No Variations]"
Add component (AddParameter): Name = "CurrentMax"; Value = "10A"; VariantName = "[No Variations]"
Add component (AddParameter): Name = "HelpURL"; Value = "https://www.chipdip.ru/product/dg350-3.5-03p-12"; VariantName = "[No Variations]"
Add component (AddParameter): Name = "Manufacturer"; Value = "Degson"; VariantName = "[No Variations]"
Add component (AddParameter): Name = "Multichannel"; Value = "3pin"; VariantName = "[No Variations]"
Add component (AddParameter): Name = "PartNumber"; Value = "DG350-3.5-03P-14"; VariantName = "[No Variations]"
Add component (AddParameter): Name = "Pitch"; Value = "3.5mm"; VariantName = "[No Variations]"
Add component (AddParameter): Name = "TypeConnector"; Value = "Terminal connector"; VariantName = "[No Variations]"
Add component (AddParameter): Name = "ValueManufacturerPartNumber"; Value = "Terminal connector, 3pin, 3.5mm, 300VAC, 10A"; VariantName = "[No Variations]"
Add component (AddParameter): Name = "VoltageMax"; Value = "300VAC"; VariantName = "[No Variations]"
Added Component: Designator=X4(CON: 15EDGVC-3.5-03 (or 691321100003))
Add component (AddParameter): Name = "CommentText"; Value = ""׀אחתול""; VariantName = "[No Variations]"
Add component (AddParameter): Name = "CurrentMax"; Value = "10A"; VariantName = "[No Variations]"
Add component (AddParameter): Name = "HelpURL"; Value = "https://www.chipdip.ru/product/dg350-3.5-03p-12"; VariantName = "[No Variations]"
Add component (AddParameter): Name = "Manufacturer"; Value = "Degson"; VariantName = "[No Variations]"
Add component (AddParameter): Name = "Multichannel"; Value = "3pin"; VariantName = "[No Variations]"
Add component (AddParameter): Name = "PartNumber"; Value = "DG350-3.5-03P-14"; VariantName = "[No Variations]"
Add component (AddParameter): Name = "Pitch"; Value = "3.5mm"; VariantName = "[No Variations]"
Add component (AddParameter): Name = "TypeConnector"; Value = "Terminal connector"; VariantName = "[No Variations]"
Add component (AddParameter): Name = "ValueManufacturerPartNumber"; Value = "Terminal connector, 3pin, 3.5mm, 300VAC, 10A"; VariantName = "[No Variations]"
Add component (AddParameter): Name = "VoltageMax"; Value = "300VAC"; VariantName = "[No Variations]"
Added Component: Designator=X5(CON: 15EDGVC-3.5-03 (or 691321100003))
Add component (AddParameter): Name = "CommentText"; Value = ""׀אחתול""; VariantName = "[No Variations]"
Add component (AddParameter): Name = "CurrentMax"; Value = "10A"; VariantName = "[No Variations]"
Add component (AddParameter): Name = "HelpURL"; Value = "https://www.chipdip.ru/product/dg350-3.5-03p-12"; VariantName = "[No Variations]"
Add component (AddParameter): Name = "Manufacturer"; Value = "Degson"; VariantName = "[No Variations]"
Add component (AddParameter): Name = "Multichannel"; Value = "3pin"; VariantName = "[No Variations]"
Add component (AddParameter): Name = "PartNumber"; Value = "DG350-3.5-03P-14"; VariantName = "[No Variations]"
Add component (AddParameter): Name = "Pitch"; Value = "3.5mm"; VariantName = "[No Variations]"
Add component (AddParameter): Name = "TypeConnector"; Value = "Terminal connector"; VariantName = "[No Variations]"
Add component (AddParameter): Name = "ValueManufacturerPartNumber"; Value = "Terminal connector, 3pin, 3.5mm, 300VAC, 10A"; VariantName = "[No Variations]"
Add component (AddParameter): Name = "VoltageMax"; Value = "300VAC"; VariantName = "[No Variations]"
Added Component: Designator=X6(CON: 15EDGVC-3.5-03 (or 691321100003))
Add component (AddParameter): Name = "CommentText"; Value = ""׀אחתול""; VariantName = "[No Variations]"
Add component (AddParameter): Name = "CurrentMax"; Value = "10A"; VariantName = "[No Variations]"
Add component (AddParameter): Name = "HelpURL"; Value = "https://www.chipdip.ru/product/dg350-3.5-03p-12"; VariantName = "[No Variations]"
Add component (AddParameter): Name = "Manufacturer"; Value = "Degson"; VariantName = "[No Variations]"
Add component (AddParameter): Name = "Multichannel"; Value = "3pin"; VariantName = "[No Variations]"
Add component (AddParameter): Name = "PartNumber"; Value = "DG350-3.5-03P-14"; VariantName = "[No Variations]"
Add component (AddParameter): Name = "Pitch"; Value = "3.5mm"; VariantName = "[No Variations]"
Add component (AddParameter): Name = "TypeConnector"; Value = "Terminal connector"; VariantName = "[No Variations]"
Add component (AddParameter): Name = "ValueManufacturerPartNumber"; Value = "Terminal connector, 3pin, 3.5mm, 300VAC, 10A"; VariantName = "[No Variations]"
Add component (AddParameter): Name = "VoltageMax"; Value = "300VAC"; VariantName = "[No Variations]"
Added Member To Class: ClassName=Sheet_1 Member=Component X3 Terminal connector, 3pin, 3.5mm, 300VAC, 10A
Added Member To Class: ClassName=Sheet_1 Member=Component X4 Terminal connector, 3pin, 3.5mm, 300VAC, 10A
Added Member To Class: ClassName=Sheet_1 Member=Component X5 Terminal connector, 3pin, 3.5mm, 300VAC, 10A
Added Member To Class: ClassName=Sheet_1 Member=Component X6 Terminal connector, 3pin, 3.5mm, 300VAC, 10A
