Removed Pin From Net: NetName=+12V Pin=R1-1
Removed Pin From Net: NetName=NetR1_2 Pin=R1-2
Removed Pin From Net: NetName=+12V Pin=R2-1
Removed Pin From Net: NetName=NetR2_2 Pin=R2-2
Removed Pin From Net: NetName=+12V Pin=R3-1
Removed Pin From Net: NetName=NetR3_2 Pin=R3-2
Removed Pin From Net: NetName=NetR13_1 Pin=R13-1
Removed Pin From Net: NetName=+5V Pin=R13-2
Removed Pin From Net: NetName=NetR14_1 Pin=R14-1
Removed Pin From Net: NetName=+5V Pin=R14-2
Removed Pin From Net: NetName=NetR15_1 Pin=R15-1
Removed Pin From Net: NetName=+5V Pin=R15-2
Removed Pin From Net: NetName=NetR1_2 Pin=U1-1
Removed Pin From Net: NetName=NetR2_2 Pin=U1-3
Removed Pin From Net: NetName=NetR13_1 Pin=U1-6
Removed Pin From Net: NetName=NetR3_2 Pin=U2-1
Removed Pin From Net: NetName=NetR4_2 Pin=U2-3
Removed Pin From Net: NetName=NetR14_1 Pin=U2-6
Removed Pin From Net: NetName=NetR5_2 Pin=U3-1
Removed Pin From Net: NetName=NetR6_2 Pin=U3-3
Removed Pin From Net: NetName=NetR15_1 Pin=U3-6
Removed Pin From Net: NetName=NetR7_2 Pin=U4-1
Removed Pin From Net: NetName=NetR8_2 Pin=U4-3
Removed Pin From Net: NetName=NetR16_1 Pin=U4-6
Removed Pin From Net: NetName=NetR9_2 Pin=U5-1
Removed Pin From Net: NetName=NetR10_2 Pin=U5-3
Removed Pin From Net: NetName=NetR17_1 Pin=U5-6
Removed Pin From Net: NetName=NetR11_2 Pin=U6-1
Removed Pin From Net: NetName=NetR12_2 Pin=U6-3
Removed Pin From Net: NetName=NetR18_1 Pin=U6-6
Removed Pin From Net: NetName=NetR2_2 Pin=X1-1
Removed Pin From Net: NetName=GND Pin=X1-2
Removed Pin From Net: NetName=NetR4_2 Pin=X2-1
Removed Pin From Net: NetName=NetR6_2 Pin=X3-1
Removed Pin From Net: NetName=NetR8_2 Pin=X4-1
Removed Pin From Net: NetName=+12V Pin=X5-1
Removed Pin From Net: NetName=NetR10_2 Pin=X5-2
Removed Pin From Net: NetName=GND Pin=X5-3
Removed Pin From Net: NetName=NetR12_2 Pin=X6-2
Removed Pin From Net: NetName=NetR13_1 Pin=X8-2
Removed Pin From Net: NetName=NetR14_1 Pin=X8-3
Removed Pin From Net: NetName=NetR15_1 Pin=X8-4
Removed Pin From Net: NetName=NetR16_1 Pin=X8-5
Removed Pin From Net: NetName=NetR17_1 Pin=X8-6
Removed Pin From Net: NetName=NetR18_1 Pin=X8-7
Removed Member From Class: ClassName=Sheet_1 Member=R4
Removed Member From Class: ClassName=Sheet_1 Member=R5
Removed Member From Class: ClassName=Sheet_1 Member=R6
Removed Member From Class: ClassName=Sheet_1 Member=R7
Removed Member From Class: ClassName=Sheet_1 Member=R8
Removed Member From Class: ClassName=Sheet_1 Member=R9
Removed Member From Class: ClassName=Sheet_1 Member=R10
Removed Member From Class: ClassName=Sheet_1 Member=R11
Removed Member From Class: ClassName=Sheet_1 Member=R12
Removed Member From Class: ClassName=Sheet_1 Member=R16
Removed Member From Class: ClassName=Sheet_1 Member=R17
Removed Member From Class: ClassName=Sheet_1 Member=R18
Removed Member From Class: ClassName=Sheet_1 Member=R19
Removed Member From Class: ClassName=Sheet_1 Member=R20
Removed Member From Class: ClassName=Sheet_1 Member=R21
Removed Member From Class: ClassName=Sheet_1 Member=U1
Removed Member From Class: ClassName=Sheet_1 Member=U2
Removed Member From Class: ClassName=Sheet_1 Member=U3
Removed Member From Class: ClassName=Sheet_1 Member=U4
Removed Member From Class: ClassName=Sheet_1 Member=U5
Removed Member From Class: ClassName=Sheet_1 Member=U6
Removed Member From Class: ClassName=Sheet_1 Member=X2
Removed Member From Class: ClassName=Sheet_1 Member=X3
Removed Member From Class: ClassName=Sheet_1 Member=X4
Removed Member From Class: ClassName=Sheet_1 Member=X5
Removed Member From Class: ClassName=Sheet_1 Member=X6
Removed Member From Class: ClassName=Sheet_1 Member=X7
Removed Member From Class: ClassName=Sheet_1 Member=X8
Change Component Footprint: Designator=X5 Old Footprint=CON: 15EDGVC-3.5-03 (or 691321100003) New Footprint=CON: 15EDGVC-3.5-02 (or 691321100002)
Change Component Comment : Designator=X5 Old Comment=Terminal connector, 3pin, 3.5mm, 300VAC, 10A New Comment=Клеммник, 2pin, 3.5mm, 300VAC, 10A
Change Component Comment : Designator=C7 Old Comment=Керамический конденсатор, 0.1 мкФ, X7R, ±10%, 16V, 0805, -55...+125°C New Comment=Керамический конденсатор, 0.1?F, X7R, ±10%, 16V, 0805, -55...+125°C
Change Component Comment : Designator=C10 Old Comment=Керамический конденсатор, 0.1 мкФ, X7R, ±10%, 16V, 0805, -55...+125°C New Comment=Керамический конденсатор, 0.1?F, X7R, ±10%, 16V, 0805, -55...+125°C
Change Component Comment : Designator=C5 Old Comment=Конденсатор электролитический алюминиевый SMD, 100 мкФ, 25 В, ±20%, 54mOhm, 8x20mm, -55...+105°C New Comment=Конденсатор электролитический алюминиевый SMD, 100?F, 25 В, ±20%, 54mOhm, 8x20mm, -55...+105°C
Change Component Designator: OldDesignator=C1 NewDesignator=C2
Change Component Designator: OldDesignator=C2 NewDesignator=C4
Change Component Designator: OldDesignator=C3 NewDesignator=C6
Change Component Designator: OldDesignator=C4 NewDesignator=C7
Change Component Designator: OldDesignator=C5 NewDesignator=C10
Change Component Designator: OldDesignator=C6 NewDesignator=C12
Change Component Designator: OldDesignator=C7 NewDesignator=C13
Change Component Designator: OldDesignator=C8 NewDesignator=C14
Change Component Designator: OldDesignator=C9 NewDesignator=C15
Change Component Designator: OldDesignator=C10 NewDesignator=C8
Change Component Designator: OldDesignator=C11 NewDesignator=C9
Change Component Designator: OldDesignator=C12 NewDesignator=C11
Change Component Designator: OldDesignator=R19 NewDesignator=R1
Change Component Designator: OldDesignator=R20 NewDesignator=R2
Change Component Designator: OldDesignator=R21 NewDesignator=R3
Change Component Designator: OldDesignator=VD1 NewDesignator=VD2
Change Component Designator: OldDesignator=VD2 NewDesignator=VD4
Change Component Designator: OldDesignator=X7 NewDesignator=X1
Change component parameters: Designator = "X2" ("X2"); Footprint = "CON: 15EDGVC-3.5-02 (or 691321100002)"; UniqueID = "\VKRBLTRK" ("\VKRBLTRK")
Change component parameters (AddParameter): Name = "CommentText"; Value = ""IN1""; VariantName = "[No Variations]"
Change component parameters (AddParameter): Name = "CurrentMax"; Value = "10A"; VariantName = "[No Variations]"
Change component parameters (AddParameter): Name = "HelpURL"; Value = "https://www.chipdip.ru/product/dg350-3.5-02p-12"; VariantName = "[No Variations]"
Change component parameters (AddParameter): Name = "Manufacturer"; Value = "DEGSON"; VariantName = "[No Variations]"
Change component parameters (AddParameter): Name = "Multichannel"; Value = "2pin"; VariantName = "[No Variations]"
Change component parameters (AddParameter): Name = "PartNumber"; Value = "DG350-3.5-02P-14-00A(H)"; VariantName = "[No Variations]"
Change component parameters (AddParameter): Name = "Pitch"; Value = "3.5mm"; VariantName = "[No Variations]"
Change component parameters (AddParameter): Name = "TypeConnector"; Value = "Клеммник"; VariantName = "[No Variations]"
Change component parameters (AddParameter): Name = "ValueManufacturerPartNumber"; Value = "Клеммник, 2pin, 3.5mm, 300VAC, 10A"; VariantName = "[No Variations]"
Change component parameters (AddParameter): Name = "VoltageMax"; Value = "300VAC"; VariantName = "[No Variations]"
Change component parameters: Designator = "X3" ("X3"); Footprint = "CON: 15EDGVC-3.5-02 (or 691321100002)"; UniqueID = "\IHBEXWFF" ("\IHBEXWFF")
Change component parameters (AddParameter): Name = "CommentText"; Value = ""IN2""; VariantName = "[No Variations]"
Change component parameters (AddParameter): Name = "CurrentMax"; Value = "10A"; VariantName = "[No Variations]"
Change component parameters (AddParameter): Name = "HelpURL"; Value = "https://www.chipdip.ru/product/dg350-3.5-02p-12"; VariantName = "[No Variations]"
Change component parameters (AddParameter): Name = "Manufacturer"; Value = "DEGSON"; VariantName = "[No Variations]"
Change component parameters (AddParameter): Name = "Multichannel"; Value = "2pin"; VariantName = "[No Variations]"
Change component parameters (AddParameter): Name = "PartNumber"; Value = "DG350-3.5-02P-14-00A(H)"; VariantName = "[No Variations]"
Change component parameters (AddParameter): Name = "Pitch"; Value = "3.5mm"; VariantName = "[No Variations]"
Change component parameters (AddParameter): Name = "TypeConnector"; Value = "Клеммник"; VariantName = "[No Variations]"
Change component parameters (AddParameter): Name = "ValueManufacturerPartNumber"; Value = "Клеммник, 2pin, 3.5mm, 300VAC, 10A"; VariantName = "[No Variations]"
Change component parameters (AddParameter): Name = "VoltageMax"; Value = "300VAC"; VariantName = "[No Variations]"
Change component parameters: Designator = "X4" ("X4"); Footprint = "CON: 15EDGVC-3.5-02 (or 691321100002)"; UniqueID = "\GTTFGYTA" ("\GTTFGYTA")
Change component parameters (AddParameter): Name = "CommentText"; Value = ""IN3""; VariantName = "[No Variations]"
Change component parameters (AddParameter): Name = "CurrentMax"; Value = "10A"; VariantName = "[No Variations]"
Change component parameters (AddParameter): Name = "HelpURL"; Value = "https://www.chipdip.ru/product/dg350-3.5-02p-12"; VariantName = "[No Variations]"
Change component parameters (AddParameter): Name = "Manufacturer"; Value = "DEGSON"; VariantName = "[No Variations]"
Change component parameters (AddParameter): Name = "Multichannel"; Value = "2pin"; VariantName = "[No Variations]"
Change component parameters (AddParameter): Name = "PartNumber"; Value = "DG350-3.5-02P-14-00A(H)"; VariantName = "[No Variations]"
Change component parameters (AddParameter): Name = "Pitch"; Value = "3.5mm"; VariantName = "[No Variations]"
Change component parameters (AddParameter): Name = "TypeConnector"; Value = "Клеммник"; VariantName = "[No Variations]"
Change component parameters (AddParameter): Name = "ValueManufacturerPartNumber"; Value = "Клеммник, 2pin, 3.5mm, 300VAC, 10A"; VariantName = "[No Variations]"
Change component parameters (AddParameter): Name = "VoltageMax"; Value = "300VAC"; VariantName = "[No Variations]"
Change component parameters: Designator = "X6" ("X6"); Footprint = "CON: 15EDGVC-3.5-03 (or 691321100003)"; UniqueID = "\BYOOWALC" ("\BYOOWALC")
Change component parameters (AddParameter): Name = "CommentText"; Value = ""IN5""; VariantName = "[No Variations]"
Change component parameters (AddParameter): Name = "CurrentMax"; Value = "10A"; VariantName = "[No Variations]"
Change component parameters (AddParameter): Name = "HelpURL"; Value = "https://www.chipdip.ru/product/dg350-3.5-03p-12"; VariantName = "[No Variations]"
Change component parameters (AddParameter): Name = "Manufacturer"; Value = "Degson"; VariantName = "[No Variations]"
Change component parameters (AddParameter): Name = "Multichannel"; Value = "3pin"; VariantName = "[No Variations]"
Change component parameters (AddParameter): Name = "PartNumber"; Value = "DG350-3.5-03P-14"; VariantName = "[No Variations]"
Change component parameters (AddParameter): Name = "Pitch"; Value = "3.5mm"; VariantName = "[No Variations]"
Change component parameters (AddParameter): Name = "TypeConnector"; Value = "Terminal connector"; VariantName = "[No Variations]"
Change component parameters (AddParameter): Name = "ValueManufacturerPartNumber"; Value = "Terminal connector, 3pin, 3.5mm, 300VAC, 10A"; VariantName = "[No Variations]"
Change component parameters (AddParameter): Name = "VoltageMax"; Value = "300VAC"; VariantName = "[No Variations]"
Change component parameters: Designator = "VD2" ("VD4"); Footprint = "DIODE: SOD123"; UniqueID = "\YOZYZTZU" ("\YOZYZTZU")
Change component parameters (AddParameter): Name = "Current"; Value = "500mA"; VariantName = "[No Variations]"
Change component parameters (AddParameter): Name = "HelpURL"; Value = "https://www.digikey.com/product-detail/en/diodes-incorporated/MBR0580S1-7/MBR0580S1-7DICT-ND/5080371"; VariantName = "[No Variations]"
Change component parameters (AddParameter): Name = "Manufacturer"; Value = "Diodes Incorporated"; VariantName = "[No Variations]"
Change component parameters (AddParameter): Name = "Package"; Value = "SOD-123"; VariantName = "[No Variations]"
Change component parameters (AddParameter): Name = "PartNumber"; Value = "1N5819"; VariantName = "[No Variations]"
Change component parameters (AddParameter): Name = "RecoveryTime"; Value = "15pF"; VariantName = "[No Variations]"
Change component parameters (AddParameter): Name = "Temperature"; Value = "-55...+150°C"; VariantName = "[No Variations]"
Change component parameters (AddParameter): Name = "TypeDiode"; Value = "Диод Шоттки"; VariantName = "[No Variations]"
Change component parameters (AddParameter): Name = "ValueManufacturerPartNumber"; Value = "Диод Шоттки, 80V, 500mA, 1V, 15pF, SOD-123, -55...+150°C"; VariantName = "[No Variations]"
Change component parameters (AddParameter): Name = "Voltage"; Value = "80V"; VariantName = "[No Variations]"
Change component parameters (AddParameter): Name = "VoltageDrop"; Value = "1V"; VariantName = "[No Variations]"
Change component parameters: Designator = "FU1" ("FU1"); Footprint = "FUSE: 1812"; UniqueID = "\EKNPSFGR" ("\EKNPSFGR")
Change component parameters (AddParameter): Name = "HelpURL"; Value = "https://www.digikey.com/products/en?keywords=01110501Z"; VariantName = "[No Variations]"
Change component parameters (AddParameter): Name = "Manufacturer"; Value = "Littelfuse"; VariantName = "[No Variations]"
Change component parameters (AddParameter): Name = "MaxCurrent"; Value = "1A"; VariantName = "[No Variations]"
Change component parameters (AddParameter): Name = "Package"; Value = "1206"; VariantName = "[No Variations]"
Change component parameters (AddParameter): Name = "PartNumber"; Value = "0468001.NR"; VariantName = "[No Variations]"
Change component parameters (AddParameter): Name = "TypeFuse"; Value = "Предохранитель SMD"; VariantName = "[No Variations]"
Change component parameters (AddParameter): Name = "ValueManufacturerPartNumber"; Value = "Предохранитель SMD, 250VAC, 1A, 1206, "; VariantName = "[No Variations]"
Change component parameters (AddParameter): Name = "VoltageMax"; Value = "250VAC"; VariantName = "[No Variations]"
Change component parameters: Designator = "R4" ("R4"); Footprint = "RES: 0805"; UniqueID = "\KIQHBZJH" ("\KIQHBZJH")
Change component parameters (AddParameter): Name = "Значение"; Value = "3.3k"; VariantName = "[No Variations]"
Change component parameters (AddParameter): Name = "Производитель"; Value = "YAGEO"; VariantName = "[No Variations]"
Change component parameters (AddParameter): Name = "Ссылка"; Value = "***"; VariantName = "[No Variations]"
Change component parameters (AddParameter): Name = "ТипКомпонента"; Value = "Резистор SMD"; VariantName = "[No Variations]"
Change component parameters (AddParameter): Name = "Типоразмер"; Value = "0201"; VariantName = "[No Variations]"
Change component parameters (AddParameter): Name = "Точность"; Value = "±5%"; VariantName = "[No Variations]"
Change component parameters (AddParameter): Name = "УникальныйНомер"; Value = "RC0201JR-07100RL"; VariantName = "[No Variations]"
Change component parameters: Designator = "R5" ("R5"); Footprint = "RES: 0805"; UniqueID = "\RDCUWQFI" ("\RDCUWQFI")
Change component parameters (AddParameter): Name = "Значение"; Value = "10k"; VariantName = "[No Variations]"
Change component parameters (AddParameter): Name = "Производитель"; Value = "YAGEO"; VariantName = "[No Variations]"
Change component parameters (AddParameter): Name = "Ссылка"; Value = "***"; VariantName = "[No Variations]"
Change component parameters (AddParameter): Name = "ТипКомпонента"; Value = "Резистор SMD"; VariantName = "[No Variations]"
Change component parameters (AddParameter): Name = "Типоразмер"; Value = "0201"; VariantName = "[No Variations]"
Change component parameters (AddParameter): Name = "Точность"; Value = "±5%"; VariantName = "[No Variations]"
Change component parameters (AddParameter): Name = "УникальныйНомер"; Value = "RC0201JR-07100RL"; VariantName = "[No Variations]"
Change component parameters: Designator = "R6" ("R6"); Footprint = "RES: 0805"; UniqueID = "\LNZNGSUX" ("\LNZNGSUX")
Change component parameters (AddParameter): Name = "Значение"; Value = "3.3k"; VariantName = "[No Variations]"
Change component parameters (AddParameter): Name = "Производитель"; Value = "YAGEO"; VariantName = "[No Variations]"
Change component parameters (AddParameter): Name = "Ссылка"; Value = "***"; VariantName = "[No Variations]"
Change component parameters (AddParameter): Name = "ТипКомпонента"; Value = "Резистор SMD"; VariantName = "[No Variations]"
Change component parameters (AddParameter): Name = "Типоразмер"; Value = "0201"; VariantName = "[No Variations]"
Change component parameters (AddParameter): Name = "Точность"; Value = "±5%"; VariantName = "[No Variations]"
Change component parameters (AddParameter): Name = "УникальныйНомер"; Value = "RC0201JR-07100RL"; VariantName = "[No Variations]"
Change component parameters: Designator = "R7" ("R7"); Footprint = "RES: 0805"; UniqueID = "\YLPLRHEW" ("\YLPLRHEW")
Change component parameters (AddParameter): Name = "Значение"; Value = "10k"; VariantName = "[No Variations]"
Change component parameters (AddParameter): Name = "Производитель"; Value = "YAGEO"; VariantName = "[No Variations]"
Change component parameters (AddParameter): Name = "Ссылка"; Value = "***"; VariantName = "[No Variations]"
Change component parameters (AddParameter): Name = "ТипКомпонента"; Value = "Резистор SMD"; VariantName = "[No Variations]"
Change component parameters (AddParameter): Name = "Типоразмер"; Value = "0201"; VariantName = "[No Variations]"
Change component parameters (AddParameter): Name = "Точность"; Value = "±5%"; VariantName = "[No Variations]"
Change component parameters (AddParameter): Name = "УникальныйНомер"; Value = "RC0201JR-07100RL"; VariantName = "[No Variations]"
Change component parameters: Designator = "R8" ("R8"); Footprint = "RES: 0805"; UniqueID = "\TANFNYLL" ("\TANFNYLL")
Change component parameters (AddParameter): Name = "Значение"; Value = "3.3k"; VariantName = "[No Variations]"
Change component parameters (AddParameter): Name = "Производитель"; Value = "YAGEO"; VariantName = "[No Variations]"
Change component parameters (AddParameter): Name = "Ссылка"; Value = "***"; VariantName = "[No Variations]"
Change component parameters (AddParameter): Name = "ТипКомпонента"; Value = "Резистор SMD"; VariantName = "[No Variations]"
Change component parameters (AddParameter): Name = "Типоразмер"; Value = "0201"; VariantName = "[No Variations]"
Change component parameters (AddParameter): Name = "Точность"; Value = "±5%"; VariantName = "[No Variations]"
Change component parameters (AddParameter): Name = "УникальныйНомер"; Value = "RC0201JR-07100RL"; VariantName = "[No Variations]"
Change component parameters: Designator = "R9" ("R9"); Footprint = "RES: 0805"; UniqueID = "\GEJFCWYK" ("\GEJFCWYK")
Change component parameters (AddParameter): Name = "Значение"; Value = "10k"; VariantName = "[No Variations]"
Change component parameters (AddParameter): Name = "Производитель"; Value = "YAGEO"; VariantName = "[No Variations]"
Change component parameters (AddParameter): Name = "Ссылка"; Value = "***"; VariantName = "[No Variations]"
Change component parameters (AddParameter): Name = "ТипКомпонента"; Value = "Резистор SMD"; VariantName = "[No Variations]"
Change component parameters (AddParameter): Name = "Типоразмер"; Value = "0201"; VariantName = "[No Variations]"
Change component parameters (AddParameter): Name = "Точность"; Value = "±5%"; VariantName = "[No Variations]"
Change component parameters (AddParameter): Name = "УникальныйНомер"; Value = "RC0201JR-07100RL"; VariantName = "[No Variations]"
Change component parameters: Designator = "R10" ("R10"); Footprint = "RES: 0805"; UniqueID = "\NTGVBEHJ" ("\NTGVBEHJ")
Change component parameters (AddParameter): Name = "Значение"; Value = "3.3k"; VariantName = "[No Variations]"
Change component parameters (AddParameter): Name = "Производитель"; Value = "YAGEO"; VariantName = "[No Variations]"
Change component parameters (AddParameter): Name = "Ссылка"; Value = "***"; VariantName = "[No Variations]"
Change component parameters (AddParameter): Name = "ТипКомпонента"; Value = "Резистор SMD"; VariantName = "[No Variations]"
Change component parameters (AddParameter): Name = "Типоразмер"; Value = "0201"; VariantName = "[No Variations]"
Change component parameters (AddParameter): Name = "Точность"; Value = "±5%"; VariantName = "[No Variations]"
Change component parameters (AddParameter): Name = "УникальныйНомер"; Value = "RC0201JR-07100RL"; VariantName = "[No Variations]"
Change component parameters: Designator = "R11" ("R11"); Footprint = "RES: 0805"; UniqueID = "\IOFNGYOR" ("\IOFNGYOR")
Change component parameters (AddParameter): Name = "Значение"; Value = "10k"; VariantName = "[No Variations]"
Change component parameters (AddParameter): Name = "Производитель"; Value = "YAGEO"; VariantName = "[No Variations]"
Change component parameters (AddParameter): Name = "Ссылка"; Value = "***"; VariantName = "[No Variations]"
Change component parameters (AddParameter): Name = "ТипКомпонента"; Value = "Резистор SMD"; VariantName = "[No Variations]"
Change component parameters (AddParameter): Name = "Типоразмер"; Value = "0201"; VariantName = "[No Variations]"
Change component parameters (AddParameter): Name = "Точность"; Value = "±5%"; VariantName = "[No Variations]"
Change component parameters (AddParameter): Name = "УникальныйНомер"; Value = "RC0201JR-07100RL"; VariantName = "[No Variations]"
Change component parameters: Designator = "R12" ("R12"); Footprint = "RES: 0805"; UniqueID = "\WIEQAGFC" ("\WIEQAGFC")
Change component parameters (AddParameter): Name = "Значение"; Value = "3.3k"; VariantName = "[No Variations]"
Change component parameters (AddParameter): Name = "Производитель"; Value = "YAGEO"; VariantName = "[No Variations]"
Change component parameters (AddParameter): Name = "Ссылка"; Value = "***"; VariantName = "[No Variations]"
Change component parameters (AddParameter): Name = "ТипКомпонента"; Value = "Резистор SMD"; VariantName = "[No Variations]"
Change component parameters (AddParameter): Name = "Типоразмер"; Value = "0201"; VariantName = "[No Variations]"
Change component parameters (AddParameter): Name = "Точность"; Value = "±5%"; VariantName = "[No Variations]"
Change component parameters (AddParameter): Name = "УникальныйНомер"; Value = "RC0201JR-07100RL"; VariantName = "[No Variations]"
Change component parameters: Designator = "R13" ("R13"); Footprint = "RES: 0805"; UniqueID = "\PWFFODGC" ("\PWFFODGC")
Change component parameters (AddParameter): Name = "Значение"; Value = "10k"; VariantName = "[No Variations]"
Change component parameters (AddParameter): Name = "Производитель"; Value = "YAGEO"; VariantName = "[No Variations]"
Change component parameters (AddParameter): Name = "Ссылка"; Value = "***"; VariantName = "[No Variations]"
Change component parameters (AddParameter): Name = "ТипКомпонента"; Value = "Резистор SMD"; VariantName = "[No Variations]"
Change component parameters (AddParameter): Name = "Типоразмер"; Value = "0201"; VariantName = "[No Variations]"
Change component parameters (AddParameter): Name = "Точность"; Value = "±5%"; VariantName = "[No Variations]"
Change component parameters (AddParameter): Name = "УникальныйНомер"; Value = "RC0201JR-07100RL"; VariantName = "[No Variations]"
Change component parameters: Designator = "R14" ("R14"); Footprint = "RES: 0805"; UniqueID = "\FBDVNHIC" ("\FBDVNHIC")
Change component parameters (AddParameter): Name = "Значение"; Value = "3.3k"; VariantName = "[No Variations]"
Change component parameters (AddParameter): Name = "Производитель"; Value = "YAGEO"; VariantName = "[No Variations]"
Change component parameters (AddParameter): Name = "Ссылка"; Value = "***"; VariantName = "[No Variations]"
Change component parameters (AddParameter): Name = "ТипКомпонента"; Value = "Резистор SMD"; VariantName = "[No Variations]"
Change component parameters (AddParameter): Name = "Типоразмер"; Value = "0201"; VariantName = "[No Variations]"
Change component parameters (AddParameter): Name = "Точность"; Value = "±5%"; VariantName = "[No Variations]"
Change component parameters (AddParameter): Name = "УникальныйНомер"; Value = "RC0201JR-07100RL"; VariantName = "[No Variations]"
Change component parameters: Designator = "R15" ("R15"); Footprint = "RES: 0805"; UniqueID = "\FVFFDQRN" ("\FVFFDQRN")
Change component parameters (AddParameter): Name = "Значение"; Value = "10k"; VariantName = "[No Variations]"
Change component parameters (AddParameter): Name = "Производитель"; Value = "YAGEO"; VariantName = "[No Variations]"
Change component parameters (AddParameter): Name = "Ссылка"; Value = "***"; VariantName = "[No Variations]"
Change component parameters (AddParameter): Name = "ТипКомпонента"; Value = "Резистор SMD"; VariantName = "[No Variations]"
Change component parameters (AddParameter): Name = "Типоразмер"; Value = "0201"; VariantName = "[No Variations]"
Change component parameters (AddParameter): Name = "Точность"; Value = "±5%"; VariantName = "[No Variations]"
Change component parameters (AddParameter): Name = "УникальныйНомер"; Value = "RC0201JR-07100RL"; VariantName = "[No Variations]"
Change component parameters: Designator = "R16" ("R16"); Footprint = "RES: 0805"; UniqueID = "\TFIAVAUF" ("\TFIAVAUF")
Change component parameters (AddParameter): Name = "Значение"; Value = "10k"; VariantName = "[No Variations]"
Change component parameters (AddParameter): Name = "Производитель"; Value = "YAGEO"; VariantName = "[No Variations]"
Change component parameters (AddParameter): Name = "Ссылка"; Value = "***"; VariantName = "[No Variations]"
Change component parameters (AddParameter): Name = "ТипКомпонента"; Value = "Резистор SMD"; VariantName = "[No Variations]"
Change component parameters (AddParameter): Name = "Типоразмер"; Value = "0201"; VariantName = "[No Variations]"
Change component parameters (AddParameter): Name = "Точность"; Value = "±5%"; VariantName = "[No Variations]"
Change component parameters (AddParameter): Name = "УникальныйНомер"; Value = "RC0201JR-07100RL"; VariantName = "[No Variations]"
Change component parameters: Designator = "R17" ("R17"); Footprint = "RES: 0805"; UniqueID = "\CPXVKOED" ("\CPXVKOED")
Change component parameters (AddParameter): Name = "Значение"; Value = "10k"; VariantName = "[No Variations]"
Change component parameters (AddParameter): Name = "Производитель"; Value = "YAGEO"; VariantName = "[No Variations]"
Change component parameters (AddParameter): Name = "Ссылка"; Value = "***"; VariantName = "[No Variations]"
Change component parameters (AddParameter): Name = "ТипКомпонента"; Value = "Резистор SMD"; VariantName = "[No Variations]"
Change component parameters (AddParameter): Name = "Типоразмер"; Value = "0201"; VariantName = "[No Variations]"
Change component parameters (AddParameter): Name = "Точность"; Value = "±5%"; VariantName = "[No Variations]"
Change component parameters (AddParameter): Name = "УникальныйНомер"; Value = "RC0201JR-07100RL"; VariantName = "[No Variations]"
Change component parameters: Designator = "R18" ("R18"); Footprint = "RES: 0805"; UniqueID = "\VNPLHBJQ" ("\VNPLHBJQ")
Change component parameters (AddParameter): Name = "Значение"; Value = "10k"; VariantName = "[No Variations]"
Change component parameters (AddParameter): Name = "Производитель"; Value = "YAGEO"; VariantName = "[No Variations]"
Change component parameters (AddParameter): Name = "Ссылка"; Value = "***"; VariantName = "[No Variations]"
Change component parameters (AddParameter): Name = "ТипКомпонента"; Value = "Резистор SMD"; VariantName = "[No Variations]"
Change component parameters (AddParameter): Name = "Типоразмер"; Value = "0201"; VariantName = "[No Variations]"
Change component parameters (AddParameter): Name = "Точность"; Value = "±5%"; VariantName = "[No Variations]"
Change component parameters (AddParameter): Name = "УникальныйНомер"; Value = "RC0201JR-07100RL"; VariantName = "[No Variations]"
Change component parameters: Designator = "C5" ("C10"); Footprint = "CAP: SMD D5A5.9"; UniqueID = "\CFUZVSKU" ("\CFUZVSKU")
Change component parameters (AddParameter): Name = "HelpURL"; Value = "https://www.digikey.com/product-detail/en/wurth-electronics-inc/860080475013/732-9029-1-ND/5728972"; VariantName = "[No Variations]"
Change component parameters (AddParameter): Name = "Impedance"; Value = "54mOhm"; VariantName = "[No Variations]"
Change component parameters (AddParameter): Name = "Manufacturer"; Value = "Nichicon"; VariantName = "[No Variations]"
Change component parameters (AddParameter): Name = "Package"; Value = "8x20mm"; VariantName = "[No Variations]"
Change component parameters (AddParameter): Name = "PartNumber"; Value = "UPM1C471MPD1TD"; VariantName = "[No Variations]"
Change component parameters (AddParameter): Name = "Temperature"; Value = "-55...+105°C"; VariantName = "[No Variations]"
Change component parameters (AddParameter): Name = "Tolerance"; Value = "±20%"; VariantName = "[No Variations]"
Change component parameters (AddParameter): Name = "TypeCapacitor"; Value = "Конденсатор электролитический алюминиевый SMD"; VariantName = "[No Variations]"
Change component parameters (AddParameter): Name = "Value"; Value = "100?F"; VariantName = "[No Variations]"
Change component parameters (AddParameter): Name = "ValueManufacturerPartNumber"; Value = "Конденсатор электролитический алюминиевый SMD, 100?F, 25 В, ±20%, 54mOhm, 8x20mm, -55...+105°C"; VariantName = "[No Variations]"
Change component parameters (AddParameter): Name = "Voltage"; Value = "25 В"; VariantName = "[No Variations]"
Change component parameters: Designator = "C7" ("C13"); Footprint = "CAP: 0805"; UniqueID = "\QJMCIUZI" ("\QJMCIUZI")
Change component parameters (AddParameter): Name = "HelpURL"; Value = "https://www.digikey.com/product-detail/en/yageo/CC0805KRX7R7BB104/311-1142-1-ND/303052"; VariantName = "[No Variations]"
Change component parameters (AddParameter): Name = "Manufacturer"; Value = "Murata Electronics"; VariantName = "[No Variations]"
Change component parameters (AddParameter): Name = "Package"; Value = "0805"; VariantName = "[No Variations]"
Change component parameters (AddParameter): Name = "PartNumber"; Value = "GRM21BR71H104KA01L"; VariantName = "[No Variations]"
Change component parameters (AddParameter): Name = "Temperature"; Value = "-55...+125°C"; VariantName = "[No Variations]"
Change component parameters (AddParameter): Name = "Tolerance"; Value = "±10%"; VariantName = "[No Variations]"
Change component parameters (AddParameter): Name = "TypeCapacitor"; Value = "Керамический конденсатор"; VariantName = "[No Variations]"
Change component parameters (AddParameter): Name = "TypeDielectric"; Value = "X7R"; VariantName = "[No Variations]"
Change component parameters (AddParameter): Name = "Value"; Value = "0.1?F"; VariantName = "[No Variations]"
Change component parameters (AddParameter): Name = "ValueManufacturerPartNumber"; Value = "Керамический конденсатор, 0.1?F, X7R, ±10%, 16V, 0805, -55...+125°C"; VariantName = "[No Variations]"
Change component parameters (AddParameter): Name = "Voltage"; Value = "16V"; VariantName = "[No Variations]"
Change component parameters: Designator = "C10" ("C8"); Footprint = "CAP: 0805"; UniqueID = "\QZLXUIES" ("\QZLXUIES")
Change component parameters (AddParameter): Name = "HelpURL"; Value = "https://www.digikey.com/product-detail/en/yageo/CC0805KRX7R7BB104/311-1142-1-ND/303052"; VariantName = "[No Variations]"
Change component parameters (AddParameter): Name = "Manufacturer"; Value = "Murata Electronics"; VariantName = "[No Variations]"
Change component parameters (AddParameter): Name = "Package"; Value = "0805"; VariantName = "[No Variations]"
Change component parameters (AddParameter): Name = "PartNumber"; Value = "GRM21BR71H104KA01L"; VariantName = "[No Variations]"
Change component parameters (AddParameter): Name = "Temperature"; Value = "-55...+125°C"; VariantName = "[No Variations]"
Change component parameters (AddParameter): Name = "Tolerance"; Value = "±10%"; VariantName = "[No Variations]"
Change component parameters (AddParameter): Name = "TypeCapacitor"; Value = "Керамический конденсатор"; VariantName = "[No Variations]"
Change component parameters (AddParameter): Name = "TypeDielectric"; Value = "X7R"; VariantName = "[No Variations]"
Change component parameters (AddParameter): Name = "Value"; Value = "0.1?F"; VariantName = "[No Variations]"
Change component parameters (AddParameter): Name = "ValueManufacturerPartNumber"; Value = "Керамический конденсатор, 0.1?F, X7R, ±10%, 16V, 0805, -55...+125°C"; VariantName = "[No Variations]"
Change component parameters (AddParameter): Name = "Voltage"; Value = "16V"; VariantName = "[No Variations]"
Change component parameters: Designator = "C1" ("C2"); Footprint = "CAP: SMD D8A6.9"; UniqueID = "\CKQLLSLT" ("\CKQLLSLT")
Change component parameters (AddParameter): Name = "Manufacturer"; Value = "Capxon International Elec"; VariantName = "[No Variations]"
Change component parameters (AddParameter): Name = "Package"; Value = "13x20mm"; VariantName = "[No Variations]"
Change component parameters (AddParameter): Name = "PartNumber"; Value = "TH102M025I200ECAB"; VariantName = "[No Variations]"
Change component parameters (AddParameter): Name = "TypeCapacitor"; Value = "Конденсатор электролитический алюминиевый SMD"; VariantName = "[No Variations]"
Change component parameters (AddParameter): Name = "Value"; Value = "100uF"; VariantName = "[No Variations]"
Change component parameters (AddParameter): Name = "Voltage"; Value = "50V"; VariantName = "[No Variations]"
Change component parameters: Designator = "X5" ("X5"); Footprint = "CON: 15EDGVC-3.5-03 (or 691321100003)"; UniqueID = "\PDKKMGRB" ("\PDKKMGRB")
Change component parameters (AddParameter): Name = "CommentText"; Value = ""IN4""; VariantName = "[No Variations]"
Change component parameters (AddParameter): Name = "CurrentMax"; Value = "10A"; VariantName = "[No Variations]"
Change component parameters (AddParameter): Name = "HelpURL"; Value = "https://www.chipdip.ru/product/dg350-3.5-02p-12"; VariantName = "[No Variations]"
Change component parameters (AddParameter): Name = "Manufacturer"; Value = "DEGSON"; VariantName = "[No Variations]"
Change component parameters (AddParameter): Name = "Multichannel"; Value = "2pin"; VariantName = "[No Variations]"
Change component parameters (AddParameter): Name = "PartNumber"; Value = "DG350-3.5-02P-14-00A(H)"; VariantName = "[No Variations]"
Change component parameters (AddParameter): Name = "Pitch"; Value = "3.5mm"; VariantName = "[No Variations]"
Change component parameters (AddParameter): Name = "TypeConnector"; Value = "Клеммник"; VariantName = "[No Variations]"
Change component parameters (AddParameter): Name = "ValueManufacturerPartNumber"; Value = "Клеммник, 2pin, 3.5mm, 300VAC, 10A"; VariantName = "[No Variations]"
Change component parameters (AddParameter): Name = "VoltageMax"; Value = "300VAC"; VariantName = "[No Variations]"
Added Component: Designator=C1(CAP: TANTAL-D)
Add component (AddParameter): Name = "Значение"; Value = "47?F"; VariantName = "[No Variations]"
Add component (AddParameter): Name = "Напряжение"; Value = "20V"; VariantName = "[No Variations]"
Add component (AddParameter): Name = "Производитель"; Value = "AVX"; VariantName = "[No Variations]"
Add component (AddParameter): Name = "Ссылка"; Value = "***"; VariantName = "[No Variations]"
Add component (AddParameter): Name = "ТипКомпонента"; Value = "Tantalum capacitor"; VariantName = "[No Variations]"
Add component (AddParameter): Name = "Типоразмер"; Value = "Тип А (3216)"; VariantName = "[No Variations]"
Add component (AddParameter): Name = "Точность"; Value = "±10%"; VariantName = "[No Variations]"
Add component (AddParameter): Name = "УникальныйНомер"; Value = "F930J107KAAAJ6"; VariantName = "[No Variations]"
Added Component: Designator=C3(CAP: 0805)
Add component (AddParameter): Name = "HelpURL"; Value = "https://www.digikey.com/product-detail/en/yageo/CC0805KRX7R7BB104/311-1142-1-ND/303052"; VariantName = "[No Variations]"
Add component (AddParameter): Name = "Manufacturer"; Value = "Murata Electronics"; VariantName = "[No Variations]"
Add component (AddParameter): Name = "Package"; Value = "0805"; VariantName = "[No Variations]"
Add component (AddParameter): Name = "PartNumber"; Value = "GRM21BR71H104KA01L"; VariantName = "[No Variations]"
Add component (AddParameter): Name = "Temperature"; Value = "-55...+125°C"; VariantName = "[No Variations]"
Add component (AddParameter): Name = "Tolerance"; Value = "±10%"; VariantName = "[No Variations]"
Add component (AddParameter): Name = "TypeCapacitor"; Value = "Керамический конденсатор"; VariantName = "[No Variations]"
Add component (AddParameter): Name = "TypeDielectric"; Value = "X7R"; VariantName = "[No Variations]"
Add component (AddParameter): Name = "Value"; Value = "0.1?F"; VariantName = "[No Variations]"
Add component (AddParameter): Name = "ValueManufacturerPartNumber"; Value = "Керамический конденсатор, 0.1?F, X7R, ±10%, 16V, 0805, -55...+125°C"; VariantName = "[No Variations]"
Add component (AddParameter): Name = "Voltage"; Value = "16V"; VariantName = "[No Variations]"
Added Component: Designator=C5(CAP: TANTAL-D)
Add component (AddParameter): Name = "Значение"; Value = "100?F"; VariantName = "[No Variations]"
Add component (AddParameter): Name = "Напряжение"; Value = "16V"; VariantName = "[No Variations]"
Add component (AddParameter): Name = "Производитель"; Value = "AVX"; VariantName = "[No Variations]"
Add component (AddParameter): Name = "Ссылка"; Value = "***"; VariantName = "[No Variations]"
Add component (AddParameter): Name = "ТипКомпонента"; Value = "Tantalum capacitor"; VariantName = "[No Variations]"
Add component (AddParameter): Name = "Типоразмер"; Value = "Тип А (3216)"; VariantName = "[No Variations]"
Add component (AddParameter): Name = "Точность"; Value = "±10%"; VariantName = "[No Variations]"
Add component (AddParameter): Name = "УникальныйНомер"; Value = "F930J107KAAAJ6"; VariantName = "[No Variations]"
Added Component: Designator=D2(SOT223)
Add component (AddParameter): Name = "ComponentType"; Value = "Линейный регулятор с низким падением напряжения"; VariantName = "[No Variations]"
Add component (AddParameter): Name = "CurrentOutput"; Value = "1.2A"; VariantName = "[No Variations]"
Add component (AddParameter): Name = "HelpURL"; Value = "***"; VariantName = "[No Variations]"
Add component (AddParameter): Name = "Manufacturer"; Value = "STMicroelectronics"; VariantName = "[No Variations]"
Add component (AddParameter): Name = "MaxDropout"; Value = "0.6V"; VariantName = "[No Variations]"
Add component (AddParameter): Name = "Package"; Value = "SOT223"; VariantName = "[No Variations]"
Add component (AddParameter): Name = "PartNumber"; Value = "LM1117"; VariantName = "[No Variations]"
Add component (AddParameter): Name = "Temperature"; Value = "-40...+85°C"; VariantName = "[No Variations]"
Add component (AddParameter): Name = "ValueManufacturerPartNumber"; Value = "Линейный регулятор с низким падением напряжения, input 3.9...18V, 0.6V, output 3.3V, 1.2A, -40...+85°C, SOT223"; VariantName = "[No Variations]"
Add component (AddParameter): Name = "VoltageInput"; Value = "input 3.9...18V"; VariantName = "[No Variations]"
Add component (AddParameter): Name = "VoltageOutput"; Value = "output 3.3V"; VariantName = "[No Variations]"
Added Component: Designator=R19(RES: 0805)
Add component (AddParameter): Name = "Значение"; Value = "10k"; VariantName = "[No Variations]"
Add component (AddParameter): Name = "Производитель"; Value = "YAGEO"; VariantName = "[No Variations]"
Add component (AddParameter): Name = "Ссылка"; Value = "***"; VariantName = "[No Variations]"
Add component (AddParameter): Name = "ТипКомпонента"; Value = "Резистор SMD"; VariantName = "[No Variations]"
Add component (AddParameter): Name = "Типоразмер"; Value = "0201"; VariantName = "[No Variations]"
Add component (AddParameter): Name = "Точность"; Value = "±5%"; VariantName = "[No Variations]"
Add component (AddParameter): Name = "УникальныйНомер"; Value = "RC0201JR-07100RL"; VariantName = "[No Variations]"
Added Component: Designator=R20(RES: 0805)
Add component (AddParameter): Name = "Значение"; Value = "10k"; VariantName = "[No Variations]"
Add component (AddParameter): Name = "Производитель"; Value = "YAGEO"; VariantName = "[No Variations]"
Add component (AddParameter): Name = "Ссылка"; Value = "***"; VariantName = "[No Variations]"
Add component (AddParameter): Name = "ТипКомпонента"; Value = "Резистор SMD"; VariantName = "[No Variations]"
Add component (AddParameter): Name = "Типоразмер"; Value = "0201"; VariantName = "[No Variations]"
Add component (AddParameter): Name = "Точность"; Value = "±5%"; VariantName = "[No Variations]"
Add component (AddParameter): Name = "УникальныйНомер"; Value = "RC0201JR-07100RL"; VariantName = "[No Variations]"
Added Component: Designator=R21(RES: 0805)
Add component (AddParameter): Name = "Значение"; Value = "10k"; VariantName = "[No Variations]"
Add component (AddParameter): Name = "Производитель"; Value = "YAGEO"; VariantName = "[No Variations]"
Add component (AddParameter): Name = "Ссылка"; Value = "***"; VariantName = "[No Variations]"
Add component (AddParameter): Name = "ТипКомпонента"; Value = "Резистор SMD"; VariantName = "[No Variations]"
Add component (AddParameter): Name = "Типоразмер"; Value = "0201"; VariantName = "[No Variations]"
Add component (AddParameter): Name = "Точность"; Value = "±5%"; VariantName = "[No Variations]"
Add component (AddParameter): Name = "УникальныйНомер"; Value = "RC0201JR-07100RL"; VariantName = "[No Variations]"
Added Component: Designator=VD1(DIODE: SMC)
Add component (AddParameter): Name = "Current"; Value = "500mA"; VariantName = "[No Variations]"
Add component (AddParameter): Name = "HelpURL"; Value = "https://www.digikey.com/product-detail/en/diodes-incorporated/MBR0580S1-7/MBR0580S1-7DICT-ND/5080371"; VariantName = "[No Variations]"
Add component (AddParameter): Name = "Manufacturer"; Value = "BORN"; VariantName = "[No Variations]"
Add component (AddParameter): Name = "Package"; Value = "SMA"; VariantName = "[No Variations]"
Add component (AddParameter): Name = "PartNumber"; Value = "SS34"; VariantName = "[No Variations]"
Add component (AddParameter): Name = "RecoveryTime"; Value = "15pF"; VariantName = "[No Variations]"
Add component (AddParameter): Name = "Temperature"; Value = "-55...+150°C"; VariantName = "[No Variations]"
Add component (AddParameter): Name = "TypeDiode"; Value = "Диод Шоттки"; VariantName = "[No Variations]"
Add component (AddParameter): Name = "ValueManufacturerPartNumber"; Value = "Диод Шоттки, 80V, 500mA, 1V, 15pF, SMA, -55...+150°C"; VariantName = "[No Variations]"
Add component (AddParameter): Name = "Voltage"; Value = "80V"; VariantName = "[No Variations]"
Add component (AddParameter): Name = "VoltageDrop"; Value = "1V"; VariantName = "[No Variations]"
Added Component: Designator=VD3(DIODE: SMC)
Add component (AddParameter): Name = "Current"; Value = "500mA"; VariantName = "[No Variations]"
Add component (AddParameter): Name = "HelpURL"; Value = "https://www.digikey.com/product-detail/en/diodes-incorporated/MBR0580S1-7/MBR0580S1-7DICT-ND/5080371"; VariantName = "[No Variations]"
Add component (AddParameter): Name = "Manufacturer"; Value = "BORN"; VariantName = "[No Variations]"
Add component (AddParameter): Name = "Package"; Value = "SMA"; VariantName = "[No Variations]"
Add component (AddParameter): Name = "PartNumber"; Value = "SS34"; VariantName = "[No Variations]"
Add component (AddParameter): Name = "RecoveryTime"; Value = "15pF"; VariantName = "[No Variations]"
Add component (AddParameter): Name = "Temperature"; Value = "-55...+150°C"; VariantName = "[No Variations]"
Add component (AddParameter): Name = "TypeDiode"; Value = "Диод Шоттки"; VariantName = "[No Variations]"
Add component (AddParameter): Name = "ValueManufacturerPartNumber"; Value = "Диод Шоттки, 80V, 500mA, 1V, 15pF, SMA, -55...+150°C"; VariantName = "[No Variations]"
Add component (AddParameter): Name = "Voltage"; Value = "80V"; VariantName = "[No Variations]"
Add component (AddParameter): Name = "VoltageDrop"; Value = "1V"; VariantName = "[No Variations]"
Added Component: Designator=X7(CON: 15EDGVC-3.5-03 (or 691321100003))
Add component (AddParameter): Name = "CommentText"; Value = ""IN6""; VariantName = "[No Variations]"
Add component (AddParameter): Name = "CurrentMax"; Value = "10A"; VariantName = "[No Variations]"
Add component (AddParameter): Name = "HelpURL"; Value = "https://www.chipdip.ru/product/dg350-3.5-03p-12"; VariantName = "[No Variations]"
Add component (AddParameter): Name = "Manufacturer"; Value = "Degson"; VariantName = "[No Variations]"
Add component (AddParameter): Name = "Multichannel"; Value = "3pin"; VariantName = "[No Variations]"
Add component (AddParameter): Name = "PartNumber"; Value = "DG350-3.5-03P-14"; VariantName = "[No Variations]"
Add component (AddParameter): Name = "Pitch"; Value = "3.5mm"; VariantName = "[No Variations]"
Add component (AddParameter): Name = "TypeConnector"; Value = "Terminal connector"; VariantName = "[No Variations]"
Add component (AddParameter): Name = "ValueManufacturerPartNumber"; Value = "Terminal connector, 3pin, 3.5mm, 300VAC, 10A"; VariantName = "[No Variations]"
Add component (AddParameter): Name = "VoltageMax"; Value = "300VAC"; VariantName = "[No Variations]"
Added Component: Designator=X9(CON: PLS-8)
Add component (AddParameter): Name = "CommentText"; Value = ""Разъем""; VariantName = "[No Variations]"
Add component (AddParameter): Name = "CurrentMax"; Value = "3A"; VariantName = "[No Variations]"
Add component (AddParameter): Name = "HelpURL"; Value = "https://www.chipdip.ru/product/pls-8-ds1021-1-8sf112"; VariantName = "[No Variations]"
Add component (AddParameter): Name = "Manufacturer"; Value = "Connfly"; VariantName = "[No Variations]"
Add component (AddParameter): Name = "Multichannel"; Value = "8pin"; VariantName = "[No Variations]"
Add component (AddParameter): Name = "PartNumber"; Value = "PLS-8"; VariantName = "[No Variations]"
Add component (AddParameter): Name = "Pitch"; Value = "2.54mm"; VariantName = "[No Variations]"
Add component (AddParameter): Name = "TypeConnector"; Value = "Connector"; VariantName = "[No Variations]"
Add component (AddParameter): Name = "ValueManufacturerPartNumber"; Value = "Connector, 8pin, 2.54mm, 500VAC, 3A"; VariantName = "[No Variations]"
Add component (AddParameter): Name = "VoltageMax"; Value = "500VAC"; VariantName = "[No Variations]"
Added Pin To Net: NetName=GND Pin=C1-2
Added Pin To Net: NetName=GND Pin=C3-1
Added Pin To Net: NetName=+5V Pin=C5-1
Added Pin To Net: NetName=GND Pin=C5-2
Added Pin To Net: NetName=GND Pin=D2-1
Added Pin To Net: NetName=+5V Pin=D2-2
Added Pin To Net: NetName=+5V Pin=D2-4
Added Pin To Net: NetName=+12V Pin=R13-1
Added Pin To Net: NetName=NetR15_1 Pin=R13-2
Added Pin To Net: NetName=+12V Pin=R14-1
Added Pin To Net: NetName=NetR14_1 Pin=R14-2
Added Pin To Net: NetName=+12V Pin=R15-1
Added Pin To Net: NetName=NetR13_1 Pin=R15-2
Added Pin To Net: NetName=NetR3_2 Pin=R19-1
Added Pin To Net: NetName=+5V Pin=R19-2
Added Pin To Net: NetName=NetR2_2 Pin=R20-1
Added Pin To Net: NetName=+5V Pin=R20-2
Added Pin To Net: NetName=NetR1_2 Pin=R21-1
Added Pin To Net: NetName=+5V Pin=R21-2
Added Pin To Net: NetName=NetR4_2 Pin=U1-1
Added Pin To Net: NetName=NetR5_2 Pin=U1-3
Added Pin To Net: NetName=NetR16_1 Pin=U1-6
Added Pin To Net: NetName=NetR6_2 Pin=U2-1
Added Pin To Net: NetName=NetR7_2 Pin=U2-3
Added Pin To Net: NetName=NetR17_1 Pin=U2-6
Added Pin To Net: NetName=NetR8_2 Pin=U3-1
Added Pin To Net: NetName=NetR9_2 Pin=U3-3
Added Pin To Net: NetName=NetR18_1 Pin=U3-6
Added Pin To Net: NetName=NetR10_2 Pin=U4-1
Added Pin To Net: NetName=NetR11_2 Pin=U4-3
Added Pin To Net: NetName=NetR3_2 Pin=U4-6
Added Pin To Net: NetName=NetR12_2 Pin=U5-1
Added Pin To Net: NetName=NetR15_1 Pin=U5-3
Added Pin To Net: NetName=NetR2_2 Pin=U5-6
Added Pin To Net: NetName=NetR14_1 Pin=U6-1
Added Pin To Net: NetName=NetR13_1 Pin=U6-3
Added Pin To Net: NetName=NetR1_2 Pin=U6-6
Added Pin To Net: NetName=+12V Pin=VD1-1
Added Pin To Net: NetName=+5V Pin=VD3-1
Added Pin To Net: NetName=GND Pin=X1-2
Added Pin To Net: NetName=NetR5_2 Pin=X2-1
Added Pin To Net: NetName=NetR7_2 Pin=X3-1
Added Pin To Net: NetName=NetR9_2 Pin=X4-1
Added Pin To Net: NetName=NetR11_2 Pin=X5-1
Added Pin To Net: NetName=GND Pin=X5-2
Added Pin To Net: NetName=NetR15_1 Pin=X6-2
Added Pin To Net: NetName=+12V Pin=X7-1
Added Pin To Net: NetName=NetR13_1 Pin=X7-2
Added Pin To Net: NetName=GND Pin=X7-3
Added Pin To Net: NetName=NetR16_1 Pin=X8-2
Added Pin To Net: NetName=NetR17_1 Pin=X8-3
Added Pin To Net: NetName=NetR18_1 Pin=X8-4
Added Pin To Net: NetName=NetR3_2 Pin=X8-5
Added Pin To Net: NetName=NetR2_2 Pin=X8-6
Added Pin To Net: NetName=NetR1_2 Pin=X8-7
Change Net Name : Old Net Name=NetC3_1 New Net Name=NetC6_1
Change Net Name : Old Net Name=NetC4_1 New Net Name=NetC7_1
Change Net Name : Old Net Name=NetR1_2 New Net Name=NetR21_1
Change Net Name : Old Net Name=NetR2_2 New Net Name=NetR20_1
Change Net Name : Old Net Name=NetR3_2 New Net Name=NetR19_1
Change Net Name : Old Net Name=NetR13_1 New Net Name=NetR15_2
Change Net Name : Old Net Name=NetR14_1 New Net Name=NetR14_2
Change Net Name : Old Net Name=NetR15_1 New Net Name=NetR13_2
Added Pin To Net: NetName=NetC1_1 Pin=C1-1
Added Pin To Net: NetName=NetC1_1 Pin=C3-2
Added Pin To Net: NetName=NetC1_1 Pin=D2-3
Added Pin To Net: NetName=NetC1_1 Pin=VD1-2
Added Pin To Net: NetName=NetC1_1 Pin=VD3-2
Added Net: Name=NetC1_1
Added Class: Name=Sheet_2
Added Member To Class: ClassName=Sheet_1 Member=Component C13 Керамический конденсатор, 0.1?F, X7R, ±10%, 16V, 0805, -55...+125°C
Added Member To Class: ClassName=Sheet_1 Member=Component C14 Керамический конденсатор, 0.1?F, X7R, ±10%, 16V, 0805, -55...+125°C
Added Member To Class: ClassName=Sheet_1 Member=Component C15 Керамический конденсатор, 0.1?F, X7R, ±10%, 16V, 0805, -55...+125°C
Added Member To Class: ClassName=Sheet_1 Member=Component D2 Линейный регулятор с низким падением напряжения, input 3.9...18V, 0.6V, output 3.3V, 1.2A, -40...+85°C, SOT223
Added Member To Class: ClassName=Sheet_1 Member=Component VD3 Диод Шоттки, 80V, 500mA, 1V, 15pF, SMA, -55...+150°C
Added Member To Class: ClassName=Sheet_1 Member=Component VD4 Диод Шоттки, 80V, 500mA, 1V, 15pF, SOD-123, -55...+150°C
Added Room: Name=Sheet_1
Added Room: Name=Sheet_2
