Change Component Designator: Old Designator=C1 New Designator=C2
Change Component Designator: Old Designator=C2 New Designator=C4
Change Component Designator: Old Designator=C3 New Designator=C6
Change Component Designator: Old Designator=C4 New Designator=C7
Change Component Designator: Old Designator=C5 New Designator=C10
Change Component Designator: Old Designator=C6 New Designator=C12
Change Component Designator: Old Designator=C7 New Designator=C13
Change Component Designator: Old Designator=C8 New Designator=C14
Change Component Designator: Old Designator=C9 New Designator=C15
Change Component Designator: Old Designator=C10 New Designator=C8
Change Component Designator: Old Designator=C11 New Designator=C9
Change Component Designator: Old Designator=C12 New Designator=C11
Change Component Designator: Old Designator=C? New Designator=C1
Change Component Designator: Old Designator=C? New Designator=C3
Change Component Designator: Old Designator=C? New Designator=C5
Change Component Designator: Old Designator=D? New Designator=D2
Change Component Designator: Old Designator=R19 New Designator=R1
Change Component Designator: Old Designator=R20 New Designator=R2
Change Component Designator: Old Designator=R21 New Designator=R3
Change Component Designator: Old Designator=VD1 New Designator=VD2
Change Component Designator: Old Designator=VD2 New Designator=VD4
Change Component Designator: Old Designator=VD? New Designator=VD1
Change Component Designator: Old Designator=VD? New Designator=VD3
Change Component Designator: Old Designator=X7 New Designator=X1
