Added Component: Designator=C1(CAP: 0805)
Add component (AddParameter): Name = "Значение"; Value = "22pF"; VariantName = "[No Variations]"
Add component (AddParameter): Name = "Напряжение"; Value = "16V"; VariantName = "[No Variations]"
Add component (AddParameter): Name = "Производитель"; Value = "Yageo"; VariantName = "[No Variations]"
Add component (AddParameter): Name = "Ссылка"; Value = "***"; VariantName = "[No Variations]"
Add component (AddParameter): Name = "ТипДиэлектрика"; Value = "X7R"; VariantName = "[No Variations]"
Add component (AddParameter): Name = "ТипКомпонента"; Value = "Ceramic capacitor"; VariantName = "[No Variations]"
Add component (AddParameter): Name = "Типоразмер"; Value = "0201"; VariantName = "[No Variations]"
Add component (AddParameter): Name = "Точность"; Value = "±10%"; VariantName = "[No Variations]"
Add component (AddParameter): Name = "УникальныйНомер"; Value = "CC0201KRX7R7BB103"; VariantName = "[No Variations]"
Added Component: Designator=C2(CAP: 0805)
Add component (AddParameter): Name = "Значение"; Value = "10nF"; VariantName = "[No Variations]"
Add component (AddParameter): Name = "Напряжение"; Value = "16V"; VariantName = "[No Variations]"
Add component (AddParameter): Name = "Производитель"; Value = "Yageo"; VariantName = "[No Variations]"
Add component (AddParameter): Name = "Ссылка"; Value = "***"; VariantName = "[No Variations]"
Add component (AddParameter): Name = "ТипДиэлектрика"; Value = "X7R"; VariantName = "[No Variations]"
Add component (AddParameter): Name = "ТипКомпонента"; Value = "Ceramic capacitor"; VariantName = "[No Variations]"
Add component (AddParameter): Name = "Типоразмер"; Value = "0201"; VariantName = "[No Variations]"
Add component (AddParameter): Name = "Точность"; Value = "±10%"; VariantName = "[No Variations]"
Add component (AddParameter): Name = "УникальныйНомер"; Value = "CC0201KRX7R7BB103"; VariantName = "[No Variations]"
Added Component: Designator=C3(CAP: 0805)
Add component (AddParameter): Name = "Значение"; Value = "22pF"; VariantName = "[No Variations]"
Add component (AddParameter): Name = "Напряжение"; Value = "16V"; VariantName = "[No Variations]"
Add component (AddParameter): Name = "Производитель"; Value = "Yageo"; VariantName = "[No Variations]"
Add component (AddParameter): Name = "Ссылка"; Value = "***"; VariantName = "[No Variations]"
Add component (AddParameter): Name = "ТипДиэлектрика"; Value = "X7R"; VariantName = "[No Variations]"
Add component (AddParameter): Name = "ТипКомпонента"; Value = "Ceramic capacitor"; VariantName = "[No Variations]"
Add component (AddParameter): Name = "Типоразмер"; Value = "0201"; VariantName = "[No Variations]"
Add component (AddParameter): Name = "Точность"; Value = "±10%"; VariantName = "[No Variations]"
Add component (AddParameter): Name = "УникальныйНомер"; Value = "CC0201KRX7R7BB103"; VariantName = "[No Variations]"
Added Component: Designator=C4(CAP: 0805)
Add component (AddParameter): Name = "Значение"; Value = "0.1uF"; VariantName = "[No Variations]"
Add component (AddParameter): Name = "Напряжение"; Value = "16V"; VariantName = "[No Variations]"
Add component (AddParameter): Name = "Производитель"; Value = "Yageo"; VariantName = "[No Variations]"
Add component (AddParameter): Name = "Ссылка"; Value = "***"; VariantName = "[No Variations]"
Add component (AddParameter): Name = "ТипДиэлектрика"; Value = "X7R"; VariantName = "[No Variations]"
Add component (AddParameter): Name = "ТипКомпонента"; Value = "Ceramic capacitor"; VariantName = "[No Variations]"
Add component (AddParameter): Name = "Типоразмер"; Value = "0201"; VariantName = "[No Variations]"
Add component (AddParameter): Name = "Точность"; Value = "±10%"; VariantName = "[No Variations]"
Add component (AddParameter): Name = "УникальныйНомер"; Value = "CC0201KRX7R7BB103"; VariantName = "[No Variations]"
Added Component: Designator=C5(CAP: TANTAL-B)
Add component (AddParameter): Name = "Значение"; Value = "10uF"; VariantName = "[No Variations]"
Add component (AddParameter): Name = "Напряжение"; Value = "10V"; VariantName = "[No Variations]"
Add component (AddParameter): Name = "Производитель"; Value = "AVX"; VariantName = "[No Variations]"
Add component (AddParameter): Name = "Ссылка"; Value = "***"; VariantName = "[No Variations]"
Add component (AddParameter): Name = "ТипКомпонента"; Value = "Tantalum capacitor"; VariantName = "[No Variations]"
Add component (AddParameter): Name = "Типоразмер"; Value = "Тип А (3216)"; VariantName = "[No Variations]"
Add component (AddParameter): Name = "Точность"; Value = "±10%"; VariantName = "[No Variations]"
Add component (AddParameter): Name = "УникальныйНомер"; Value = "F930J107KAAAJ6"; VariantName = "[No Variations]"
Added Component: Designator=C6(CAP: 0805)
Add component (AddParameter): Name = "Значение"; Value = "0.1uF"; VariantName = "[No Variations]"
Add component (AddParameter): Name = "Напряжение"; Value = "16V"; VariantName = "[No Variations]"
Add component (AddParameter): Name = "Производитель"; Value = "Yageo"; VariantName = "[No Variations]"
Add component (AddParameter): Name = "Ссылка"; Value = "***"; VariantName = "[No Variations]"
Add component (AddParameter): Name = "ТипДиэлектрика"; Value = "X7R"; VariantName = "[No Variations]"
Add component (AddParameter): Name = "ТипКомпонента"; Value = "Ceramic capacitor"; VariantName = "[No Variations]"
Add component (AddParameter): Name = "Типоразмер"; Value = "0201"; VariantName = "[No Variations]"
Add component (AddParameter): Name = "Точность"; Value = "±10%"; VariantName = "[No Variations]"
Add component (AddParameter): Name = "УникальныйНомер"; Value = "CC0201KRX7R7BB103"; VariantName = "[No Variations]"
Added Component: Designator=C7(CAP: 0805)
Add component (AddParameter): Name = "Значение"; Value = "0.1uF"; VariantName = "[No Variations]"
Add component (AddParameter): Name = "Напряжение"; Value = "16V"; VariantName = "[No Variations]"
Add component (AddParameter): Name = "Производитель"; Value = "Yageo"; VariantName = "[No Variations]"
Add component (AddParameter): Name = "Ссылка"; Value = "***"; VariantName = "[No Variations]"
Add component (AddParameter): Name = "ТипДиэлектрика"; Value = "X7R"; VariantName = "[No Variations]"
Add component (AddParameter): Name = "ТипКомпонента"; Value = "Ceramic capacitor"; VariantName = "[No Variations]"
Add component (AddParameter): Name = "Типоразмер"; Value = "0201"; VariantName = "[No Variations]"
Add component (AddParameter): Name = "Точность"; Value = "±10%"; VariantName = "[No Variations]"
Add component (AddParameter): Name = "УникальныйНомер"; Value = "CC0201KRX7R7BB103"; VariantName = "[No Variations]"
Added Component: Designator=C8(CAP: 0805)
Add component (AddParameter): Name = "Значение"; Value = "0.1uF"; VariantName = "[No Variations]"
Add component (AddParameter): Name = "Напряжение"; Value = "16V"; VariantName = "[No Variations]"
Add component (AddParameter): Name = "Производитель"; Value = "Yageo"; VariantName = "[No Variations]"
Add component (AddParameter): Name = "Ссылка"; Value = "***"; VariantName = "[No Variations]"
Add component (AddParameter): Name = "ТипДиэлектрика"; Value = "X7R"; VariantName = "[No Variations]"
Add component (AddParameter): Name = "ТипКомпонента"; Value = "Ceramic capacitor"; VariantName = "[No Variations]"
Add component (AddParameter): Name = "Типоразмер"; Value = "0201"; VariantName = "[No Variations]"
Add component (AddParameter): Name = "Точность"; Value = "±10%"; VariantName = "[No Variations]"
Add component (AddParameter): Name = "УникальныйНомер"; Value = "CC0201KRX7R7BB103"; VariantName = "[No Variations]"
Added Component: Designator=C9(CAP: 0805)
Add component (AddParameter): Name = "Значение"; Value = "0.1uF"; VariantName = "[No Variations]"
Add component (AddParameter): Name = "Напряжение"; Value = "16V"; VariantName = "[No Variations]"
Add component (AddParameter): Name = "Производитель"; Value = "Yageo"; VariantName = "[No Variations]"
Add component (AddParameter): Name = "Ссылка"; Value = "***"; VariantName = "[No Variations]"
Add component (AddParameter): Name = "ТипДиэлектрика"; Value = "X7R"; VariantName = "[No Variations]"
Add component (AddParameter): Name = "ТипКомпонента"; Value = "Ceramic capacitor"; VariantName = "[No Variations]"
Add component (AddParameter): Name = "Типоразмер"; Value = "0201"; VariantName = "[No Variations]"
Add component (AddParameter): Name = "Точность"; Value = "±10%"; VariantName = "[No Variations]"
Add component (AddParameter): Name = "УникальныйНомер"; Value = "CC0201KRX7R7BB103"; VariantName = "[No Variations]"
Added Component: Designator=C10(CAP: 0805)
Add component (AddParameter): Name = "Значение"; Value = "0.1uF"; VariantName = "[No Variations]"
Add component (AddParameter): Name = "Напряжение"; Value = "16V"; VariantName = "[No Variations]"
Add component (AddParameter): Name = "Производитель"; Value = "Yageo"; VariantName = "[No Variations]"
Add component (AddParameter): Name = "Ссылка"; Value = "***"; VariantName = "[No Variations]"
Add component (AddParameter): Name = "ТипДиэлектрика"; Value = "X7R"; VariantName = "[No Variations]"
Add component (AddParameter): Name = "ТипКомпонента"; Value = "Ceramic capacitor"; VariantName = "[No Variations]"
Add component (AddParameter): Name = "Типоразмер"; Value = "0201"; VariantName = "[No Variations]"
Add component (AddParameter): Name = "Точность"; Value = "±10%"; VariantName = "[No Variations]"
Add component (AddParameter): Name = "УникальныйНомер"; Value = "CC0201KRX7R7BB103"; VariantName = "[No Variations]"
Added Component: Designator=D1(32-LQFP)
Added Component: Designator=J1(CON: JUMPER x1)
Add component (AddParameter): Name = "CommentText"; Value = ""ADC6""; VariantName = "[No Variations]"
Added Component: Designator=J2(CON: JUMPER x1)
Add component (AddParameter): Name = "CommentText"; Value = ""ADC7""; VariantName = "[No Variations]"
Added Component: Designator=R1(RES: 0805)
Add component (AddParameter): Name = "HelpURL"; Value = "https://www.digikey.com/product-detail/en/yageo/RC0805JR-07100RL/311-100ARCT-ND/731185"; VariantName = "[No Variations]"
Add component (AddParameter): Name = "Manufacturer"; Value = "Vishay Intertech"; VariantName = "[No Variations]"
Add component (AddParameter): Name = "Package"; Value = "0805"; VariantName = "[No Variations]"
Add component (AddParameter): Name = "PartNumber"; Value = "CRCW080533R0FKEA"; VariantName = "[No Variations]"
Add component (AddParameter): Name = "Power"; Value = "0.125W"; VariantName = "[No Variations]"
Add component (AddParameter): Name = "Temperature"; Value = "-55...+125°C"; VariantName = "[No Variations]"
Add component (AddParameter): Name = "Tolerance"; Value = "±1%"; VariantName = "[No Variations]"
Add component (AddParameter): Name = "TypeResistor"; Value = "Резистор SMD"; VariantName = "[No Variations]"
Add component (AddParameter): Name = "Value"; Value = "4.7K"; VariantName = "[No Variations]"
Add component (AddParameter): Name = "ValueManufacturerPartNumber"; Value = "Резистор SMD, 4.7K, ±1%, 0805, 0.125W, -55...+125°C"; VariantName = "[No Variations]"
Added Component: Designator=R2(RES: 0805)
Add component (AddParameter): Name = "HelpURL"; Value = "https://www.digikey.com/product-detail/en/yageo/RC0805JR-07100RL/311-100ARCT-ND/731185"; VariantName = "[No Variations]"
Add component (AddParameter): Name = "Manufacturer"; Value = "Vishay Intertech"; VariantName = "[No Variations]"
Add component (AddParameter): Name = "Package"; Value = "0805"; VariantName = "[No Variations]"
Add component (AddParameter): Name = "PartNumber"; Value = "CRCW080533R0FKEA"; VariantName = "[No Variations]"
Add component (AddParameter): Name = "Power"; Value = "0.125W"; VariantName = "[No Variations]"
Add component (AddParameter): Name = "Temperature"; Value = "-55...+125°C"; VariantName = "[No Variations]"
Add component (AddParameter): Name = "Tolerance"; Value = "±1%"; VariantName = "[No Variations]"
Add component (AddParameter): Name = "TypeResistor"; Value = "Резистор SMD"; VariantName = "[No Variations]"
Add component (AddParameter): Name = "Value"; Value = "33R"; VariantName = "[No Variations]"
Add component (AddParameter): Name = "ValueManufacturerPartNumber"; Value = "Резистор SMD, 33R, ±1%, 0805, 0.125W, -55...+125°C"; VariantName = "[No Variations]"
Added Component: Designator=R3(RES: 0805)
Add component (AddParameter): Name = "HelpURL"; Value = "https://www.digikey.com/product-detail/en/yageo/RC0805JR-07100RL/311-100ARCT-ND/731185"; VariantName = "[No Variations]"
Add component (AddParameter): Name = "Manufacturer"; Value = "Vishay Intertech"; VariantName = "[No Variations]"
Add component (AddParameter): Name = "Package"; Value = "0805"; VariantName = "[No Variations]"
Add component (AddParameter): Name = "PartNumber"; Value = "CRCW08051K00JNEA"; VariantName = "[No Variations]"
Add component (AddParameter): Name = "Power"; Value = "0.125W"; VariantName = "[No Variations]"
Add component (AddParameter): Name = "Temperature"; Value = "-55...+125°C"; VariantName = "[No Variations]"
Add component (AddParameter): Name = "Tolerance"; Value = "±1%"; VariantName = "[No Variations]"
Add component (AddParameter): Name = "TypeResistor"; Value = "Резистор SMD"; VariantName = "[No Variations]"
Add component (AddParameter): Name = "Value"; Value = "1K"; VariantName = "[No Variations]"
Add component (AddParameter): Name = "ValueManufacturerPartNumber"; Value = "Резистор SMD, 1K, ±1%, 0805, 0.125W, -55...+125°C"; VariantName = "[No Variations]"
Added Component: Designator=R4(RES: 0805)
Add component (AddParameter): Name = "HelpURL"; Value = "https://www.digikey.com/product-detail/en/yageo/RC0805JR-07100RL/311-100ARCT-ND/731185"; VariantName = "[No Variations]"
Add component (AddParameter): Name = "Manufacturer"; Value = "Vishay Intertech"; VariantName = "[No Variations]"
Add component (AddParameter): Name = "Package"; Value = "0805"; VariantName = "[No Variations]"
Add component (AddParameter): Name = "PartNumber"; Value = "CRCW080533R0FKEA"; VariantName = "[No Variations]"
Add component (AddParameter): Name = "Power"; Value = "0.125W"; VariantName = "[No Variations]"
Add component (AddParameter): Name = "Temperature"; Value = "-55...+125°C"; VariantName = "[No Variations]"
Add component (AddParameter): Name = "Tolerance"; Value = "±1%"; VariantName = "[No Variations]"
Add component (AddParameter): Name = "TypeResistor"; Value = "Резистор SMD"; VariantName = "[No Variations]"
Add component (AddParameter): Name = "Value"; Value = "1K"; VariantName = "[No Variations]"
Add component (AddParameter): Name = "ValueManufacturerPartNumber"; Value = "Резистор SMD, 1K, ±1%, 0805, 0.125W, -55...+125°C"; VariantName = "[No Variations]"
Added Component: Designator=R5(RES: 0805)
Add component (AddParameter): Name = "HelpURL"; Value = "https://www.digikey.com/product-detail/en/yageo/RC0805JR-07100RL/311-100ARCT-ND/731185"; VariantName = "[No Variations]"
Add component (AddParameter): Name = "Manufacturer"; Value = "Vishay Intertech"; VariantName = "[No Variations]"
Add component (AddParameter): Name = "Package"; Value = "0805"; VariantName = "[No Variations]"
Add component (AddParameter): Name = "PartNumber"; Value = "CRCW080533R0FKEA"; VariantName = "[No Variations]"
Add component (AddParameter): Name = "Power"; Value = "0.125W"; VariantName = "[No Variations]"
Add component (AddParameter): Name = "Temperature"; Value = "-55...+125°C"; VariantName = "[No Variations]"
Add component (AddParameter): Name = "Tolerance"; Value = "±1%"; VariantName = "[No Variations]"
Add component (AddParameter): Name = "TypeResistor"; Value = "Резистор SMD"; VariantName = "[No Variations]"
Add component (AddParameter): Name = "Value"; Value = "1K"; VariantName = "[No Variations]"
Add component (AddParameter): Name = "ValueManufacturerPartNumber"; Value = "Резистор SMD, 1K, ±1%, 0805, 0.125W, -55...+125°C"; VariantName = "[No Variations]"
Added Component: Designator=R6(RES: 0805)
Add component (AddParameter): Name = "HelpURL"; Value = "https://www.digikey.com/product-detail/en/yageo/RC0805JR-07100RL/311-100ARCT-ND/731185"; VariantName = "[No Variations]"
Add component (AddParameter): Name = "Manufacturer"; Value = "Vishay Intertech"; VariantName = "[No Variations]"
Add component (AddParameter): Name = "Package"; Value = "0805"; VariantName = "[No Variations]"
Add component (AddParameter): Name = "PartNumber"; Value = "CRCW080533R0FKEA"; VariantName = "[No Variations]"
Add component (AddParameter): Name = "Power"; Value = "0.125W"; VariantName = "[No Variations]"
Add component (AddParameter): Name = "Temperature"; Value = "-55...+125°C"; VariantName = "[No Variations]"
Add component (AddParameter): Name = "Tolerance"; Value = "±1%"; VariantName = "[No Variations]"
Add component (AddParameter): Name = "TypeResistor"; Value = "Резистор SMD"; VariantName = "[No Variations]"
Add component (AddParameter): Name = "Value"; Value = "1K"; VariantName = "[No Variations]"
Add component (AddParameter): Name = "ValueManufacturerPartNumber"; Value = "Резистор SMD, 1K, ±1%, 0805, 0.125W, -55...+125°C"; VariantName = "[No Variations]"
Added Component: Designator=R7(RES: 0805)
Add component (AddParameter): Name = "HelpURL"; Value = "https://www.digikey.com/product-detail/en/yageo/RC0805JR-07100RL/311-100ARCT-ND/731185"; VariantName = "[No Variations]"
Add component (AddParameter): Name = "Manufacturer"; Value = "Vishay Intertech"; VariantName = "[No Variations]"
Add component (AddParameter): Name = "Package"; Value = "0805"; VariantName = "[No Variations]"
Add component (AddParameter): Name = "PartNumber"; Value = "CRCW080533R0FKEA"; VariantName = "[No Variations]"
Add component (AddParameter): Name = "Power"; Value = "0.125W"; VariantName = "[No Variations]"
Add component (AddParameter): Name = "Temperature"; Value = "-55...+125°C"; VariantName = "[No Variations]"
Add component (AddParameter): Name = "Tolerance"; Value = "±1%"; VariantName = "[No Variations]"
Add component (AddParameter): Name = "TypeResistor"; Value = "Резистор SMD"; VariantName = "[No Variations]"
Add component (AddParameter): Name = "Value"; Value = "1K"; VariantName = "[No Variations]"
Add component (AddParameter): Name = "ValueManufacturerPartNumber"; Value = "Резистор SMD, 1K, ±1%, 0805, 0.125W, -55...+125°C"; VariantName = "[No Variations]"
Added Component: Designator=R8(RES: 0805)
Add component (AddParameter): Name = "HelpURL"; Value = "https://www.digikey.com/product-detail/en/yageo/RC0805JR-07100RL/311-100ARCT-ND/731185"; VariantName = "[No Variations]"
Add component (AddParameter): Name = "Manufacturer"; Value = "Vishay Intertech"; VariantName = "[No Variations]"
Add component (AddParameter): Name = "Package"; Value = "0805"; VariantName = "[No Variations]"
Add component (AddParameter): Name = "PartNumber"; Value = "CRCW080533R0FKEA"; VariantName = "[No Variations]"
Add component (AddParameter): Name = "Power"; Value = "0.125W"; VariantName = "[No Variations]"
Add component (AddParameter): Name = "Temperature"; Value = "-55...+125°C"; VariantName = "[No Variations]"
Add component (AddParameter): Name = "Tolerance"; Value = "±1%"; VariantName = "[No Variations]"
Add component (AddParameter): Name = "TypeResistor"; Value = "Резистор SMD"; VariantName = "[No Variations]"
Add component (AddParameter): Name = "Value"; Value = "1K"; VariantName = "[No Variations]"
Add component (AddParameter): Name = "ValueManufacturerPartNumber"; Value = "Резистор SMD, 1K, ±1%, 0805, 0.125W, -55...+125°C"; VariantName = "[No Variations]"
Added Component: Designator=R9(RES: 0805)
Add component (AddParameter): Name = "HelpURL"; Value = "https://www.digikey.com/product-detail/en/yageo/RC0805JR-07100RL/311-100ARCT-ND/731185"; VariantName = "[No Variations]"
Add component (AddParameter): Name = "Manufacturer"; Value = "Vishay Intertech"; VariantName = "[No Variations]"
Add component (AddParameter): Name = "Package"; Value = "0805"; VariantName = "[No Variations]"
Add component (AddParameter): Name = "PartNumber"; Value = "CRCW080533R0FKEA"; VariantName = "[No Variations]"
Add component (AddParameter): Name = "Power"; Value = "0.125W"; VariantName = "[No Variations]"
Add component (AddParameter): Name = "Temperature"; Value = "-55...+125°C"; VariantName = "[No Variations]"
Add component (AddParameter): Name = "Tolerance"; Value = "±1%"; VariantName = "[No Variations]"
Add component (AddParameter): Name = "TypeResistor"; Value = "Резистор SMD"; VariantName = "[No Variations]"
Add component (AddParameter): Name = "Value"; Value = "1K"; VariantName = "[No Variations]"
Add component (AddParameter): Name = "ValueManufacturerPartNumber"; Value = "Резистор SMD, 1K, ±1%, 0805, 0.125W, -55...+125°C"; VariantName = "[No Variations]"
Added Component: Designator=R10(RES: 0805)
Add component (AddParameter): Name = "HelpURL"; Value = "https://www.digikey.com/product-detail/en/yageo/RC0805JR-07100RL/311-100ARCT-ND/731185"; VariantName = "[No Variations]"
Add component (AddParameter): Name = "Manufacturer"; Value = "Vishay Intertech"; VariantName = "[No Variations]"
Add component (AddParameter): Name = "Package"; Value = "0805"; VariantName = "[No Variations]"
Add component (AddParameter): Name = "PartNumber"; Value = "CRCW080533R0FKEA"; VariantName = "[No Variations]"
Add component (AddParameter): Name = "Power"; Value = "0.125W"; VariantName = "[No Variations]"
Add component (AddParameter): Name = "Temperature"; Value = "-55...+125°C"; VariantName = "[No Variations]"
Add component (AddParameter): Name = "Tolerance"; Value = "±1%"; VariantName = "[No Variations]"
Add component (AddParameter): Name = "TypeResistor"; Value = "Резистор SMD"; VariantName = "[No Variations]"
Add component (AddParameter): Name = "Value"; Value = "1K"; VariantName = "[No Variations]"
Add component (AddParameter): Name = "ValueManufacturerPartNumber"; Value = "Резистор SMD, 1K, ±1%, 0805, 0.125W, -55...+125°C"; VariantName = "[No Variations]"
Added Component: Designator=R11(RES: 0805)
Add component (AddParameter): Name = "HelpURL"; Value = "https://www.digikey.com/product-detail/en/yageo/RC0805JR-07100RL/311-100ARCT-ND/731185"; VariantName = "[No Variations]"
Add component (AddParameter): Name = "Manufacturer"; Value = "Vishay Intertech"; VariantName = "[No Variations]"
Add component (AddParameter): Name = "Package"; Value = "0805"; VariantName = "[No Variations]"
Add component (AddParameter): Name = "PartNumber"; Value = "CRCW080533R0FKEA"; VariantName = "[No Variations]"
Add component (AddParameter): Name = "Power"; Value = "0.125W"; VariantName = "[No Variations]"
Add component (AddParameter): Name = "Temperature"; Value = "-55...+125°C"; VariantName = "[No Variations]"
Add component (AddParameter): Name = "Tolerance"; Value = "±1%"; VariantName = "[No Variations]"
Add component (AddParameter): Name = "TypeResistor"; Value = "Резистор SMD"; VariantName = "[No Variations]"
Add component (AddParameter): Name = "Value"; Value = "1K"; VariantName = "[No Variations]"
Add component (AddParameter): Name = "ValueManufacturerPartNumber"; Value = "Резистор SMD, 1K, ±1%, 0805, 0.125W, -55...+125°C"; VariantName = "[No Variations]"
Added Component: Designator=R12(RES: 0805)
Add component (AddParameter): Name = "HelpURL"; Value = "https://www.digikey.com/product-detail/en/yageo/RC0805JR-07100RL/311-100ARCT-ND/731185"; VariantName = "[No Variations]"
Add component (AddParameter): Name = "Manufacturer"; Value = "Vishay Intertech"; VariantName = "[No Variations]"
Add component (AddParameter): Name = "Package"; Value = "0805"; VariantName = "[No Variations]"
Add component (AddParameter): Name = "PartNumber"; Value = "CRCW080533R0FKEA"; VariantName = "[No Variations]"
Add component (AddParameter): Name = "Power"; Value = "0.125W"; VariantName = "[No Variations]"
Add component (AddParameter): Name = "Temperature"; Value = "-55...+125°C"; VariantName = "[No Variations]"
Add component (AddParameter): Name = "Tolerance"; Value = "±1%"; VariantName = "[No Variations]"
Add component (AddParameter): Name = "TypeResistor"; Value = "Резистор SMD"; VariantName = "[No Variations]"
Add component (AddParameter): Name = "Value"; Value = "1K"; VariantName = "[No Variations]"
Add component (AddParameter): Name = "ValueManufacturerPartNumber"; Value = "Резистор SMD, 1K, ±1%, 0805, 0.125W, -55...+125°C"; VariantName = "[No Variations]"
Added Component: Designator=R13(RES: 0805)
Add component (AddParameter): Name = "HelpURL"; Value = "https://www.digikey.com/product-detail/en/yageo/RC0805JR-07100RL/311-100ARCT-ND/731185"; VariantName = "[No Variations]"
Add component (AddParameter): Name = "Manufacturer"; Value = "Vishay Intertech"; VariantName = "[No Variations]"
Add component (AddParameter): Name = "Package"; Value = "0805"; VariantName = "[No Variations]"
Add component (AddParameter): Name = "PartNumber"; Value = "CRCW080533R0FKEA"; VariantName = "[No Variations]"
Add component (AddParameter): Name = "Power"; Value = "0.125W"; VariantName = "[No Variations]"
Add component (AddParameter): Name = "Temperature"; Value = "-55...+125°C"; VariantName = "[No Variations]"
Add component (AddParameter): Name = "Tolerance"; Value = "±1%"; VariantName = "[No Variations]"
Add component (AddParameter): Name = "TypeResistor"; Value = "Резистор SMD"; VariantName = "[No Variations]"
Add component (AddParameter): Name = "Value"; Value = "1K"; VariantName = "[No Variations]"
Add component (AddParameter): Name = "ValueManufacturerPartNumber"; Value = "Резистор SMD, 1K, ±1%, 0805, 0.125W, -55...+125°C"; VariantName = "[No Variations]"
Added Component: Designator=SB1(BUT: 6x6 SMD)
Add component (AddParameter): Name = "CommentText"; Value = ""RESET""; VariantName = "[No Variations]"
Add component (AddParameter): Name = "HelpURL"; Value = "https://www.digikey.com/product-detail/en/te-connectivity-alcoswitch-switches/FSM2JSMAATR/450-1792-1-ND/3503931"; VariantName = "[No Variations]"
Add component (AddParameter): Name = "Manufacturer"; Value = "TE Connectivity"; VariantName = "[No Variations]"
Add component (AddParameter): Name = "Package"; Value = "6x6mm"; VariantName = "[No Variations]"
Add component (AddParameter): Name = "PartNumber"; Value = "FSM2JSMAATR"; VariantName = "[No Variations]"
Add component (AddParameter): Name = "TypeButton"; Value = "Tactile button"; VariantName = "[No Variations]"
Add component (AddParameter): Name = "ValueManufacturerPartNumber"; Value = "Tactile button, 6x6mm"; VariantName = "[No Variations]"
Added Component: Designator=VD1(DIODE: SOD80)
Add component (AddParameter): Name = "Current"; Value = "150mA"; VariantName = "[No Variations]"
Add component (AddParameter): Name = "HelpURL"; Value = "https://www.digikey.com/product-detail/en/micro-commercial-co/1N4148WX-TP/1N4148WXTPMSCT-ND/717312"; VariantName = "[No Variations]"
Add component (AddParameter): Name = "Manufacturer"; Value = "Vishay Intertech"; VariantName = "[No Variations]"
Add component (AddParameter): Name = "Package"; Value = "SOD-80"; VariantName = "[No Variations]"
Add component (AddParameter): Name = "PartNumber"; Value = "LL4148-M-08"; VariantName = "[No Variations]"
Add component (AddParameter): Name = "RecoveryTime"; Value = "4ns"; VariantName = "[No Variations]"
Add component (AddParameter): Name = "Temperature"; Value = "-55...+150°C"; VariantName = "[No Variations]"
Add component (AddParameter): Name = "TypeDiode"; Value = "Single diode"; VariantName = "[No Variations]"
Add component (AddParameter): Name = "ValueManufacturerPartNumber"; Value = "Single diode, 75V, 150mA, 1V, 4ns, SOD-80, -55...+150°C"; VariantName = "[No Variations]"
Add component (AddParameter): Name = "Voltage"; Value = "75V"; VariantName = "[No Variations]"
Add component (AddParameter): Name = "VoltageDrop"; Value = "1V"; VariantName = "[No Variations]"
Added Component: Designator=VD2(LED: 3mmG)
Add component (AddParameter): Name = "Color"; Value = "GREEN"; VariantName = "[No Variations]"
Add component (AddParameter): Name = "ColorParameter"; Value = "Green"; VariantName = "[No Variations]"
Add component (AddParameter): Name = "Current"; Value = ""; VariantName = "[No Variations]"
Add component (AddParameter): Name = "HelpURL"; Value = ""; VariantName = "[No Variations]"
Add component (AddParameter): Name = "Manufacturer"; Value = ""; VariantName = "[No Variations]"
Add component (AddParameter): Name = "Package"; Value = ""; VariantName = "[No Variations]"
Add component (AddParameter): Name = "PartNumber"; Value = ""; VariantName = "[No Variations]"
Add component (AddParameter): Name = "Temperature"; Value = "-55...+150°C"; VariantName = "[No Variations]"
Add component (AddParameter): Name = "TypeDiode"; Value = "LED"; VariantName = "[No Variations]"
Add component (AddParameter): Name = "ValueManufacturerPartNumber"; Value = "LED, Green, *, *, *, -55...+150°C"; VariantName = "[No Variations]"
Add component (AddParameter): Name = "VoltageDrop"; Value = ""; VariantName = "[No Variations]"
Added Component: Designator=VD3(LED: 3mmG)
Add component (AddParameter): Name = "Color"; Value = "GREEN"; VariantName = "[No Variations]"
Add component (AddParameter): Name = "ColorParameter"; Value = "Green"; VariantName = "[No Variations]"
Add component (AddParameter): Name = "Current"; Value = ""; VariantName = "[No Variations]"
Add component (AddParameter): Name = "HelpURL"; Value = ""; VariantName = "[No Variations]"
Add component (AddParameter): Name = "Manufacturer"; Value = ""; VariantName = "[No Variations]"
Add component (AddParameter): Name = "Package"; Value = ""; VariantName = "[No Variations]"
Add component (AddParameter): Name = "PartNumber"; Value = ""; VariantName = "[No Variations]"
Add component (AddParameter): Name = "Temperature"; Value = "-55...+150°C"; VariantName = "[No Variations]"
Add component (AddParameter): Name = "TypeDiode"; Value = "LED"; VariantName = "[No Variations]"
Add component (AddParameter): Name = "ValueManufacturerPartNumber"; Value = "LED, Green, *, *, *, -55...+150°C"; VariantName = "[No Variations]"
Add component (AddParameter): Name = "VoltageDrop"; Value = ""; VariantName = "[No Variations]"
Added Component: Designator=VD4(LED: 3mmG)
Add component (AddParameter): Name = "Color"; Value = "GREEN"; VariantName = "[No Variations]"
Add component (AddParameter): Name = "ColorParameter"; Value = "Green"; VariantName = "[No Variations]"
Add component (AddParameter): Name = "Current"; Value = ""; VariantName = "[No Variations]"
Add component (AddParameter): Name = "HelpURL"; Value = ""; VariantName = "[No Variations]"
Add component (AddParameter): Name = "Manufacturer"; Value = ""; VariantName = "[No Variations]"
Add component (AddParameter): Name = "Package"; Value = ""; VariantName = "[No Variations]"
Add component (AddParameter): Name = "PartNumber"; Value = ""; VariantName = "[No Variations]"
Add component (AddParameter): Name = "Temperature"; Value = "-55...+150°C"; VariantName = "[No Variations]"
Add component (AddParameter): Name = "TypeDiode"; Value = "LED"; VariantName = "[No Variations]"
Add component (AddParameter): Name = "ValueManufacturerPartNumber"; Value = "LED, Green, *, *, *, -55...+150°C"; VariantName = "[No Variations]"
Add component (AddParameter): Name = "VoltageDrop"; Value = ""; VariantName = "[No Variations]"
Added Component: Designator=VD5(LED: 3mmG)
Add component (AddParameter): Name = "Color"; Value = "GREEN"; VariantName = "[No Variations]"
Add component (AddParameter): Name = "ColorParameter"; Value = "Green"; VariantName = "[No Variations]"
Add component (AddParameter): Name = "Current"; Value = ""; VariantName = "[No Variations]"
Add component (AddParameter): Name = "HelpURL"; Value = ""; VariantName = "[No Variations]"
Add component (AddParameter): Name = "Manufacturer"; Value = ""; VariantName = "[No Variations]"
Add component (AddParameter): Name = "Package"; Value = ""; VariantName = "[No Variations]"
Add component (AddParameter): Name = "PartNumber"; Value = ""; VariantName = "[No Variations]"
Add component (AddParameter): Name = "Temperature"; Value = "-55...+150°C"; VariantName = "[No Variations]"
Add component (AddParameter): Name = "TypeDiode"; Value = "LED"; VariantName = "[No Variations]"
Add component (AddParameter): Name = "ValueManufacturerPartNumber"; Value = "LED, Green, *, *, *, -55...+150°C"; VariantName = "[No Variations]"
Add component (AddParameter): Name = "VoltageDrop"; Value = ""; VariantName = "[No Variations]"
Added Component: Designator=VD6(LED: 3mmG)
Add component (AddParameter): Name = "Color"; Value = "GREEN"; VariantName = "[No Variations]"
Add component (AddParameter): Name = "ColorParameter"; Value = "Green"; VariantName = "[No Variations]"
Add component (AddParameter): Name = "Current"; Value = ""; VariantName = "[No Variations]"
Add component (AddParameter): Name = "HelpURL"; Value = ""; VariantName = "[No Variations]"
Add component (AddParameter): Name = "Manufacturer"; Value = ""; VariantName = "[No Variations]"
Add component (AddParameter): Name = "Package"; Value = ""; VariantName = "[No Variations]"
Add component (AddParameter): Name = "PartNumber"; Value = ""; VariantName = "[No Variations]"
Add component (AddParameter): Name = "Temperature"; Value = "-55...+150°C"; VariantName = "[No Variations]"
Add component (AddParameter): Name = "TypeDiode"; Value = "LED"; VariantName = "[No Variations]"
Add component (AddParameter): Name = "ValueManufacturerPartNumber"; Value = "LED, Green, *, *, *, -55...+150°C"; VariantName = "[No Variations]"
Add component (AddParameter): Name = "VoltageDrop"; Value = ""; VariantName = "[No Variations]"
Added Component: Designator=VD7(LED: 3mmB)
Add component (AddParameter): Name = "Color"; Value = "GREEN"; VariantName = "[No Variations]"
Add component (AddParameter): Name = "ColorParameter"; Value = "Green"; VariantName = "[No Variations]"
Add component (AddParameter): Name = "Current"; Value = ""; VariantName = "[No Variations]"
Add component (AddParameter): Name = "HelpURL"; Value = ""; VariantName = "[No Variations]"
Add component (AddParameter): Name = "Manufacturer"; Value = ""; VariantName = "[No Variations]"
Add component (AddParameter): Name = "Package"; Value = ""; VariantName = "[No Variations]"
Add component (AddParameter): Name = "PartNumber"; Value = ""; VariantName = "[No Variations]"
Add component (AddParameter): Name = "Temperature"; Value = "-55...+150°C"; VariantName = "[No Variations]"
Add component (AddParameter): Name = "TypeDiode"; Value = "LED"; VariantName = "[No Variations]"
Add component (AddParameter): Name = "ValueManufacturerPartNumber"; Value = "LED, Green, *, *, *, -55...+150°C"; VariantName = "[No Variations]"
Add component (AddParameter): Name = "VoltageDrop"; Value = ""; VariantName = "[No Variations]"
Added Component: Designator=VD8(LED: 3mmG)
Add component (AddParameter): Name = "Color"; Value = "GREEN"; VariantName = "[No Variations]"
Add component (AddParameter): Name = "ColorParameter"; Value = "Green"; VariantName = "[No Variations]"
Add component (AddParameter): Name = "Current"; Value = ""; VariantName = "[No Variations]"
Add component (AddParameter): Name = "HelpURL"; Value = ""; VariantName = "[No Variations]"
Add component (AddParameter): Name = "Manufacturer"; Value = ""; VariantName = "[No Variations]"
Add component (AddParameter): Name = "Package"; Value = ""; VariantName = "[No Variations]"
Add component (AddParameter): Name = "PartNumber"; Value = ""; VariantName = "[No Variations]"
Add component (AddParameter): Name = "Temperature"; Value = "-55...+150°C"; VariantName = "[No Variations]"
Add component (AddParameter): Name = "TypeDiode"; Value = "LED"; VariantName = "[No Variations]"
Add component (AddParameter): Name = "ValueManufacturerPartNumber"; Value = "LED, Green, *, *, *, -55...+150°C"; VariantName = "[No Variations]"
Add component (AddParameter): Name = "VoltageDrop"; Value = ""; VariantName = "[No Variations]"
Added Component: Designator=VD9(LED: 3mmG)
Add component (AddParameter): Name = "Color"; Value = "GREEN"; VariantName = "[No Variations]"
Add component (AddParameter): Name = "ColorParameter"; Value = "Green"; VariantName = "[No Variations]"
Add component (AddParameter): Name = "Current"; Value = ""; VariantName = "[No Variations]"
Add component (AddParameter): Name = "HelpURL"; Value = ""; VariantName = "[No Variations]"
Add component (AddParameter): Name = "Manufacturer"; Value = ""; VariantName = "[No Variations]"
Add component (AddParameter): Name = "Package"; Value = ""; VariantName = "[No Variations]"
Add component (AddParameter): Name = "PartNumber"; Value = ""; VariantName = "[No Variations]"
Add component (AddParameter): Name = "Temperature"; Value = "-55...+150°C"; VariantName = "[No Variations]"
Add component (AddParameter): Name = "TypeDiode"; Value = "LED"; VariantName = "[No Variations]"
Add component (AddParameter): Name = "ValueManufacturerPartNumber"; Value = "LED, Green, *, *, *, -55...+150°C"; VariantName = "[No Variations]"
Add component (AddParameter): Name = "VoltageDrop"; Value = ""; VariantName = "[No Variations]"
Added Component: Designator=VD10(LED: 3mmG)
Add component (AddParameter): Name = "Color"; Value = "GREEN"; VariantName = "[No Variations]"
Add component (AddParameter): Name = "ColorParameter"; Value = "Green"; VariantName = "[No Variations]"
Add component (AddParameter): Name = "Current"; Value = ""; VariantName = "[No Variations]"
Add component (AddParameter): Name = "HelpURL"; Value = ""; VariantName = "[No Variations]"
Add component (AddParameter): Name = "Manufacturer"; Value = ""; VariantName = "[No Variations]"
Add component (AddParameter): Name = "Package"; Value = ""; VariantName = "[No Variations]"
Add component (AddParameter): Name = "PartNumber"; Value = ""; VariantName = "[No Variations]"
Add component (AddParameter): Name = "Temperature"; Value = "-55...+150°C"; VariantName = "[No Variations]"
Add component (AddParameter): Name = "TypeDiode"; Value = "LED"; VariantName = "[No Variations]"
Add component (AddParameter): Name = "ValueManufacturerPartNumber"; Value = "LED, Green, *, *, *, -55...+150°C"; VariantName = "[No Variations]"
Add component (AddParameter): Name = "VoltageDrop"; Value = ""; VariantName = "[No Variations]"
Added Component: Designator=VD11(LED: 3mmG)
Add component (AddParameter): Name = "Color"; Value = "GREEN"; VariantName = "[No Variations]"
Add component (AddParameter): Name = "ColorParameter"; Value = "Green"; VariantName = "[No Variations]"
Add component (AddParameter): Name = "Current"; Value = ""; VariantName = "[No Variations]"
Add component (AddParameter): Name = "HelpURL"; Value = ""; VariantName = "[No Variations]"
Add component (AddParameter): Name = "Manufacturer"; Value = ""; VariantName = "[No Variations]"
Add component (AddParameter): Name = "Package"; Value = ""; VariantName = "[No Variations]"
Add component (AddParameter): Name = "PartNumber"; Value = ""; VariantName = "[No Variations]"
Add component (AddParameter): Name = "Temperature"; Value = "-55...+150°C"; VariantName = "[No Variations]"
Add component (AddParameter): Name = "TypeDiode"; Value = "LED"; VariantName = "[No Variations]"
Add component (AddParameter): Name = "ValueManufacturerPartNumber"; Value = "LED, Green, *, *, *, -55...+150°C"; VariantName = "[No Variations]"
Add component (AddParameter): Name = "VoltageDrop"; Value = ""; VariantName = "[No Variations]"
Added Component: Designator=X1(CON: IDC-6MS - ISP)
Add component (AddParameter): Name = "CommentText"; Value = ""Program""; VariantName = "[No Variations]"
Add component (AddParameter): Name = "CurrentMax"; Value = "3A"; VariantName = "[No Variations]"
Add component (AddParameter): Name = "HelpURL"; Value = "https://ru.aliexpress.com/item/1719644716.html?spm=a2g0v.search0104.3.23.4d9c1bc6xlIt6Q&ws_ab_test=searchweb0_0%2Csearchweb201602_10_10065_10068_319_317_10696_453_10084_454_10083_10618_10307_10301_537_536_10059_10884_10887_321_322_10915_10103_10914_10911_10910%2Csearchweb201603_52%2CppcSwitch_0&algo_expid=18a75006-9775-490c-9b34-8e5eba9edd8d-3&algo_pvid=18a75006-9775-490c-9b34-8e5eba9edd8d&transAbTest=ae803_5"; VariantName = "[No Variations]"
Add component (AddParameter): Name = "Manufacturer"; Value = "Connfly"; VariantName = "[No Variations]"
Add component (AddParameter): Name = "Multichannel"; Value = "6pin"; VariantName = "[No Variations]"
Add component (AddParameter): Name = "PartNumber"; Value = "IDC-6"; VariantName = "[No Variations]"
Add component (AddParameter): Name = "Pitch"; Value = "2.54mm"; VariantName = "[No Variations]"
Add component (AddParameter): Name = "TypeConnector"; Value = "Разьем IDC-6"; VariantName = "[No Variations]"
Add component (AddParameter): Name = "ValueManufacturerPartNumber"; Value = "Разьем IDC-6, 6pin, 2.54mm, 250VAC, 3A"; VariantName = "[No Variations]"
Add component (AddParameter): Name = "VoltageMax"; Value = "250VAC"; VariantName = "[No Variations]"
Added Component: Designator=X2(CON: PLS-8)
Add component (AddParameter): Name = "CommentText"; Value = ""Разъем""; VariantName = "[No Variations]"
Add component (AddParameter): Name = "CurrentMax"; Value = "3A"; VariantName = "[No Variations]"
Add component (AddParameter): Name = "HelpURL"; Value = "https://www.chipdip.ru/product/pls-8-ds1021-1-8sf112"; VariantName = "[No Variations]"
Add component (AddParameter): Name = "Manufacturer"; Value = "Connfly"; VariantName = "[No Variations]"
Add component (AddParameter): Name = "Multichannel"; Value = "8pin"; VariantName = "[No Variations]"
Add component (AddParameter): Name = "PartNumber"; Value = "PLS-8"; VariantName = "[No Variations]"
Add component (AddParameter): Name = "Pitch"; Value = "2.54mm"; VariantName = "[No Variations]"
Add component (AddParameter): Name = "TypeConnector"; Value = "Connector"; VariantName = "[No Variations]"
Add component (AddParameter): Name = "ValueManufacturerPartNumber"; Value = "Connector, 8pin, 2.54mm, 500VAC, 3A"; VariantName = "[No Variations]"
Add component (AddParameter): Name = "VoltageMax"; Value = "500VAC"; VariantName = "[No Variations]"
Added Component: Designator=X3(CON: PLS-10)
Add component (AddParameter): Name = "CommentText"; Value = ""MainBoard_INPUT""; VariantName = "[No Variations]"
Add component (AddParameter): Name = "CurrentMax"; Value = "3A"; VariantName = "[No Variations]"
Add component (AddParameter): Name = "HelpURL"; Value = "https://www.chipdip.ru/product/pls-10"; VariantName = "[No Variations]"
Add component (AddParameter): Name = "Manufacturer"; Value = "Connfly"; VariantName = "[No Variations]"
Add component (AddParameter): Name = "Multichannel"; Value = "10pin"; VariantName = "[No Variations]"
Add component (AddParameter): Name = "PartNumber"; Value = "PLS-10"; VariantName = "[No Variations]"
Add component (AddParameter): Name = "Pitch"; Value = "2.54mm"; VariantName = "[No Variations]"
Add component (AddParameter): Name = "TypeConnector"; Value = "Connector"; VariantName = "[No Variations]"
Add component (AddParameter): Name = "ValueManufacturerPartNumber"; Value = "Connector, 10pin, 2.54mm, 500VAC, 3A"; VariantName = "[No Variations]"
Add component (AddParameter): Name = "VoltageMax"; Value = "500VAC"; VariantName = "[No Variations]"
Added Component: Designator=Z1(OSC: 5032_ABM3)
Add component (AddParameter): Name = "Frequency"; Value = "16MHz"; VariantName = "[No Variations]"
Add component (AddParameter): Name = "HelpURL"; Value = "https://www.digikey.com/product-detail/en/epson/FC-135-32.7680KA-A5/SER4103CT-ND/6188447"; VariantName = "[No Variations]"
Add component (AddParameter): Name = "LoadCapacitance"; Value = "18pF"; VariantName = "[No Variations]"
Add component (AddParameter): Name = "Manufacturer"; Value = "ABRACON LLC"; VariantName = "[No Variations]"
Add component (AddParameter): Name = "Package"; Value = "ABM3"; VariantName = "[No Variations]"
Add component (AddParameter): Name = "PartNumber"; Value = "ABM3-16.000MHZ-D2Y-T"; VariantName = "[No Variations]"
Add component (AddParameter): Name = "Temperature"; Value = "-40...+85°C"; VariantName = "[No Variations]"
Add component (AddParameter): Name = "Tolerance"; Value = "±20ppm"; VariantName = "[No Variations]"
Add component (AddParameter): Name = "TypeOscilator"; Value = "Crystal"; VariantName = "[No Variations]"
Add component (AddParameter): Name = "ValueManufacturerPartNumber"; Value = "Crystal, 16MHz, 18pF, ±20ppm, ABM3, -40...+85°C"; VariantName = "[No Variations]"
Added Pin To Net: NetName=+5V Pin=C5-1
Added Pin To Net: NetName=+5V Pin=C6-2
Added Pin To Net: NetName=+5V Pin=C7-2
Added Pin To Net: NetName=+5V Pin=C8-2
Added Pin To Net: NetName=+5V Pin=C9-2
Added Pin To Net: NetName=+5V Pin=C10-2
Added Pin To Net: NetName=+5V Pin=D1-4
Added Pin To Net: NetName=+5V Pin=D1-6
Added Pin To Net: NetName=+5V Pin=D1-18
Added Pin To Net: NetName=+5V Pin=R1-1
Added Pin To Net: NetName=+5V Pin=VD1-2
Added Pin To Net: NetName=+5V Pin=VD2-1
Added Pin To Net: NetName=+5V Pin=VD3-1
Added Pin To Net: NetName=+5V Pin=VD5-1
Added Pin To Net: NetName=+5V Pin=VD7-1
Added Pin To Net: NetName=+5V Pin=VD8-1
Added Pin To Net: NetName=+5V Pin=VD10-1
Added Pin To Net: NetName=+5V Pin=VD11-1
Added Pin To Net: NetName=+5V Pin=X1-2
Added Pin To Net: NetName=+5V Pin=X2-1
Added Pin To Net: NetName=+5V Pin=X3-1
Added Net: Name=+5V
Added Pin To Net: NetName=AIN_ADC6 Pin=D1-19
Added Pin To Net: NetName=AIN_ADC6 Pin=J1-2
Added Net: Name=AIN_ADC6
Added Pin To Net: NetName=AIN_ADC7 Pin=D1-22
Added Pin To Net: NetName=AIN_ADC7 Pin=J2-2
Added Net: Name=AIN_ADC7
Added Pin To Net: NetName=DIR1 Pin=D1-30
Added Pin To Net: NetName=DIR1 Pin=X2-2
Added Net: Name=DIR1
Added Pin To Net: NetName=DIR2 Pin=D1-32
Added Pin To Net: NetName=DIR2 Pin=X2-4
Added Net: Name=DIR2
Added Pin To Net: NetName=DIR3 Pin=D1-2
Added Pin To Net: NetName=DIR3 Pin=X2-6
Added Net: Name=DIR3
Added Pin To Net: NetName=GND Pin=C1-2
Added Pin To Net: NetName=GND Pin=C2-2
Added Pin To Net: NetName=GND Pin=C3-2
Added Pin To Net: NetName=GND Pin=C4-2
Added Pin To Net: NetName=GND Pin=C5-2
Added Pin To Net: NetName=GND Pin=C6-1
Added Pin To Net: NetName=GND Pin=C7-1
Added Pin To Net: NetName=GND Pin=C8-1
Added Pin To Net: NetName=GND Pin=C9-1
Added Pin To Net: NetName=GND Pin=C10-1
Added Pin To Net: NetName=GND Pin=D1-3
Added Pin To Net: NetName=GND Pin=D1-5
Added Pin To Net: NetName=GND Pin=D1-21
Added Pin To Net: NetName=GND Pin=R11-1
Added Pin To Net: NetName=GND Pin=SB1-2
Added Pin To Net: NetName=GND Pin=SB1-2
Added Pin To Net: NetName=GND Pin=VD4-2
Added Pin To Net: NetName=GND Pin=VD6-2
Added Pin To Net: NetName=GND Pin=VD9-2
Added Pin To Net: NetName=GND Pin=X1-6
Added Pin To Net: NetName=GND Pin=X2-8
Added Pin To Net: NetName=GND Pin=X3-9
Added Pin To Net: NetName=GND Pin=X3-10
Added Net: Name=GND
Added Pin To Net: NetName=IN1 Pin=D1-23
Added Pin To Net: NetName=IN1 Pin=R4-1
Added Pin To Net: NetName=IN1 Pin=X3-2
Added Net: Name=IN1
Added Pin To Net: NetName=IN2 Pin=D1-24
Added Pin To Net: NetName=IN2 Pin=R5-1
Added Pin To Net: NetName=IN2 Pin=X3-3
Added Net: Name=IN2
Added Pin To Net: NetName=IN3 Pin=D1-25
Added Pin To Net: NetName=IN3 Pin=R7-1
Added Pin To Net: NetName=IN3 Pin=X3-4
Added Net: Name=IN3
Added Pin To Net: NetName=IN4 Pin=D1-26
Added Pin To Net: NetName=IN4 Pin=R9-1
Added Pin To Net: NetName=IN4 Pin=X3-5
Added Net: Name=IN4
Added Pin To Net: NetName=IN5 Pin=D1-27
Added Pin To Net: NetName=IN5 Pin=R12-1
Added Pin To Net: NetName=IN5 Pin=X3-6
Added Net: Name=IN5
Added Pin To Net: NetName=IN6 Pin=D1-28
Added Pin To Net: NetName=IN6 Pin=R13-1
Added Pin To Net: NetName=IN6 Pin=X3-7
Added Net: Name=IN6
Added Pin To Net: NetName=MISO Pin=D1-16
Added Pin To Net: NetName=MISO Pin=X1-1
Added Net: Name=MISO
Added Pin To Net: NetName=MOSI Pin=D1-15
Added Pin To Net: NetName=MOSI Pin=X1-4
Added Net: Name=MOSI
Added Pin To Net: NetName=NetBF1_2 Pin=R2-1
Added Pin To Net: NetName=NetBF1_2 Pin=VD1-1
Added Net: Name=NetBF1_2
Added Pin To Net: NetName=NetC4_1 Pin=C4-1
Added Pin To Net: NetName=NetC4_1 Pin=D1-20
Added Net: Name=NetC4_1
Added Pin To Net: NetName=NetJ1_1 Pin=J1-1
Added Pin To Net: NetName=NetJ1_1 Pin=J2-1
Added Pin To Net: NetName=NetJ1_1 Pin=X3-8
Added Net: Name=NetJ1_1
Added Pin To Net: NetName=NetR2_2 Pin=R2-2
Added Net: Name=NetR2_2
Added Pin To Net: NetName=NetR3_1 Pin=R3-1
Added Net: Name=NetR3_1
Added Pin To Net: NetName=NetR4_2 Pin=R4-2
Added Pin To Net: NetName=NetR4_2 Pin=VD2-2
Added Net: Name=NetR4_2
Added Pin To Net: NetName=NetR5_2 Pin=R5-2
Added Pin To Net: NetName=NetR5_2 Pin=VD3-2
Added Net: Name=NetR5_2
Added Pin To Net: NetName=NetR6_2 Pin=R6-2
Added Pin To Net: NetName=NetR6_2 Pin=VD4-1
Added Net: Name=NetR6_2
Added Pin To Net: NetName=NetR7_2 Pin=R7-2
Added Pin To Net: NetName=NetR7_2 Pin=VD5-2
Added Net: Name=NetR7_2
Added Pin To Net: NetName=NetR8_2 Pin=R8-2
Added Pin To Net: NetName=NetR8_2 Pin=VD6-1
Added Net: Name=NetR8_2
Added Pin To Net: NetName=NetR9_2 Pin=R9-2
Added Pin To Net: NetName=NetR9_2 Pin=VD8-2
Added Net: Name=NetR9_2
Added Pin To Net: NetName=NetR10_2 Pin=R10-2
Added Pin To Net: NetName=NetR10_2 Pin=VD9-1
Added Net: Name=NetR10_2
Added Pin To Net: NetName=NetR11_2 Pin=R11-2
Added Pin To Net: NetName=NetR11_2 Pin=VD7-2
Added Net: Name=NetR11_2
Added Pin To Net: NetName=NetR12_2 Pin=R12-2
Added Pin To Net: NetName=NetR12_2 Pin=VD10-2
Added Net: Name=NetR12_2
Added Pin To Net: NetName=NetR13_2 Pin=R13-2
Added Pin To Net: NetName=NetR13_2 Pin=VD11-2
Added Net: Name=NetR13_2
Added Pin To Net: NetName=RESET Pin=C2-1
Added Pin To Net: NetName=RESET Pin=D1-29
Added Pin To Net: NetName=RESET Pin=R1-2
Added Pin To Net: NetName=RESET Pin=SB1-1
Added Pin To Net: NetName=RESET Pin=SB1-1
Added Pin To Net: NetName=RESET Pin=X1-5
Added Net: Name=RESET
Added Pin To Net: NetName=SCK Pin=D1-17
Added Pin To Net: NetName=SCK Pin=X1-3
Added Net: Name=SCK
Added Pin To Net: NetName=SOUND Pin=D1-10
Added Pin To Net: NetName=SOUND Pin=R3-2
Added Net: Name=SOUND
Added Pin To Net: NetName=STEP1_LED Pin=D1-12
Added Pin To Net: NetName=STEP1_LED Pin=R6-1
Added Net: Name=STEP1_LED
Added Pin To Net: NetName=STEP1 Pin=D1-31
Added Pin To Net: NetName=STEP1 Pin=X2-3
Added Net: Name=STEP1
Added Pin To Net: NetName=STEP2_LED Pin=D1-13
Added Pin To Net: NetName=STEP2_LED Pin=R8-1
Added Net: Name=STEP2_LED
Added Pin To Net: NetName=STEP2 Pin=D1-1
Added Pin To Net: NetName=STEP2 Pin=X2-5
Added Net: Name=STEP2
Added Pin To Net: NetName=STEP3_LED Pin=D1-14
Added Pin To Net: NetName=STEP3_LED Pin=R10-1
Added Net: Name=STEP3_LED
Added Pin To Net: NetName=STEP3 Pin=D1-9
Added Pin To Net: NetName=STEP3 Pin=X2-7
Added Net: Name=STEP3
Added Pin To Net: NetName=XTAL1 Pin=C1-1
Added Pin To Net: NetName=XTAL1 Pin=D1-7
Added Pin To Net: NetName=XTAL1 Pin=Z1-2
Added Net: Name=XTAL1
Added Pin To Net: NetName=XTAL2 Pin=C3-1
Added Pin To Net: NetName=XTAL2 Pin=D1-8
Added Pin To Net: NetName=XTAL2 Pin=Z1-1
Added Net: Name=XTAL2
Added Class: Name=Sheet_1
Added Room: Name=Sheet_1
