Change Component Designator: OldDesignator=C5 NewDesignator=C6
Change Component Designator: OldDesignator=C6 NewDesignator=C7
Change Component Designator: OldDesignator=C7 NewDesignator=C8
Change Component Designator: OldDesignator=C8 NewDesignator=C9
Change Component Designator: OldDesignator=C9 NewDesignator=C10
Change Component Designator: OldDesignator=C10 NewDesignator=C11
Change Component Designator: OldDesignator=R9 NewDesignator=R10
Change Component Designator: OldDesignator=R10 NewDesignator=R11
Change Component Designator: OldDesignator=R11 NewDesignator=R9
Change Component Designator: OldDesignator=VD7 NewDesignator=VD9
Change Component Designator: OldDesignator=VD8 NewDesignator=VD7
Change Component Designator: OldDesignator=VD9 NewDesignator=VD8
Change component parameters: Designator = "C5" ("C5"); Footprint = "CAP: TANTAL-B"; UniqueID = "\TNXRCDLM" ("\TNXRCDLM")
Change component parameters (AddParameter): Name = "Значение"; Value = "22uF"; VariantName = "[No Variations]"
Change component parameters (AddParameter): Name = "Напряжение"; Value = "10V"; VariantName = "[No Variations]"
Change component parameters (AddParameter): Name = "Производитель"; Value = "AVX"; VariantName = "[No Variations]"
Change component parameters (AddParameter): Name = "Ссылка"; Value = "***"; VariantName = "[No Variations]"
Change component parameters (AddParameter): Name = "ТипКомпонента"; Value = "Tantalum capacitor"; VariantName = "[No Variations]"
Change component parameters (AddParameter): Name = "Типоразмер"; Value = "Тип А (3216)"; VariantName = "[No Variations]"
Change component parameters (AddParameter): Name = "Точность"; Value = "±10%"; VariantName = "[No Variations]"
Change component parameters (AddParameter): Name = "УникальныйНомер"; Value = "F930J107KAAAJ6"; VariantName = "[No Variations]"
Added Component: Designator=C5(CAP: TANTAL-B)
Add component (AddParameter): Name = "Значение"; Value = "22uF"; VariantName = "[No Variations]"
Add component (AddParameter): Name = "Напряжение"; Value = "10V"; VariantName = "[No Variations]"
Add component (AddParameter): Name = "Производитель"; Value = "AVX"; VariantName = "[No Variations]"
Add component (AddParameter): Name = "Ссылка"; Value = "***"; VariantName = "[No Variations]"
Add component (AddParameter): Name = "ТипКомпонента"; Value = "Tantalum capacitor"; VariantName = "[No Variations]"
Add component (AddParameter): Name = "Типоразмер"; Value = "Тип А (3216)"; VariantName = "[No Variations]"
Add component (AddParameter): Name = "Точность"; Value = "±10%"; VariantName = "[No Variations]"
Add component (AddParameter): Name = "УникальныйНомер"; Value = "F930J107KAAAJ6"; VariantName = "[No Variations]"
Added Pin To Net: NetName=+5V Pin=C5-1
Added Pin To Net: NetName=GND Pin=C5-2
Change Net Name : Old Net Name=NetR9_2 New Net Name=NetR10_2
Change Net Name : Old Net Name=NetR10_2 New Net Name=NetR11_2
Change Net Name : Old Net Name=NetR11_1 New Net Name=NetR9_1
Added Member To Class: ClassName=Sheet_1 Member=Component C11 Керамический SMD
